#
# There is insufficient memory for the Java Runtime Environment to continue.
# Native memory allocation (mmap) failed to map 96468992 bytes for G1 virtual space
# Possible reasons:
#   The system is out of physical RAM or swap space
#   The process is running with CompressedOops enabled, and the Java Heap may be blocking the growth of the native heap
# Possible solutions:
#   Reduce memory load on the system
#   Increase physical memory or swap space
#   Check if swap backing store is full
#   Decrease Java heap size (-Xmx/-Xms)
#   Decrease number of Java threads
#   Decrease Java thread stack sizes (-Xss)
#   Set larger code cache with -XX:ReservedCodeCacheSize=
#   JVM is running with Zero Based Compressed Oops mode in which the Java heap is
#     placed in the first 32GB address space. The Java Heap base address is the
#     maximum limit for the native heap growth. Please use -XX:HeapBaseMinAddress
#     to set the Java Heap base and to place the Java Heap above 32GB virtual address.
# This output file may be truncated or incomplete.
#
#  Out of Memory Error (os_windows.cpp:3469), pid=32828, tid=17604
#
# JRE version: OpenJDK Runtime Environment (17.0.1+12) (build 17.0.1+12-39)
# Java VM: OpenJDK 64-Bit Server VM (17.0.1+12-39, mixed mode, sharing, tiered, compressed oops, compressed class ptrs, g1 gc, windows-amd64)
# No core dump will be written. Minidumps are not enabled by default on client versions of Windows
#

---------------  S U M M A R Y ------------

Command Line: org.jetbrains.kotlin.cli.jvm.K2JVMCompiler @E:\Programming\Kotlin\AndroidStudioProjects\KariraApp\app\build\20230612_12761091074591118977.compiler.options

Host: 11th Gen Intel(R) Core(TM) i7-1165G7 @ 2.80GHz, 8 cores, 15G,  Windows 10 , 64 bit Build 19041 (10.0.19041.2913)
Time: Mon Jun 12 18:28:53 2023 SE Asia Standard Time elapsed time: 50.219401 seconds (0d 0h 0m 50s)

---------------  T H R E A D  ---------------

Current thread (0x000002e2ff3676c0):  VMThread "VM Thread" [stack: 0x000000f03a700000,0x000000f03a800000] [id=17604]

Stack: [0x000000f03a700000,0x000000f03a800000]
Native frames: (J=compiled Java code, j=interpreted, Vv=VM code, C=native code)
V  [jvm.dll+0x66fa1a]
V  [jvm.dll+0x7ce5a4]
V  [jvm.dll+0x7cfd4e]
V  [jvm.dll+0x7d03b3]
V  [jvm.dll+0x242b05]
V  [jvm.dll+0x66ca39]
V  [jvm.dll+0x661502]
V  [jvm.dll+0x30081b]
V  [jvm.dll+0x307da6]
V  [jvm.dll+0x357a1e]
V  [jvm.dll+0x357c4f]
V  [jvm.dll+0x2d7ad8]
V  [jvm.dll+0x2d5da4]
V  [jvm.dll+0x2d53ac]
V  [jvm.dll+0x318d0b]
V  [jvm.dll+0x7d484b]
V  [jvm.dll+0x7d5584]
V  [jvm.dll+0x7d5a9c]
V  [jvm.dll+0x7d5e74]
V  [jvm.dll+0x7d5f40]
V  [jvm.dll+0x77e91a]
V  [jvm.dll+0x66e845]
C  [ucrtbase.dll+0x21bb2]
C  [KERNEL32.DLL+0x17614]
C  [ntdll.dll+0x526a1]

VM_Operation (0x000000f03a1fc880): G1CollectForAllocation, mode: safepoint, requested by thread 0x000002e2eb803570


---------------  P R O C E S S  ---------------

Threads class SMR info:
_java_thread_list=0x000002e299772ac0, length=14, elements={
0x000002e2eb803570, 0x000002e2ff370170, 0x000002e2ff370d20, 0x000002e2ff385540,
0x000002e2ff386000, 0x000002e2ff38aee0, 0x000002e2ff38b890, 0x000002e2ff38c620,
0x000002e2ff38d0c0, 0x000002e2ff38dab0, 0x000002e291110cf0, 0x000002e291112fb0,
0x000002e294cf7b90, 0x000002e294cf8fd0
}

Java Threads: ( => current thread )
  0x000002e2eb803570 JavaThread "main" [_thread_blocked, id=16840, stack(0x000000f03a100000,0x000000f03a200000)]
  0x000002e2ff370170 JavaThread "Reference Handler" daemon [_thread_blocked, id=37204, stack(0x000000f03a800000,0x000000f03a900000)]
  0x000002e2ff370d20 JavaThread "Finalizer" daemon [_thread_blocked, id=34096, stack(0x000000f03a900000,0x000000f03aa00000)]
  0x000002e2ff385540 JavaThread "Signal Dispatcher" daemon [_thread_blocked, id=12280, stack(0x000000f03aa00000,0x000000f03ab00000)]
  0x000002e2ff386000 JavaThread "Attach Listener" daemon [_thread_blocked, id=11424, stack(0x000000f03ab00000,0x000000f03ac00000)]
  0x000002e2ff38aee0 JavaThread "Service Thread" daemon [_thread_blocked, id=19992, stack(0x000000f03ac00000,0x000000f03ad00000)]
  0x000002e2ff38b890 JavaThread "Monitor Deflation Thread" daemon [_thread_blocked, id=4456, stack(0x000000f03ad00000,0x000000f03ae00000)]
  0x000002e2ff38c620 JavaThread "C2 CompilerThread0" daemon [_thread_blocked, id=25448, stack(0x000000f03ae00000,0x000000f03af00000)]
  0x000002e2ff38d0c0 JavaThread "C1 CompilerThread0" daemon [_thread_blocked, id=32872, stack(0x000000f03af00000,0x000000f03b000000)]
  0x000002e2ff38dab0 JavaThread "Sweeper thread" daemon [_thread_blocked, id=29676, stack(0x000000f03b000000,0x000000f03b100000)]
  0x000002e291110cf0 JavaThread "Notification Thread" daemon [_thread_blocked, id=12916, stack(0x000000f03b100000,0x000000f03b200000)]
  0x000002e291112fb0 JavaThread "Common-Cleaner" daemon [_thread_blocked, id=6096, stack(0x000000f03b300000,0x000000f03b400000)]
  0x000002e294cf7b90 JavaThread "C2 CompilerThread1" daemon [_thread_in_native, id=32616, stack(0x000000f03ba00000,0x000000f03bb00000)]
  0x000002e294cf8fd0 JavaThread "C2 CompilerThread2" daemon [_thread_blocked, id=524, stack(0x000000f03c200000,0x000000f03c300000)]

Other Threads:
=>0x000002e2ff3676c0 VMThread "VM Thread" [stack: 0x000000f03a700000,0x000000f03a800000] [id=17604]
  0x000002e2eb86f4a0 WatcherThread [stack: 0x000000f03b200000,0x000000f03b300000] [id=24332]
  0x000002e2eb852e60 GCTaskThread "GC Thread#0" [stack: 0x000000f03a200000,0x000000f03a300000] [id=29156]
  0x000002e291581260 GCTaskThread "GC Thread#1" [stack: 0x000000f03b500000,0x000000f03b600000] [id=35036]
  0x000002e291581510 GCTaskThread "GC Thread#2" [stack: 0x000000f03b600000,0x000000f03b700000] [id=24708]
  0x000002e291547490 GCTaskThread "GC Thread#3" [stack: 0x000000f03b700000,0x000000f03b800000] [id=38012]
  0x000002e291547740 GCTaskThread "GC Thread#4" [stack: 0x000000f03b800000,0x000000f03b900000] [id=604]
  0x000002e2915479f0 GCTaskThread "GC Thread#5" [stack: 0x000000f03b900000,0x000000f03ba00000] [id=18004]
  0x000002e292438800 GCTaskThread "GC Thread#6" [stack: 0x000000f03bb00000,0x000000f03bc00000] [id=37020]
  0x000002e292a3c990 GCTaskThread "GC Thread#7" [stack: 0x000000f03bc00000,0x000000f03bd00000] [id=13640]
  0x000002e2eb866a60 ConcurrentGCThread "G1 Main Marker" [stack: 0x000000f03a300000,0x000000f03a400000] [id=33044]
  0x000002e2eb867c10 ConcurrentGCThread "G1 Conc#0" [stack: 0x000000f03a400000,0x000000f03a500000] [id=36684]
  0x000002e29299ffd0 ConcurrentGCThread "G1 Conc#1" [stack: 0x000000f03bd00000,0x000000f03be00000] [id=36868]
  0x000002e2eb8dd0e0 ConcurrentGCThread "G1 Refine#0" [stack: 0x000000f03a500000,0x000000f03a600000] [id=36656]
  0x000002e294785e30 ConcurrentGCThread "G1 Refine#1" [stack: 0x000000f03be00000,0x000000f03bf00000] [id=31360]
  0x000002e2955a19b0 ConcurrentGCThread "G1 Refine#2" [stack: 0x000000f03bf00000,0x000000f03c000000] [id=22272]
  0x000002e2955a1110 ConcurrentGCThread "G1 Refine#3" [stack: 0x000000f03c000000,0x000000f03c100000] [id=36928]
  0x000002e2eb8ddb00 ConcurrentGCThread "G1 Service" [stack: 0x000000f03a600000,0x000000f03a700000] [id=25256]

Threads with active compile tasks:
C2 CompilerThread0    50233 28892       4       org.jetbrains.kotlin.codegen.coroutines.UninitializedStoresProcessor::run (630 bytes)
C2 CompilerThread1    50233 28818       4       org.jetbrains.kotlin.backend.jvm.mapping.MethodSignatureMapper::mapFunctionName (339 bytes)
C2 CompilerThread2    50233 28897   !   4       org.jetbrains.kotlin.codegen.optimization.temporaryVals.FastStoreLoadAnalyzer::analyze (564 bytes)

VM state: at safepoint (normal execution)

VM Mutex/Monitor currently owned by a thread:  ([mutex/lock_event])
[0x000002e2eb7fdb00] Threads_lock - owner thread: 0x000002e2ff3676c0
[0x000002e2eb7febe0] Heap_lock - owner thread: 0x000002e2eb803570

Heap address: 0x0000000703600000, size: 4042 MB, Compressed Oops mode: Zero based, Oop shift amount: 3

CDS archive(s) mapped at: [0x0000000800000000-0x0000000800bc0000-0x0000000800bc0000), size 12320768, SharedBaseAddress: 0x0000000800000000, ArchiveRelocationMode: 0.
Compressed class space mapped at: 0x0000000800c00000-0x0000000840c00000, reserved size: 1073741824
Narrow klass base: 0x0000000800000000, Narrow klass shift: 0, Narrow klass range: 0x100000000

GC Precious Log:
 CPUs: 8 total, 8 available
 Memory: 16167M
 Large Page Support: Disabled
 NUMA Support: Disabled
 Compressed Oops: Enabled (Zero based)
 Heap Region Size: 2M
 Heap Min Capacity: 8M
 Heap Initial Capacity: 254M
 Heap Max Capacity: 4042M
 Pre-touch: Disabled
 Parallel Workers: 8
 Concurrent Workers: 2
 Concurrent Refinement Workers: 8
 Periodic GC: Disabled

Heap:
 garbage-first heap   total 462848K, used 298967K [0x0000000703600000, 0x0000000800000000)
  region size 2048K, 5 young (10240K), 5 survivors (10240K)
 Metaspace       used 91368K, committed 91776K, reserved 1138688K
  class space    used 9340K, committed 9536K, reserved 1048576K

Heap Regions: E=young(eden), S=young(survivor), O=old, HS=humongous(starts), HC=humongous(continues), CS=collection set, F=free, OA=open archive, CA=closed archive, TAMS=top-at-mark-start (previous, next)
|   0|0x0000000703600000, 0x0000000703800000, 0x0000000703800000|100%|HS|  |TAMS 0x0000000703800000, 0x0000000703600000| Complete 
|   1|0x0000000703800000, 0x0000000703a00000, 0x0000000703a00000|100%|HC|  |TAMS 0x0000000703a00000, 0x0000000703800000| Complete 
|   2|0x0000000703a00000, 0x0000000703c00000, 0x0000000703c00000|100%| O|  |TAMS 0x0000000703c00000, 0x0000000703a00000| Untracked 
|   3|0x0000000703c00000, 0x0000000703e00000, 0x0000000703e00000|100%| O|  |TAMS 0x0000000703e00000, 0x0000000703c00000| Untracked 
|   4|0x0000000703e00000, 0x0000000704000000, 0x0000000704000000|100%|HS|  |TAMS 0x0000000704000000, 0x0000000703e00000| Complete 
|   5|0x0000000704000000, 0x0000000704200000, 0x0000000704200000|100%|HC|  |TAMS 0x0000000704200000, 0x0000000704000000| Complete 
|   6|0x0000000704200000, 0x0000000704400000, 0x0000000704400000|100%|HS|  |TAMS 0x0000000704400000, 0x0000000704200000| Complete 
|   7|0x0000000704400000, 0x0000000704600000, 0x0000000704600000|100%| O|  |TAMS 0x0000000704600000, 0x0000000704400000| Untracked 
|   8|0x0000000704600000, 0x0000000704800000, 0x0000000704800000|100%| O|  |TAMS 0x0000000704800000, 0x0000000704600000| Untracked 
|   9|0x0000000704800000, 0x0000000704a00000, 0x0000000704a00000|100%| O|  |TAMS 0x0000000704a00000, 0x0000000704800000| Untracked 
|  10|0x0000000704a00000, 0x0000000704c00000, 0x0000000704c00000|100%| O|  |TAMS 0x0000000704c00000, 0x0000000704a00000| Untracked 
|  11|0x0000000704c00000, 0x0000000704e00000, 0x0000000704e00000|100%| O|  |TAMS 0x0000000704e00000, 0x0000000704c00000| Untracked 
|  12|0x0000000704e00000, 0x0000000705000000, 0x0000000705000000|100%| O|  |TAMS 0x0000000705000000, 0x0000000704e00000| Untracked 
|  13|0x0000000705000000, 0x0000000705200000, 0x0000000705200000|100%| O|  |TAMS 0x0000000705200000, 0x0000000705000000| Untracked 
|  14|0x0000000705200000, 0x0000000705400000, 0x0000000705400000|100%| O|  |TAMS 0x0000000705400000, 0x0000000705200000| Untracked 
|  15|0x0000000705400000, 0x0000000705600000, 0x0000000705600000|100%| O|  |TAMS 0x0000000705600000, 0x0000000705400000| Untracked 
|  16|0x0000000705600000, 0x0000000705800000, 0x0000000705800000|100%| O|  |TAMS 0x0000000705800000, 0x0000000705600000| Untracked 
|  17|0x0000000705800000, 0x0000000705a00000, 0x0000000705a00000|100%| O|  |TAMS 0x0000000705a00000, 0x0000000705800000| Untracked 
|  18|0x0000000705a00000, 0x0000000705c00000, 0x0000000705c00000|100%|HS|  |TAMS 0x0000000705c00000, 0x0000000705a00000| Complete 
|  19|0x0000000705c00000, 0x0000000705e00000, 0x0000000705e00000|100%| O|  |TAMS 0x0000000705e00000, 0x0000000705c00000| Untracked 
|  20|0x0000000705e00000, 0x0000000706000000, 0x0000000706000000|100%| O|  |TAMS 0x0000000706000000, 0x0000000705e00000| Untracked 
|  21|0x0000000706000000, 0x0000000706200000, 0x0000000706200000|100%| O|  |TAMS 0x0000000706200000, 0x0000000706000000| Untracked 
|  22|0x0000000706200000, 0x0000000706400000, 0x0000000706400000|100%| O|  |TAMS 0x0000000706400000, 0x0000000706200000| Untracked 
|  23|0x0000000706400000, 0x0000000706600000, 0x0000000706600000|100%| O|  |TAMS 0x0000000706600000, 0x0000000706400000| Untracked 
|  24|0x0000000706600000, 0x0000000706800000, 0x0000000706800000|100%| O|  |TAMS 0x0000000706800000, 0x0000000706600000| Untracked 
|  25|0x0000000706800000, 0x0000000706a00000, 0x0000000706a00000|100%| O|  |TAMS 0x0000000706a00000, 0x0000000706800000| Untracked 
|  26|0x0000000706a00000, 0x0000000706bf3c00, 0x0000000706c00000| 97%| O|  |TAMS 0x0000000706bf3c00, 0x0000000706a00000| Untracked 
|  27|0x0000000706c00000, 0x0000000706e00000, 0x0000000706e00000|100%| O|  |TAMS 0x0000000706e00000, 0x0000000706c00000| Untracked 
|  28|0x0000000706e00000, 0x0000000707000000, 0x0000000707000000|100%| O|  |TAMS 0x0000000707000000, 0x0000000706e00000| Untracked 
|  29|0x0000000707000000, 0x0000000707200000, 0x0000000707200000|100%| O|  |TAMS 0x0000000707200000, 0x0000000707000000| Untracked 
|  30|0x0000000707200000, 0x0000000707400000, 0x0000000707400000|100%| O|  |TAMS 0x0000000707400000, 0x0000000707200000| Untracked 
|  31|0x0000000707400000, 0x0000000707600000, 0x0000000707600000|100%| O|  |TAMS 0x0000000707600000, 0x0000000707400000| Untracked 
|  32|0x0000000707600000, 0x0000000707800000, 0x0000000707800000|100%| O|  |TAMS 0x0000000707800000, 0x0000000707600000| Untracked 
|  33|0x0000000707800000, 0x0000000707a00000, 0x0000000707a00000|100%| O|  |TAMS 0x0000000707a00000, 0x0000000707800000| Untracked 
|  34|0x0000000707a00000, 0x0000000707c00000, 0x0000000707c00000|100%| O|  |TAMS 0x0000000707c00000, 0x0000000707a00000| Untracked 
|  35|0x0000000707c00000, 0x0000000707e00000, 0x0000000707e00000|100%| O|  |TAMS 0x0000000707e00000, 0x0000000707c00000| Untracked 
|  36|0x0000000707e00000, 0x0000000708000000, 0x0000000708000000|100%| O|  |TAMS 0x0000000708000000, 0x0000000707e00000| Untracked 
|  37|0x0000000708000000, 0x0000000708200000, 0x0000000708200000|100%| O|  |TAMS 0x0000000708200000, 0x0000000708000000| Untracked 
|  38|0x0000000708200000, 0x0000000708400000, 0x0000000708400000|100%| O|  |TAMS 0x0000000708400000, 0x0000000708200000| Untracked 
|  39|0x0000000708400000, 0x0000000708600000, 0x0000000708600000|100%| O|  |TAMS 0x0000000708600000, 0x0000000708400000| Untracked 
|  40|0x0000000708600000, 0x0000000708800000, 0x0000000708800000|100%| O|  |TAMS 0x0000000708800000, 0x0000000708600000| Untracked 
|  41|0x0000000708800000, 0x0000000708a00000, 0x0000000708a00000|100%| O|  |TAMS 0x0000000708a00000, 0x0000000708800000| Untracked 
|  42|0x0000000708a00000, 0x0000000708c00000, 0x0000000708c00000|100%| O|  |TAMS 0x0000000708a00000, 0x0000000708a00000| Untracked 
|  43|0x0000000708c00000, 0x0000000708e00000, 0x0000000708e00000|100%| O|  |TAMS 0x0000000708e00000, 0x0000000708c00000| Untracked 
|  44|0x0000000708e00000, 0x0000000709000000, 0x0000000709000000|100%| O|  |TAMS 0x0000000709000000, 0x0000000708e00000| Untracked 
|  45|0x0000000709000000, 0x0000000709200000, 0x0000000709200000|100%| O|  |TAMS 0x0000000709200000, 0x0000000709000000| Untracked 
|  46|0x0000000709200000, 0x0000000709400000, 0x0000000709400000|100%| O|  |TAMS 0x0000000709400000, 0x0000000709200000| Untracked 
|  47|0x0000000709400000, 0x0000000709600000, 0x0000000709600000|100%| O|  |TAMS 0x0000000709400000, 0x0000000709400000| Untracked 
|  48|0x0000000709600000, 0x0000000709800000, 0x0000000709800000|100%| O|  |TAMS 0x0000000709800000, 0x0000000709600000| Untracked 
|  49|0x0000000709800000, 0x0000000709a00000, 0x0000000709a00000|100%| O|  |TAMS 0x0000000709a00000, 0x0000000709800000| Untracked 
|  50|0x0000000709a00000, 0x0000000709c00000, 0x0000000709c00000|100%| O|  |TAMS 0x0000000709c00000, 0x0000000709a00000| Untracked 
|  51|0x0000000709c00000, 0x0000000709e00000, 0x0000000709e00000|100%| O|  |TAMS 0x0000000709e00000, 0x0000000709c00000| Untracked 
|  52|0x0000000709e00000, 0x000000070a000000, 0x000000070a000000|100%| O|  |TAMS 0x000000070a000000, 0x0000000709e00000| Untracked 
|  53|0x000000070a000000, 0x000000070a200000, 0x000000070a200000|100%| O|  |TAMS 0x000000070a200000, 0x000000070a000000| Untracked 
|  54|0x000000070a200000, 0x000000070a400000, 0x000000070a400000|100%| O|  |TAMS 0x000000070a400000, 0x000000070a200000| Untracked 
|  55|0x000000070a400000, 0x000000070a600000, 0x000000070a600000|100%| O|  |TAMS 0x000000070a600000, 0x000000070a400000| Untracked 
|  56|0x000000070a600000, 0x000000070a800000, 0x000000070a800000|100%| O|  |TAMS 0x000000070a800000, 0x000000070a600000| Untracked 
|  57|0x000000070a800000, 0x000000070aa00000, 0x000000070aa00000|100%| O|  |TAMS 0x000000070aa00000, 0x000000070a800000| Untracked 
|  58|0x000000070aa00000, 0x000000070ac00000, 0x000000070ac00000|100%| O|  |TAMS 0x000000070ac00000, 0x000000070aa00000| Untracked 
|  59|0x000000070ac00000, 0x000000070ae00000, 0x000000070ae00000|100%| O|  |TAMS 0x000000070ae00000, 0x000000070ac00000| Untracked 
|  60|0x000000070ae00000, 0x000000070b000000, 0x000000070b000000|100%| O|  |TAMS 0x000000070b000000, 0x000000070ae00000| Untracked 
|  61|0x000000070b000000, 0x000000070b200000, 0x000000070b200000|100%| O|  |TAMS 0x000000070b200000, 0x000000070b000000| Untracked 
|  62|0x000000070b200000, 0x000000070b400000, 0x000000070b400000|100%| O|  |TAMS 0x000000070b400000, 0x000000070b200000| Untracked 
|  63|0x000000070b400000, 0x000000070b600000, 0x000000070b600000|100%| O|  |TAMS 0x000000070b600000, 0x000000070b400000| Untracked 
|  64|0x000000070b600000, 0x000000070b800000, 0x000000070b800000|100%| O|  |TAMS 0x000000070b800000, 0x000000070b600000| Untracked 
|  65|0x000000070b800000, 0x000000070ba00000, 0x000000070ba00000|100%| O|  |TAMS 0x000000070b99a000, 0x000000070b800000| Untracked 
|  66|0x000000070ba00000, 0x000000070bc00000, 0x000000070bc00000|100%| O|  |TAMS 0x000000070ba00000, 0x000000070ba00000| Untracked 
|  67|0x000000070bc00000, 0x000000070be00000, 0x000000070be00000|100%| O|  |TAMS 0x000000070bc00000, 0x000000070bc00000| Untracked 
|  68|0x000000070be00000, 0x000000070c000000, 0x000000070c000000|100%| O|  |TAMS 0x000000070be00000, 0x000000070be00000| Untracked 
|  69|0x000000070c000000, 0x000000070c200000, 0x000000070c200000|100%| O|  |TAMS 0x000000070c000000, 0x000000070c000000| Untracked 
|  70|0x000000070c200000, 0x000000070c400000, 0x000000070c400000|100%| O|  |TAMS 0x000000070c200000, 0x000000070c200000| Untracked 
|  71|0x000000070c400000, 0x000000070c600000, 0x000000070c600000|100%| O|  |TAMS 0x000000070c400000, 0x000000070c400000| Untracked 
|  72|0x000000070c600000, 0x000000070c800000, 0x000000070c800000|100%| O|  |TAMS 0x000000070c600000, 0x000000070c600000| Untracked 
|  73|0x000000070c800000, 0x000000070ca00000, 0x000000070ca00000|100%| O|  |TAMS 0x000000070c800000, 0x000000070c800000| Untracked 
|  74|0x000000070ca00000, 0x000000070cc00000, 0x000000070cc00000|100%| O|  |TAMS 0x000000070ca00000, 0x000000070ca00000| Untracked 
|  75|0x000000070cc00000, 0x000000070ce00000, 0x000000070ce00000|100%| O|  |TAMS 0x000000070cc00000, 0x000000070cc00000| Untracked 
|  76|0x000000070ce00000, 0x000000070d000000, 0x000000070d000000|100%| O|  |TAMS 0x000000070ce00000, 0x000000070ce00000| Untracked 
|  77|0x000000070d000000, 0x000000070d200000, 0x000000070d200000|100%| O|  |TAMS 0x000000070d000000, 0x000000070d000000| Untracked 
|  78|0x000000070d200000, 0x000000070d400000, 0x000000070d400000|100%| O|  |TAMS 0x000000070d200000, 0x000000070d200000| Untracked 
|  79|0x000000070d400000, 0x000000070d600000, 0x000000070d600000|100%| O|  |TAMS 0x000000070d400000, 0x000000070d400000| Untracked 
|  80|0x000000070d600000, 0x000000070d800000, 0x000000070d800000|100%| O|  |TAMS 0x000000070d600000, 0x000000070d600000| Untracked 
|  81|0x000000070d800000, 0x000000070da00000, 0x000000070da00000|100%| O|  |TAMS 0x000000070d800000, 0x000000070d800000| Untracked 
|  82|0x000000070da00000, 0x000000070dc00000, 0x000000070dc00000|100%| O|  |TAMS 0x000000070da00000, 0x000000070da00000| Untracked 
|  83|0x000000070dc00000, 0x000000070de00000, 0x000000070de00000|100%| O|  |TAMS 0x000000070dc00000, 0x000000070dc00000| Untracked 
|  84|0x000000070de00000, 0x000000070e000000, 0x000000070e000000|100%| O|  |TAMS 0x000000070de00000, 0x000000070de00000| Untracked 
|  85|0x000000070e000000, 0x000000070e200000, 0x000000070e200000|100%| O|  |TAMS 0x000000070e000000, 0x000000070e000000| Untracked 
|  86|0x000000070e200000, 0x000000070e400000, 0x000000070e400000|100%| O|  |TAMS 0x000000070e200000, 0x000000070e200000| Untracked 
|  87|0x000000070e400000, 0x000000070e600000, 0x000000070e600000|100%| O|  |TAMS 0x000000070e400000, 0x000000070e400000| Untracked 
|  88|0x000000070e600000, 0x000000070e800000, 0x000000070e800000|100%| O|  |TAMS 0x000000070e600000, 0x000000070e600000| Untracked 
|  89|0x000000070e800000, 0x000000070ea00000, 0x000000070ea00000|100%| O|  |TAMS 0x000000070e800000, 0x000000070e800000| Untracked 
|  90|0x000000070ea00000, 0x000000070ec00000, 0x000000070ec00000|100%| O|  |TAMS 0x000000070ea00000, 0x000000070ea00000| Untracked 
|  91|0x000000070ec00000, 0x000000070ee00000, 0x000000070ee00000|100%| O|  |TAMS 0x000000070ec00000, 0x000000070ec00000| Untracked 
|  92|0x000000070ee00000, 0x000000070f000000, 0x000000070f000000|100%| O|  |TAMS 0x000000070ee00000, 0x000000070ee00000| Untracked 
|  93|0x000000070f000000, 0x000000070f200000, 0x000000070f200000|100%| O|  |TAMS 0x000000070f000000, 0x000000070f000000| Untracked 
|  94|0x000000070f200000, 0x000000070f400000, 0x000000070f400000|100%| O|  |TAMS 0x000000070f200000, 0x000000070f200000| Untracked 
|  95|0x000000070f400000, 0x000000070f600000, 0x000000070f600000|100%| O|  |TAMS 0x000000070f400000, 0x000000070f400000| Untracked 
|  96|0x000000070f600000, 0x000000070f800000, 0x000000070f800000|100%| O|  |TAMS 0x000000070f600000, 0x000000070f600000| Untracked 
|  97|0x000000070f800000, 0x000000070fa00000, 0x000000070fa00000|100%| O|  |TAMS 0x000000070f800000, 0x000000070f800000| Untracked 
|  98|0x000000070fa00000, 0x000000070fc00000, 0x000000070fc00000|100%| O|  |TAMS 0x000000070fa00000, 0x000000070fa00000| Untracked 
|  99|0x000000070fc00000, 0x000000070fe00000, 0x000000070fe00000|100%| O|  |TAMS 0x000000070fc00000, 0x000000070fc00000| Untracked 
| 100|0x000000070fe00000, 0x0000000710000000, 0x0000000710000000|100%| O|  |TAMS 0x000000070fe00000, 0x000000070fe00000| Untracked 
| 101|0x0000000710000000, 0x0000000710200000, 0x0000000710200000|100%| O|  |TAMS 0x0000000710000000, 0x0000000710000000| Untracked 
| 102|0x0000000710200000, 0x0000000710400000, 0x0000000710400000|100%| O|  |TAMS 0x0000000710200000, 0x0000000710200000| Untracked 
| 103|0x0000000710400000, 0x0000000710600000, 0x0000000710600000|100%| O|  |TAMS 0x0000000710400000, 0x0000000710400000| Untracked 
| 104|0x0000000710600000, 0x0000000710800000, 0x0000000710800000|100%| O|  |TAMS 0x0000000710600000, 0x0000000710600000| Untracked 
| 105|0x0000000710800000, 0x0000000710a00000, 0x0000000710a00000|100%| O|  |TAMS 0x0000000710800000, 0x0000000710800000| Untracked 
| 106|0x0000000710a00000, 0x0000000710c00000, 0x0000000710c00000|100%| O|  |TAMS 0x0000000710a00000, 0x0000000710a00000| Untracked 
| 107|0x0000000710c00000, 0x0000000710e00000, 0x0000000710e00000|100%| O|  |TAMS 0x0000000710c00000, 0x0000000710c00000| Untracked 
| 108|0x0000000710e00000, 0x0000000711000000, 0x0000000711000000|100%| O|  |TAMS 0x0000000710e00000, 0x0000000710e00000| Untracked 
| 109|0x0000000711000000, 0x0000000711200000, 0x0000000711200000|100%| O|  |TAMS 0x0000000711000000, 0x0000000711000000| Untracked 
| 110|0x0000000711200000, 0x0000000711400000, 0x0000000711400000|100%| O|  |TAMS 0x0000000711200000, 0x0000000711200000| Untracked 
| 111|0x0000000711400000, 0x0000000711600000, 0x0000000711600000|100%| O|  |TAMS 0x0000000711400000, 0x0000000711400000| Untracked 
| 112|0x0000000711600000, 0x0000000711800000, 0x0000000711800000|100%| O|  |TAMS 0x0000000711600000, 0x0000000711600000| Untracked 
| 113|0x0000000711800000, 0x0000000711a00000, 0x0000000711a00000|100%| O|  |TAMS 0x0000000711800000, 0x0000000711800000| Untracked 
| 114|0x0000000711a00000, 0x0000000711c00000, 0x0000000711c00000|100%| O|  |TAMS 0x0000000711a00000, 0x0000000711a00000| Untracked 
| 115|0x0000000711c00000, 0x0000000711e00000, 0x0000000711e00000|100%| O|  |TAMS 0x0000000711c00000, 0x0000000711c00000| Untracked 
| 116|0x0000000711e00000, 0x0000000712000000, 0x0000000712000000|100%| O|  |TAMS 0x0000000711e00000, 0x0000000711e00000| Untracked 
| 117|0x0000000712000000, 0x0000000712200000, 0x0000000712200000|100%| O|  |TAMS 0x0000000712000000, 0x0000000712000000| Untracked 
| 118|0x0000000712200000, 0x0000000712400000, 0x0000000712400000|100%| O|  |TAMS 0x0000000712200000, 0x0000000712200000| Untracked 
| 119|0x0000000712400000, 0x0000000712600000, 0x0000000712600000|100%| O|  |TAMS 0x0000000712400000, 0x0000000712400000| Untracked 
| 120|0x0000000712600000, 0x0000000712800000, 0x0000000712800000|100%| O|  |TAMS 0x0000000712600000, 0x0000000712600000| Untracked 
| 121|0x0000000712800000, 0x0000000712a00000, 0x0000000712a00000|100%| O|  |TAMS 0x0000000712800000, 0x0000000712800000| Untracked 
| 122|0x0000000712a00000, 0x0000000712c00000, 0x0000000712c00000|100%| O|  |TAMS 0x0000000712a00000, 0x0000000712a00000| Untracked 
| 123|0x0000000712c00000, 0x0000000712e00000, 0x0000000712e00000|100%| O|  |TAMS 0x0000000712c00000, 0x0000000712c00000| Untracked 
| 124|0x0000000712e00000, 0x0000000713000000, 0x0000000713000000|100%| O|  |TAMS 0x0000000712e00000, 0x0000000712e00000| Untracked 
| 125|0x0000000713000000, 0x0000000713200000, 0x0000000713200000|100%| O|  |TAMS 0x0000000713000000, 0x0000000713000000| Untracked 
| 126|0x0000000713200000, 0x0000000713400000, 0x0000000713400000|100%| O|  |TAMS 0x0000000713200000, 0x0000000713200000| Untracked 
| 127|0x0000000713400000, 0x0000000713600000, 0x0000000713600000|100%| O|  |TAMS 0x0000000713400000, 0x0000000713400000| Untracked 
| 128|0x0000000713600000, 0x0000000713800000, 0x0000000713800000|100%| O|  |TAMS 0x0000000713600000, 0x0000000713600000| Untracked 
| 129|0x0000000713800000, 0x0000000713a00000, 0x0000000713a00000|100%| O|  |TAMS 0x0000000713800000, 0x0000000713800000| Untracked 
| 130|0x0000000713a00000, 0x0000000713c00000, 0x0000000713c00000|100%| O|  |TAMS 0x0000000713a00000, 0x0000000713a00000| Untracked 
| 131|0x0000000713c00000, 0x0000000713e00000, 0x0000000713e00000|100%| O|  |TAMS 0x0000000713c00000, 0x0000000713c00000| Untracked 
| 132|0x0000000713e00000, 0x0000000714000000, 0x0000000714000000|100%| O|  |TAMS 0x0000000713e00000, 0x0000000713e00000| Untracked 
| 133|0x0000000714000000, 0x0000000714200000, 0x0000000714200000|100%| O|  |TAMS 0x0000000714000000, 0x0000000714000000| Untracked 
| 134|0x0000000714200000, 0x0000000714400000, 0x0000000714400000|100%| O|  |TAMS 0x0000000714200000, 0x0000000714200000| Untracked 
| 135|0x0000000714400000, 0x0000000714600000, 0x0000000714600000|100%| O|  |TAMS 0x0000000714400000, 0x0000000714400000| Untracked 
| 136|0x0000000714600000, 0x0000000714800000, 0x0000000714800000|100%| O|  |TAMS 0x0000000714600000, 0x0000000714600000| Untracked 
| 137|0x0000000714800000, 0x0000000714a00000, 0x0000000714a00000|100%| O|  |TAMS 0x0000000714800000, 0x0000000714800000| Untracked 
| 138|0x0000000714a00000, 0x0000000714c00000, 0x0000000714c00000|100%| O|  |TAMS 0x0000000714a00000, 0x0000000714a00000| Untracked 
| 139|0x0000000714c00000, 0x0000000714e00000, 0x0000000714e00000|100%| O|  |TAMS 0x0000000714c00000, 0x0000000714c00000| Untracked 
| 140|0x0000000714e00000, 0x0000000714e1b000, 0x0000000715000000|  5%| O|  |TAMS 0x0000000714e00000, 0x0000000714e00000| Untracked 
| 141|0x0000000715000000, 0x0000000715000000, 0x0000000715200000|  0%| F|  |TAMS 0x0000000715000000, 0x0000000715000000| Untracked 
| 142|0x0000000715200000, 0x0000000715200000, 0x0000000715400000|  0%| F|  |TAMS 0x0000000715200000, 0x0000000715200000| Untracked 
| 143|0x0000000715400000, 0x0000000715400000, 0x0000000715600000|  0%| F|  |TAMS 0x0000000715400000, 0x0000000715400000| Untracked 
| 144|0x0000000715600000, 0x0000000715600000, 0x0000000715800000|  0%| F|  |TAMS 0x0000000715600000, 0x0000000715600000| Untracked 
| 145|0x0000000715800000, 0x0000000715800000, 0x0000000715a00000|  0%| F|  |TAMS 0x0000000715800000, 0x0000000715800000| Untracked 
| 146|0x0000000715a00000, 0x0000000715a00000, 0x0000000715c00000|  0%| F|  |TAMS 0x0000000715a00000, 0x0000000715a00000| Untracked 
| 147|0x0000000715c00000, 0x0000000715c00000, 0x0000000715e00000|  0%| F|  |TAMS 0x0000000715c00000, 0x0000000715c00000| Untracked 
| 148|0x0000000715e00000, 0x0000000715e00000, 0x0000000716000000|  0%| F|  |TAMS 0x0000000715e00000, 0x0000000715e00000| Untracked 
| 149|0x0000000716000000, 0x0000000716000000, 0x0000000716200000|  0%| F|  |TAMS 0x0000000716000000, 0x0000000716000000| Untracked 
| 150|0x0000000716200000, 0x0000000716200000, 0x0000000716400000|  0%| F|  |TAMS 0x0000000716200000, 0x0000000716200000| Untracked 
| 151|0x0000000716400000, 0x0000000716400000, 0x0000000716600000|  0%| F|  |TAMS 0x0000000716400000, 0x0000000716400000| Untracked 
| 152|0x0000000716600000, 0x0000000716600000, 0x0000000716800000|  0%| F|  |TAMS 0x0000000716600000, 0x0000000716600000| Untracked 
| 153|0x0000000716800000, 0x0000000716800000, 0x0000000716a00000|  0%| F|  |TAMS 0x0000000716800000, 0x0000000716800000| Untracked 
| 154|0x0000000716a00000, 0x0000000716a00000, 0x0000000716c00000|  0%| F|  |TAMS 0x0000000716a00000, 0x0000000716a00000| Untracked 
| 155|0x0000000716c00000, 0x0000000716c00000, 0x0000000716e00000|  0%| F|  |TAMS 0x0000000716c00000, 0x0000000716c00000| Untracked 
| 156|0x0000000716e00000, 0x0000000716e00000, 0x0000000717000000|  0%| F|  |TAMS 0x0000000716e00000, 0x0000000716e00000| Untracked 
| 157|0x0000000717000000, 0x0000000717000000, 0x0000000717200000|  0%| F|  |TAMS 0x0000000717000000, 0x0000000717000000| Untracked 
| 158|0x0000000717200000, 0x0000000717200000, 0x0000000717400000|  0%| F|  |TAMS 0x0000000717200000, 0x0000000717200000| Untracked 
| 159|0x0000000717400000, 0x0000000717400000, 0x0000000717600000|  0%| F|  |TAMS 0x0000000717400000, 0x0000000717400000| Untracked 
| 160|0x0000000717600000, 0x0000000717600000, 0x0000000717800000|  0%| F|  |TAMS 0x0000000717600000, 0x0000000717600000| Untracked 
| 161|0x0000000717800000, 0x0000000717800000, 0x0000000717a00000|  0%| F|  |TAMS 0x0000000717800000, 0x0000000717800000| Untracked 
| 162|0x0000000717a00000, 0x0000000717a00000, 0x0000000717c00000|  0%| F|  |TAMS 0x0000000717a00000, 0x0000000717a00000| Untracked 
| 163|0x0000000717c00000, 0x0000000717c00000, 0x0000000717e00000|  0%| F|  |TAMS 0x0000000717c00000, 0x0000000717c00000| Untracked 
| 164|0x0000000717e00000, 0x0000000717e00000, 0x0000000718000000|  0%| F|  |TAMS 0x0000000717e00000, 0x0000000717e00000| Untracked 
| 165|0x0000000718000000, 0x0000000718000000, 0x0000000718200000|  0%| F|  |TAMS 0x0000000718000000, 0x0000000718000000| Untracked 
| 166|0x0000000718200000, 0x0000000718200000, 0x0000000718400000|  0%| F|  |TAMS 0x0000000718200000, 0x0000000718200000| Untracked 
| 167|0x0000000718400000, 0x0000000718400000, 0x0000000718600000|  0%| F|  |TAMS 0x0000000718400000, 0x0000000718400000| Untracked 
| 168|0x0000000718600000, 0x0000000718600000, 0x0000000718800000|  0%| F|  |TAMS 0x0000000718600000, 0x0000000718600000| Untracked 
| 169|0x0000000718800000, 0x0000000718800000, 0x0000000718a00000|  0%| F|  |TAMS 0x0000000718800000, 0x0000000718800000| Untracked 
| 170|0x0000000718a00000, 0x0000000718a00000, 0x0000000718c00000|  0%| F|  |TAMS 0x0000000718a00000, 0x0000000718a00000| Untracked 
| 171|0x0000000718c00000, 0x0000000718de73f0, 0x0000000718e00000| 95%| S|CS|TAMS 0x0000000718c00000, 0x0000000718c00000| Complete 
| 172|0x0000000718e00000, 0x0000000719000000, 0x0000000719000000|100%| S|CS|TAMS 0x0000000718e00000, 0x0000000718e00000| Complete 
| 173|0x0000000719000000, 0x0000000719200000, 0x0000000719200000|100%| S|CS|TAMS 0x0000000719000000, 0x0000000719000000| Complete 
| 174|0x0000000719200000, 0x0000000719200000, 0x0000000719400000|  0%| F|  |TAMS 0x0000000719200000, 0x0000000719200000| Untracked 
| 175|0x0000000719400000, 0x0000000719400000, 0x0000000719600000|  0%| F|  |TAMS 0x0000000719400000, 0x0000000719400000| Untracked 
| 176|0x0000000719600000, 0x0000000719600000, 0x0000000719800000|  0%| F|  |TAMS 0x0000000719600000, 0x0000000719600000| Untracked 
| 177|0x0000000719800000, 0x0000000719800000, 0x0000000719a00000|  0%| F|  |TAMS 0x0000000719800000, 0x0000000719800000| Untracked 
| 178|0x0000000719a00000, 0x0000000719c00000, 0x0000000719c00000|100%| S|CS|TAMS 0x0000000719a00000, 0x0000000719a00000| Complete 
| 179|0x0000000719c00000, 0x0000000719e00000, 0x0000000719e00000|100%| S|CS|TAMS 0x0000000719c00000, 0x0000000719c00000| Complete 
| 180|0x0000000719e00000, 0x0000000719e00000, 0x000000071a000000|  0%| F|  |TAMS 0x0000000719e00000, 0x0000000719e00000| Untracked 
| 181|0x000000071a000000, 0x000000071a000000, 0x000000071a200000|  0%| F|  |TAMS 0x000000071a000000, 0x000000071a000000| Untracked 
| 182|0x000000071a200000, 0x000000071a200000, 0x000000071a400000|  0%| F|  |TAMS 0x000000071a200000, 0x000000071a200000| Untracked 
| 183|0x000000071a400000, 0x000000071a400000, 0x000000071a600000|  0%| F|  |TAMS 0x000000071a400000, 0x000000071a400000| Untracked 
| 184|0x000000071a600000, 0x000000071a600000, 0x000000071a800000|  0%| F|  |TAMS 0x000000071a600000, 0x000000071a600000| Untracked 
| 185|0x000000071a800000, 0x000000071a800000, 0x000000071aa00000|  0%| F|  |TAMS 0x000000071a800000, 0x000000071a800000| Untracked 
| 186|0x000000071aa00000, 0x000000071aa00000, 0x000000071ac00000|  0%| F|  |TAMS 0x000000071aa00000, 0x000000071aa00000| Untracked 
| 187|0x000000071ac00000, 0x000000071ac00000, 0x000000071ae00000|  0%| F|  |TAMS 0x000000071ac00000, 0x000000071ac00000| Untracked 
| 188|0x000000071ae00000, 0x000000071ae00000, 0x000000071b000000|  0%| F|  |TAMS 0x000000071ae00000, 0x000000071ae00000| Untracked 
| 189|0x000000071b000000, 0x000000071b000000, 0x000000071b200000|  0%| F|  |TAMS 0x000000071b000000, 0x000000071b000000| Untracked 
| 190|0x000000071b200000, 0x000000071b200000, 0x000000071b400000|  0%| F|  |TAMS 0x000000071b200000, 0x000000071b200000| Untracked 
| 191|0x000000071b400000, 0x000000071b400000, 0x000000071b600000|  0%| F|  |TAMS 0x000000071b400000, 0x000000071b400000| Untracked 
| 192|0x000000071b600000, 0x000000071b600000, 0x000000071b800000|  0%| F|  |TAMS 0x000000071b600000, 0x000000071b600000| Untracked 
| 193|0x000000071b800000, 0x000000071b800000, 0x000000071ba00000|  0%| F|  |TAMS 0x000000071b800000, 0x000000071b800000| Untracked 
| 194|0x000000071ba00000, 0x000000071ba00000, 0x000000071bc00000|  0%| F|  |TAMS 0x000000071ba00000, 0x000000071ba00000| Untracked 
| 195|0x000000071bc00000, 0x000000071bc00000, 0x000000071be00000|  0%| F|  |TAMS 0x000000071bc00000, 0x000000071bc00000| Untracked 
| 196|0x000000071be00000, 0x000000071be00000, 0x000000071c000000|  0%| F|  |TAMS 0x000000071be00000, 0x000000071be00000| Untracked 
| 197|0x000000071c000000, 0x000000071c000000, 0x000000071c200000|  0%| F|  |TAMS 0x000000071c000000, 0x000000071c000000| Untracked 
| 198|0x000000071c200000, 0x000000071c200000, 0x000000071c400000|  0%| F|  |TAMS 0x000000071c200000, 0x000000071c200000| Untracked 
| 199|0x000000071c400000, 0x000000071c400000, 0x000000071c600000|  0%| F|  |TAMS 0x000000071c400000, 0x000000071c400000| Untracked 
| 200|0x000000071c600000, 0x000000071c600000, 0x000000071c800000|  0%| F|  |TAMS 0x000000071c600000, 0x000000071c600000| Untracked 
| 201|0x000000071c800000, 0x000000071c800000, 0x000000071ca00000|  0%| F|  |TAMS 0x000000071c800000, 0x000000071c800000| Untracked 
| 202|0x000000071ca00000, 0x000000071ca00000, 0x000000071cc00000|  0%| F|  |TAMS 0x000000071ca00000, 0x000000071ca00000| Untracked 
| 203|0x000000071cc00000, 0x000000071cc00000, 0x000000071ce00000|  0%| F|  |TAMS 0x000000071cc00000, 0x000000071cc00000| Untracked 
| 204|0x000000071ce00000, 0x000000071ce00000, 0x000000071d000000|  0%| F|  |TAMS 0x000000071ce00000, 0x000000071ce00000| Untracked 
| 205|0x000000071d000000, 0x000000071d000000, 0x000000071d200000|  0%| F|  |TAMS 0x000000071d000000, 0x000000071d000000| Untracked 
| 206|0x000000071d200000, 0x000000071d200000, 0x000000071d400000|  0%| F|  |TAMS 0x000000071d200000, 0x000000071d200000| Untracked 
| 207|0x000000071d400000, 0x000000071d400000, 0x000000071d600000|  0%| F|  |TAMS 0x000000071d400000, 0x000000071d400000| Untracked 
| 208|0x000000071d600000, 0x000000071d600000, 0x000000071d800000|  0%| F|  |TAMS 0x000000071d600000, 0x000000071d600000| Untracked 
| 209|0x000000071d800000, 0x000000071d800000, 0x000000071da00000|  0%| F|  |TAMS 0x000000071d800000, 0x000000071d800000| Untracked 
| 210|0x000000071da00000, 0x000000071da00000, 0x000000071dc00000|  0%| F|  |TAMS 0x000000071da00000, 0x000000071da00000| Untracked 
| 211|0x000000071dc00000, 0x000000071dc00000, 0x000000071de00000|  0%| F|  |TAMS 0x000000071dc00000, 0x000000071dc00000| Untracked 
| 212|0x000000071de00000, 0x000000071de00000, 0x000000071e000000|  0%| F|  |TAMS 0x000000071de00000, 0x000000071de00000| Untracked 
| 213|0x000000071e000000, 0x000000071e000000, 0x000000071e200000|  0%| F|  |TAMS 0x000000071e000000, 0x000000071e000000| Untracked 
| 214|0x000000071e200000, 0x000000071e200000, 0x000000071e400000|  0%| F|  |TAMS 0x000000071e200000, 0x000000071e200000| Untracked 
| 215|0x000000071e400000, 0x000000071e400000, 0x000000071e600000|  0%| F|  |TAMS 0x000000071e400000, 0x000000071e400000| Untracked 
| 216|0x000000071e600000, 0x000000071e600000, 0x000000071e800000|  0%| F|  |TAMS 0x000000071e600000, 0x000000071e600000| Untracked 
| 217|0x000000071e800000, 0x000000071e800000, 0x000000071ea00000|  0%| F|  |TAMS 0x000000071e800000, 0x000000071e800000| Untracked 
| 218|0x000000071ea00000, 0x000000071ea00000, 0x000000071ec00000|  0%| F|  |TAMS 0x000000071ea00000, 0x000000071ea00000| Untracked 
| 219|0x000000071ec00000, 0x000000071ec00000, 0x000000071ee00000|  0%| F|  |TAMS 0x000000071ec00000, 0x000000071ec00000| Untracked 
| 220|0x000000071ee00000, 0x000000071ee00000, 0x000000071f000000|  0%| F|  |TAMS 0x000000071ee00000, 0x000000071ee00000| Untracked 
| 221|0x000000071f000000, 0x000000071f000000, 0x000000071f200000|  0%| F|  |TAMS 0x000000071f000000, 0x000000071f000000| Untracked 
| 222|0x000000071f200000, 0x000000071f200000, 0x000000071f400000|  0%| F|  |TAMS 0x000000071f200000, 0x000000071f200000| Untracked 
| 223|0x000000071f400000, 0x000000071f400000, 0x000000071f600000|  0%| F|  |TAMS 0x000000071f400000, 0x000000071f400000| Untracked 
| 224|0x000000071f600000, 0x000000071f600000, 0x000000071f800000|  0%| F|  |TAMS 0x000000071f600000, 0x000000071f600000| Untracked 
|2020|0x00000007ffe00000, 0x0000000800000000, 0x0000000800000000|100%| O|  |TAMS 0x0000000800000000, 0x00000007ffe00000| Untracked 

Card table byte_map: [0x000002e2f5a70000,0x000002e2f6260000] _byte_map_base: 0x000002e2f2255000

Marking Bits (Prev, Next): (CMBitMap*) 0x000002e2eb8554d0, (CMBitMap*) 0x000002e2eb855490
 Prev Bits: [0x000002e2fa980000, 0x000002e2fe8a8000)
 Next Bits: [0x000002e2f6a50000, 0x000002e2fa978000)

Polling page: 0x000002e2eb8e0000

Metaspace:

Usage:
  Non-class:     80.11 MB used.
      Class:      9.12 MB used.
       Both:     89.23 MB used.

Virtual space:
  Non-class space:       88.00 MB reserved,      80.31 MB ( 91%) committed,  11 nodes.
      Class space:        1.00 GB reserved,       9.31 MB ( <1%) committed,  1 nodes.
             Both:        1.09 GB reserved,      89.62 MB (  8%) committed. 

Chunk freelists:
   Non-Class:  3.30 MB
       Class:  2.62 MB
        Both:  5.92 MB

MaxMetaspaceSize: unlimited
CompressedClassSpaceSize: 1.00 GB
Initial GC threshold: 21.00 MB
Current GC threshold: 118.12 MB
CDS: on
MetaspaceReclaimPolicy: balanced
 - commit_granule_bytes: 65536.
 - commit_granule_words: 8192.
 - virtual_space_node_default_size: 1048576.
 - enlarge_chunks_in_place: 1.
 - new_chunks_are_fully_committed: 0.
 - uncommit_free_chunks: 1.
 - use_allocation_guard: 0.
 - handle_deallocations: 1.


Internal statistics:

num_allocs_failed_limit: 9.
num_arena_births: 534.
num_arena_deaths: 0.
num_vsnodes_births: 12.
num_vsnodes_deaths: 0.
num_space_committed: 1432.
num_space_uncommitted: 0.
num_chunks_returned_to_freelist: 9.
num_chunks_taken_from_freelist: 3898.
num_chunk_merges: 9.
num_chunk_splits: 3079.
num_chunks_enlarged: 2628.
num_purges: 0.
num_inconsistent_stats: 0.

CodeHeap 'non-profiled nmethods': size=120000Kb used=17992Kb max_used=17992Kb free=102007Kb
 bounds [0x000002e287ad0000, 0x000002e288c70000, 0x000002e28f000000]
CodeHeap 'profiled nmethods': size=120000Kb used=64411Kb max_used=65503Kb free=55588Kb
 bounds [0x000002e2805a0000, 0x000002e2845a0000, 0x000002e287ad0000]
CodeHeap 'non-nmethods': size=5760Kb used=1439Kb max_used=1506Kb free=4320Kb
 bounds [0x000002e280000000, 0x000002e280270000, 0x000002e2805a0000]
 total_blobs=22816 nmethods=22063 adapters=661
 compilation: enabled
              stopped_count=0, restarted_count=0
 full_count=0

Compilation events (20 events):
Event: 50.176 Thread 0x000002e2ff38d0c0 28889       2       org.jetbrains.kotlin.backend.jvm.intrinsics.IrIntrinsicFunction$Companion::create (50 bytes)
Event: 50.177 Thread 0x000002e2ff38d0c0 nmethod 28889 0x000002e2838b4810 code [0x000002e2838b4b00, 0x000002e2838b54e8]
Event: 50.177 Thread 0x000002e2ff38d0c0 28891       2       org.jetbrains.kotlin.codegen.optimization.common.OptimizationBasicInterpreter::newOperation (461 bytes)
Event: 50.178 Thread 0x000002e2ff38c620 nmethod 28883 0x000002e288c5e590 code [0x000002e288c5e700, 0x000002e288c5e9d8]
Event: 50.178 Thread 0x000002e2ff38c620 28892       4       org.jetbrains.kotlin.codegen.coroutines.UninitializedStoresProcessor::run (630 bytes)
Event: 50.179 Thread 0x000002e2ff38d0c0 nmethod 28891 0x000002e283ffb190 code [0x000002e283ffb5a0, 0x000002e283ffc678]
Event: 50.179 Thread 0x000002e2ff38d0c0 28894       2       org.jetbrains.kotlin.backend.jvm.mapping.IrTypeCheckerContextForTypeMapping::getPrimitiveArrayType (18 bytes)
Event: 50.179 Thread 0x000002e2ff38d0c0 nmethod 28894 0x000002e283ffa890 code [0x000002e283ffaa80, 0x000002e283ffad68]
Event: 50.179 Thread 0x000002e2ff38d0c0 28895       2       org.jetbrains.kotlin.backend.jvm.JvmIrTypeSystemContext::getPrimitiveArrayType (6 bytes)
Event: 50.179 Thread 0x000002e2ff38d0c0 nmethod 28895 0x000002e2838b4490 code [0x000002e2838b4620, 0x000002e2838b4748]
Event: 50.179 Thread 0x000002e2ff38d0c0 28896       2       org.jetbrains.kotlin.ir.types.IrTypeSystemContext$DefaultImpls::getPrimitiveArrayType (38 bytes)
Event: 50.180 Thread 0x000002e2ff38d0c0 nmethod 28896 0x000002e2838b3b10 code [0x000002e2838b3d00, 0x000002e2838b4018]
Event: 50.180 Thread 0x000002e2ff38d0c0 28890       2       org.jetbrains.kotlin.backend.jvm.intrinsics.IrIntrinsicFunction$Companion$create$1::<init> (16 bytes)
Event: 50.180 Thread 0x000002e2ff38d0c0 nmethod 28890 0x000002e2835cff10 code [0x000002e2835d00a0, 0x000002e2835d0208]
Event: 50.187 Thread 0x000002e2ff38d0c0 28898       2       org.jetbrains.kotlin.backend.jvm.codegen.ExpressionCodegen::visitClass (10 bytes)
Event: 50.187 Thread 0x000002e2ff38d0c0 nmethod 28898 0x000002e2835cfb10 code [0x000002e2835cfca0, 0x000002e2835cfe08]
Event: 50.195 Thread 0x000002e2ff38d0c0 28899       2       org.jetbrains.org.objectweb.asm.tree.analysis.SourceInterpreter::containsAll (25 bytes)
Event: 50.195 Thread 0x000002e2ff38d0c0 nmethod 28899 0x000002e2835cf690 code [0x000002e2835cf840, 0x000002e2835cf9e8]
Event: 50.205 Thread 0x000002e294cf8fd0 nmethod 28866 0x000002e288c5eb10 code [0x000002e288c5ee00, 0x000002e288c61010]
Event: 50.205 Thread 0x000002e294cf8fd0 28897   !   4       org.jetbrains.kotlin.codegen.optimization.temporaryVals.FastStoreLoadAnalyzer::analyze (564 bytes)

GC Heap History (20 events):
Event: 44.371 GC heap after
{Heap after GC invocations=39 (full 0):
 garbage-first heap   total 385024K, used 243829K [0x0000000703600000, 0x0000000800000000)
  region size 2048K, 3 young (6144K), 3 survivors (6144K)
 Metaspace       used 84973K, committed 85440K, reserved 1130496K
  class space    used 8959K, committed 9216K, reserved 1048576K
}
Event: 45.222 GC heap before
{Heap before GC invocations=39 (full 0):
 garbage-first heap   total 385024K, used 317557K [0x0000000703600000, 0x0000000800000000)
  region size 2048K, 39 young (79872K), 3 survivors (6144K)
 Metaspace       used 87634K, committed 88064K, reserved 1130496K
  class space    used 9166K, committed 9408K, reserved 1048576K
}
Event: 45.232 GC heap after
{Heap after GC invocations=40 (full 0):
 garbage-first heap   total 385024K, used 246745K [0x0000000703600000, 0x0000000800000000)
  region size 2048K, 3 young (6144K), 3 survivors (6144K)
 Metaspace       used 87634K, committed 88064K, reserved 1130496K
  class space    used 9166K, committed 9408K, reserved 1048576K
}
Event: 46.452 GC heap before
{Heap before GC invocations=40 (full 0):
 garbage-first heap   total 385024K, used 320473K [0x0000000703600000, 0x0000000800000000)
  region size 2048K, 39 young (79872K), 3 survivors (6144K)
 Metaspace       used 90337K, committed 90752K, reserved 1130496K
  class space    used 9325K, committed 9536K, reserved 1048576K
}
Event: 46.461 GC heap after
{Heap after GC invocations=41 (full 0):
 garbage-first heap   total 385024K, used 251025K [0x0000000703600000, 0x0000000800000000)
  region size 2048K, 5 young (10240K), 5 survivors (10240K)
 Metaspace       used 90337K, committed 90752K, reserved 1130496K
  class space    used 9325K, committed 9536K, reserved 1048576K
}
Event: 46.875 GC heap before
{Heap before GC invocations=41 (full 0):
 garbage-first heap   total 385024K, used 324753K [0x0000000703600000, 0x0000000800000000)
  region size 2048K, 41 young (83968K), 5 survivors (10240K)
 Metaspace       used 90626K, committed 91008K, reserved 1130496K
  class space    used 9327K, committed 9536K, reserved 1048576K
}
Event: 46.888 GC heap after
{Heap after GC invocations=42 (full 0):
 garbage-first heap   total 385024K, used 259955K [0x0000000703600000, 0x0000000800000000)
  region size 2048K, 6 young (12288K), 6 survivors (12288K)
 Metaspace       used 90626K, committed 91008K, reserved 1130496K
  class space    used 9327K, committed 9536K, reserved 1048576K
}
Event: 47.377 GC heap before
{Heap before GC invocations=42 (full 0):
 garbage-first heap   total 385024K, used 323443K [0x0000000703600000, 0x0000000800000000)
  region size 2048K, 37 young (75776K), 6 survivors (12288K)
 Metaspace       used 90833K, committed 91200K, reserved 1138688K
  class space    used 9334K, committed 9536K, reserved 1048576K
}
Event: 47.390 GC heap after
{Heap after GC invocations=43 (full 0):
 garbage-first heap   total 385024K, used 266589K [0x0000000703600000, 0x0000000800000000)
  region size 2048K, 4 young (8192K), 4 survivors (8192K)
 Metaspace       used 90833K, committed 91200K, reserved 1138688K
  class space    used 9334K, committed 9536K, reserved 1048576K
}
Event: 47.726 GC heap before
{Heap before GC invocations=43 (full 0):
 garbage-first heap   total 385024K, used 321885K [0x0000000703600000, 0x0000000800000000)
  region size 2048K, 31 young (63488K), 4 survivors (8192K)
 Metaspace       used 90926K, committed 91328K, reserved 1138688K
  class space    used 9334K, committed 9536K, reserved 1048576K
}
Event: 47.734 GC heap after
{Heap after GC invocations=44 (full 0):
 garbage-first heap   total 462848K, used 270056K [0x0000000703600000, 0x0000000800000000)
  region size 2048K, 3 young (6144K), 3 survivors (6144K)
 Metaspace       used 90926K, committed 91328K, reserved 1138688K
  class space    used 9334K, committed 9536K, reserved 1048576K
}
Event: 48.370 GC heap before
{Heap before GC invocations=44 (full 0):
 garbage-first heap   total 462848K, used 382696K [0x0000000703600000, 0x0000000800000000)
  region size 2048K, 58 young (118784K), 3 survivors (6144K)
 Metaspace       used 91072K, committed 91456K, reserved 1138688K
  class space    used 9334K, committed 9536K, reserved 1048576K
}
Event: 48.375 GC heap after
{Heap after GC invocations=45 (full 0):
 garbage-first heap   total 462848K, used 274288K [0x0000000703600000, 0x0000000800000000)
  region size 2048K, 5 young (10240K), 5 survivors (10240K)
 Metaspace       used 91072K, committed 91456K, reserved 1138688K
  class space    used 9334K, committed 9536K, reserved 1048576K
}
Event: 48.848 GC heap before
{Heap before GC invocations=45 (full 0):
 garbage-first heap   total 462848K, used 386928K [0x0000000703600000, 0x0000000800000000)
  region size 2048K, 60 young (122880K), 5 survivors (10240K)
 Metaspace       used 91111K, committed 91520K, reserved 1138688K
  class space    used 9335K, committed 9536K, reserved 1048576K
}
Event: 48.859 GC heap after
{Heap after GC invocations=46 (full 0):
 garbage-first heap   total 462848K, used 282145K [0x0000000703600000, 0x0000000800000000)
  region size 2048K, 7 young (14336K), 7 survivors (14336K)
 Metaspace       used 91111K, committed 91520K, reserved 1138688K
  class space    used 9335K, committed 9536K, reserved 1048576K
}
Event: 49.272 GC heap before
{Heap before GC invocations=46 (full 0):
 garbage-first heap   total 462848K, used 386593K [0x0000000703600000, 0x0000000800000000)
  region size 2048K, 58 young (118784K), 7 survivors (14336K)
 Metaspace       used 91208K, committed 91584K, reserved 1138688K
  class space    used 9335K, committed 9536K, reserved 1048576K
}
Event: 49.289 GC heap after
{Heap after GC invocations=47 (full 0):
 garbage-first heap   total 462848K, used 290395K [0x0000000703600000, 0x0000000800000000)
  region size 2048K, 8 young (16384K), 8 survivors (16384K)
 Metaspace       used 91208K, committed 91584K, reserved 1138688K
  class space    used 9335K, committed 9536K, reserved 1048576K
}
Event: 49.739 GC heap before
{Heap before GC invocations=47 (full 0):
 garbage-first heap   total 462848K, used 386651K [0x0000000703600000, 0x0000000800000000)
  region size 2048K, 55 young (112640K), 8 survivors (16384K)
 Metaspace       used 91257K, committed 91648K, reserved 1138688K
  class space    used 9335K, committed 9536K, reserved 1048576K
}
Event: 49.751 GC heap after
{Heap after GC invocations=48 (full 0):
 garbage-first heap   total 462848K, used 295714K [0x0000000703600000, 0x0000000800000000)
  region size 2048K, 4 young (8192K), 4 survivors (8192K)
 Metaspace       used 91257K, committed 91648K, reserved 1138688K
  class space    used 9335K, committed 9536K, reserved 1048576K
}
Event: 50.214 GC heap before
{Heap before GC invocations=48 (full 0):
 garbage-first heap   total 462848K, used 387874K [0x0000000703600000, 0x0000000800000000)
  region size 2048K, 49 young (100352K), 4 survivors (8192K)
 Metaspace       used 91368K, committed 91776K, reserved 1138688K
  class space    used 9340K, committed 9536K, reserved 1048576K
}

Deoptimization events (20 events):
Event: 50.176 Thread 0x000002e2eb803570 Uncommon trap: trap_request=0xffffff45 fr.pc=0x000002e2883a4944 relative=0x0000000000000524
Event: 50.176 Thread 0x000002e2eb803570 Uncommon trap: reason=unstable_if action=reinterpret pc=0x000002e2883a4944 method=org.jetbrains.kotlin.builtins.PrimitiveType$Companion.getByShortArrayName(Ljava/lang/String;)Lorg/jetbrains/kotlin/builtins/PrimitiveType; @ 12 c2
Event: 50.176 Thread 0x000002e2eb803570 DEOPT PACKING pc=0x000002e2883a4944 sp=0x000000f03a1f80e0
Event: 50.176 Thread 0x000002e2eb803570 DEOPT UNPACKING pc=0x000002e280055c23 sp=0x000000f03a1f7f50 mode 2
Event: 50.176 Thread 0x000002e2eb803570 Uncommon trap: trap_request=0xffffff45 fr.pc=0x000002e288923938 relative=0x0000000000000518
Event: 50.176 Thread 0x000002e2eb803570 Uncommon trap: reason=unstable_if action=reinterpret pc=0x000002e288923938 method=org.jetbrains.kotlin.builtins.PrimitiveType$Companion.getByShortArrayName(Ljava/lang/String;)Lorg/jetbrains/kotlin/builtins/PrimitiveType; @ 12 c2
Event: 50.176 Thread 0x000002e2eb803570 DEOPT PACKING pc=0x000002e288923938 sp=0x000000f03a1f79b0
Event: 50.176 Thread 0x000002e2eb803570 DEOPT UNPACKING pc=0x000002e280055c23 sp=0x000000f03a1f7898 mode 2
Event: 50.176 Thread 0x000002e2eb803570 Uncommon trap: trap_request=0xffffff45 fr.pc=0x000002e2888d9410 relative=0x00000000000004f0
Event: 50.176 Thread 0x000002e2eb803570 Uncommon trap: reason=unstable_if action=reinterpret pc=0x000002e2888d9410 method=org.jetbrains.kotlin.builtins.PrimitiveType$Companion.getByShortArrayName(Ljava/lang/String;)Lorg/jetbrains/kotlin/builtins/PrimitiveType; @ 12 c2
Event: 50.176 Thread 0x000002e2eb803570 DEOPT PACKING pc=0x000002e2888d9410 sp=0x000000f03a1f75b0
Event: 50.176 Thread 0x000002e2eb803570 DEOPT UNPACKING pc=0x000002e280055c23 sp=0x000000f03a1f7500 mode 2
Event: 50.184 Thread 0x000002e2eb803570 DEOPT PACKING pc=0x000002e2843f7c86 sp=0x000000f03a1fbc10
Event: 50.184 Thread 0x000002e2eb803570 DEOPT UNPACKING pc=0x000002e280056763 sp=0x000000f03a1fb160 mode 0
Event: 50.184 Thread 0x000002e2eb803570 DEOPT PACKING pc=0x000002e284246dbd sp=0x000000f03a1fbd80
Event: 50.184 Thread 0x000002e2eb803570 DEOPT UNPACKING pc=0x000002e280056763 sp=0x000000f03a1fb268 mode 0
Event: 50.191 Thread 0x000002e2eb803570 DEOPT PACKING pc=0x000002e2844334bf sp=0x000000f03a1fd770
Event: 50.191 Thread 0x000002e2eb803570 DEOPT UNPACKING pc=0x000002e280056763 sp=0x000000f03a1fcc90 mode 0
Event: 50.194 Thread 0x000002e2eb803570 DEOPT PACKING pc=0x000002e28370ac6e sp=0x000000f03a1fd440
Event: 50.194 Thread 0x000002e2eb803570 DEOPT UNPACKING pc=0x000002e280056763 sp=0x000000f03a1fc9d0 mode 0

Classes unloaded (0 events):
No events

Classes redefined (0 events):
No events

Internal exceptions (20 events):
Event: 20.033 Thread 0x000002e2eb803570 Implicit null exception at 0x000002e287c807b4 to 0x000002e287c80845
Event: 24.118 Thread 0x000002e2eb803570 Implicit null exception at 0x000002e287da1b03 to 0x000002e287da1cb4
Event: 24.703 Thread 0x000002e2eb803570 Implicit null exception at 0x000002e28858e72d to 0x000002e288595754
Event: 24.704 Thread 0x000002e2eb803570 Implicit null exception at 0x000002e287b7ff20 to 0x000002e287b8009c
Event: 25.860 Thread 0x000002e2eb803570 Implicit null exception at 0x000002e287b709eb to 0x000002e287b70bc0
Event: 27.445 Thread 0x000002e2eb803570 Implicit null exception at 0x000002e288464eb3 to 0x000002e288465024
Event: 27.492 Thread 0x000002e2eb803570 Exception <a 'java/lang/NoSuchMethodError'{0x0000000710bf4ea8}: 'java.lang.Object java.lang.invoke.DirectMethodHandle$Holder.invokeStaticInit(java.lang.Object, java.lang.Object, java.lang.Object, java.lang.Object)'> (0x0000000710bf4ea8) 
thrown [t:\workspace\open\src\hotspot\share\interpreter\linkResolver.cpp, line 766]
Event: 27.685 Thread 0x000002e2eb803570 Implicit null exception at 0x000002e2882e9d13 to 0x000002e2882e9e6c
Event: 27.727 Thread 0x000002e2eb803570 Exception <a 'java/lang/NoSuchMethodError'{0x000000070ff29be0}: 'int java.lang.invoke.DirectMethodHandle$Holder.invokeStaticInit(java.lang.Object, java.lang.Object, java.lang.Object, java.lang.Object)'> (0x000000070ff29be0) 
thrown [t:\workspace\open\src\hotspot\share\interpreter\linkResolver.cpp, line 766]
Event: 27.777 Thread 0x000002e2eb803570 Exception <a 'java/lang/NoSuchMethodError'{0x000000070fdaed78}: 'java.lang.Object java.lang.invoke.DirectMethodHandle$Holder.newInvokeSpecial(java.lang.Object, java.lang.Object, java.lang.Object, int, int)'> (0x000000070fdaed78) 
thrown [t:\workspace\open\src\hotspot\share\interpreter\linkResolver.cpp, line 766]
Event: 27.777 Thread 0x000002e2eb803570 Exception <a 'java/lang/NoSuchMethodError'{0x000000070fdb2bb8}: 'java.lang.Object java.lang.invoke.DirectMethodHandle$Holder.invokeSpecial(java.lang.Object, java.lang.Object, java.lang.Object, java.lang.Object, int, int)'> (0x000000070fdb2bb8) 
thrown [t:\workspace\open\src\hotspot\share\interpreter\linkResolver.cpp, line 766]
Event: 27.811 Thread 0x000002e2eb803570 Exception <a 'java/lang/NoSuchMethodError'{0x000000070fb75e38}: 'java.lang.Object java.lang.invoke.DirectMethodHandle$Holder.invokeSpecial(java.lang.Object, java.lang.Object, int, int, java.lang.Object, java.lang.Object, java.lang.Object, java.lang.Object, java.lang.Object)'> (0x000000070fb75e38) 
thrown [t:\workspace\open\src\hotspot\share\interpreter\linkResolver.cpp, line 766]
Event: 28.210 Thread 0x000002e2eb803570 Implicit null exception at 0x000002e287b3b5f0 to 0x000002e287b3b828
Event: 28.682 Thread 0x000002e2eb803570 Exception <a 'java/lang/NoSuchMethodError'{0x00000007124fced0}: 'java.lang.Object java.lang.invoke.DirectMethodHandle$Holder.newInvokeSpecial(java.lang.Object, java.lang.Object, int, int, java.lang.Object, java.lang.Object, java.lang.Object)'> (0x00000007124fced0) 
thrown [t:\workspace\open\src\hotspot\share\interpreter\linkResolver.cpp, line 766]
Event: 28.683 Thread 0x000002e2eb803570 Exception <a 'java/lang/NoSuchMethodError'{0x0000000712501fa8}: 'java.lang.Object java.lang.invoke.DirectMethodHandle$Holder.invokeSpecial(java.lang.Object, java.lang.Object, java.lang.Object, int, int, java.lang.Object, java.lang.Object, java.lang.Object)'> (0x0000000712501fa8) 
thrown [t:\workspace\open\src\hotspot\share\interpreter\linkResolver.cpp, line 766]
Event: 36.663 Thread 0x000002e2eb803570 Implicit null exception at 0x000002e288330dc3 to 0x000002e2883314f4
Event: 38.497 Thread 0x000002e2eb803570 Implicit null exception at 0x000002e2887c879c to 0x000002e2887cd4bc
Event: 40.838 Thread 0x000002e2eb803570 Implicit null exception at 0x000002e288715d02 to 0x000002e2887160c0
Event: 40.977 Thread 0x000002e2eb803570 Implicit null exception at 0x000002e2888907a8 to 0x000002e288892284
Event: 41.430 Thread 0x000002e2eb803570 Implicit null exception at 0x000002e28878f052 to 0x000002e28878f0fd

VM Operations (20 events):
Event: 47.734 Executing VM operation: G1CollectForAllocation done
Event: 48.314 Executing VM operation: ICBufferFull
Event: 48.315 Executing VM operation: ICBufferFull done
Event: 48.370 Executing VM operation: G1CollectForAllocation
Event: 48.375 Executing VM operation: G1CollectForAllocation done
Event: 48.564 Executing VM operation: HandshakeAllThreads
Event: 48.565 Executing VM operation: HandshakeAllThreads done
Event: 48.848 Executing VM operation: G1CollectForAllocation
Event: 48.859 Executing VM operation: G1CollectForAllocation done
Event: 48.917 Executing VM operation: HandshakeAllThreads
Event: 48.917 Executing VM operation: HandshakeAllThreads done
Event: 49.099 Executing VM operation: HandshakeAllThreads
Event: 49.099 Executing VM operation: HandshakeAllThreads done
Event: 49.272 Executing VM operation: G1CollectForAllocation
Event: 49.289 Executing VM operation: G1CollectForAllocation done
Event: 49.739 Executing VM operation: G1CollectForAllocation
Event: 49.751 Executing VM operation: G1CollectForAllocation done
Event: 50.157 Executing VM operation: ICBufferFull
Event: 50.157 Executing VM operation: ICBufferFull done
Event: 50.214 Executing VM operation: G1CollectForAllocation

Events (20 events):
Event: 49.160 Thread 0x000002e2ff38dab0 flushing nmethod 0x000002e284270290
Event: 49.160 Thread 0x000002e2ff38dab0 flushing nmethod 0x000002e284284590
Event: 49.160 Thread 0x000002e2ff38dab0 flushing nmethod 0x000002e28429d890
Event: 49.160 Thread 0x000002e2ff38dab0 flushing nmethod 0x000002e2842baf10
Event: 49.160 Thread 0x000002e2ff38dab0 flushing nmethod 0x000002e2842dfe10
Event: 49.160 Thread 0x000002e2ff38dab0 flushing nmethod 0x000002e2842e3a10
Event: 49.160 Thread 0x000002e2ff38dab0 flushing nmethod 0x000002e28430fd90
Event: 49.160 Thread 0x000002e2ff38dab0 flushing nmethod 0x000002e284319790
Event: 49.160 Thread 0x000002e2ff38dab0 flushing nmethod 0x000002e284323310
Event: 49.160 Thread 0x000002e2ff38dab0 flushing nmethod 0x000002e284324310
Event: 49.160 Thread 0x000002e2ff38dab0 flushing nmethod 0x000002e28432a010
Event: 49.161 Thread 0x000002e2ff38dab0 flushing nmethod 0x000002e28436bb10
Event: 49.161 Thread 0x000002e2ff38dab0 flushing nmethod 0x000002e28437c790
Event: 49.161 Thread 0x000002e2ff38dab0 flushing nmethod 0x000002e28437fa10
Event: 49.161 Thread 0x000002e2ff38dab0 flushing nmethod 0x000002e28438e690
Event: 49.161 Thread 0x000002e2ff38dab0 flushing nmethod 0x000002e28439c610
Event: 49.161 Thread 0x000002e2ff38dab0 flushing nmethod 0x000002e28439cb90
Event: 49.161 Thread 0x000002e2ff38dab0 flushing nmethod 0x000002e2843bbb10
Event: 49.161 Thread 0x000002e2ff38dab0 flushing nmethod 0x000002e284431d90
Event: 49.162 Thread 0x000002e2ff38dab0 flushing nmethod 0x000002e284489510


Dynamic libraries:
0x00007ff794c70000 - 0x00007ff794c7e000 	C:\Program Files\Java\jdk-17.0.1\bin\java.exe
0x00007ffe23150000 - 0x00007ffe23348000 	C:\Windows\SYSTEM32\ntdll.dll
0x00007ffe21a30000 - 0x00007ffe21aef000 	C:\Windows\System32\KERNEL32.DLL
0x00007ffe20d80000 - 0x00007ffe21076000 	C:\Windows\System32\KERNELBASE.dll
0x00007ffe20910000 - 0x00007ffe20a10000 	C:\Windows\System32\ucrtbase.dll
0x00007ffdee490000 - 0x00007ffdee4a8000 	C:\Program Files\Java\jdk-17.0.1\bin\jli.dll
0x00007ffdedfc0000 - 0x00007ffdedfda000 	C:\Program Files\Java\jdk-17.0.1\bin\VCRUNTIME140.dll
0x00007ffe211b0000 - 0x00007ffe2134d000 	C:\Windows\System32\USER32.dll
0x00007ffe0c7a0000 - 0x00007ffe0ca3a000 	C:\Windows\WinSxS\amd64_microsoft.windows.common-controls_6595b64144ccf1df_6.0.19041.1110_none_60b5254171f9507e\COMCTL32.dll
0x00007ffe20d50000 - 0x00007ffe20d72000 	C:\Windows\System32\win32u.dll
0x00007ffe21590000 - 0x00007ffe2162e000 	C:\Windows\System32\msvcrt.dll
0x00007ffe21560000 - 0x00007ffe2158c000 	C:\Windows\System32\GDI32.dll
0x00007ffe20be0000 - 0x00007ffe20cf5000 	C:\Windows\System32\gdi32full.dll
0x00007ffe21080000 - 0x00007ffe2111d000 	C:\Windows\System32\msvcp_win.dll
0x00007ffe23050000 - 0x00007ffe23080000 	C:\Windows\System32\IMM32.DLL
0x00007ffe1bab0000 - 0x00007ffe1babc000 	C:\Program Files\Java\jdk-17.0.1\bin\vcruntime140_1.dll
0x00007ffded560000 - 0x00007ffded5ed000 	C:\Program Files\Java\jdk-17.0.1\bin\msvcp140.dll
0x00007ffd53dd0000 - 0x00007ffd5498e000 	C:\Program Files\Java\jdk-17.0.1\bin\server\jvm.dll
0x00007ffe21630000 - 0x00007ffe216df000 	C:\Windows\System32\ADVAPI32.dll
0x00007ffe216e0000 - 0x00007ffe2177c000 	C:\Windows\System32\sechost.dll
0x00007ffe21850000 - 0x00007ffe21976000 	C:\Windows\System32\RPCRT4.dll
0x00007ffe23100000 - 0x00007ffe23108000 	C:\Windows\System32\PSAPI.DLL
0x00007ffe0b670000 - 0x00007ffe0b697000 	C:\Windows\SYSTEM32\WINMM.dll
0x00007ffdfd280000 - 0x00007ffdfd289000 	C:\Windows\SYSTEM32\WSOCK32.dll
0x00007ffe21ba0000 - 0x00007ffe21c0b000 	C:\Windows\System32\WS2_32.dll
0x00007ffe128f0000 - 0x00007ffe128fa000 	C:\Windows\SYSTEM32\VERSION.dll
0x00007ffe1f030000 - 0x00007ffe1f042000 	C:\Windows\SYSTEM32\kernel.appcore.dll
0x00007ffe17d70000 - 0x00007ffe17d7a000 	C:\Program Files\Java\jdk-17.0.1\bin\jimage.dll
0x00007ffe1e510000 - 0x00007ffe1e6f4000 	C:\Windows\SYSTEM32\DBGHELP.DLL
0x00007ffe02c00000 - 0x00007ffe02c34000 	C:\Windows\SYSTEM32\dbgcore.DLL
0x00007ffe21120000 - 0x00007ffe211a2000 	C:\Windows\System32\bcryptPrimitives.dll
0x00007ffded6b0000 - 0x00007ffded6d5000 	C:\Program Files\Java\jdk-17.0.1\bin\java.dll
0x00007ffdd8a70000 - 0x00007ffdd8b46000 	C:\Program Files\Java\jdk-17.0.1\bin\svml.dll
0x00007ffe22700000 - 0x00007ffe22e44000 	C:\Windows\System32\SHELL32.dll
0x00007ffe1e890000 - 0x00007ffe1f023000 	C:\Windows\SYSTEM32\windows.storage.dll
0x00007ffe21c70000 - 0x00007ffe21fc4000 	C:\Windows\System32\combase.dll
0x00007ffe20290000 - 0x00007ffe202be000 	C:\Windows\SYSTEM32\Wldp.dll
0x00007ffe21af0000 - 0x00007ffe21b9d000 	C:\Windows\System32\SHCORE.dll
0x00007ffe21c10000 - 0x00007ffe21c65000 	C:\Windows\System32\shlwapi.dll
0x00007ffe20770000 - 0x00007ffe2078f000 	C:\Windows\SYSTEM32\profapi.dll
0x00007ffded820000 - 0x00007ffded839000 	C:\Program Files\Java\jdk-17.0.1\bin\net.dll
0x00007ffe1a5f0000 - 0x00007ffe1a6fa000 	C:\Windows\SYSTEM32\WINHTTP.dll
0x00007ffe1fff0000 - 0x00007ffe2005a000 	C:\Windows\system32\mswsock.dll
0x00007ffded7b0000 - 0x00007ffded7c5000 	C:\Program Files\Java\jdk-17.0.1\bin\nio.dll
0x00007ffded690000 - 0x00007ffded6a8000 	C:\Program Files\Java\jdk-17.0.1\bin\zip.dll
0x00007ffe175b0000 - 0x00007ffe175c0000 	C:\Program Files\Java\jdk-17.0.1\bin\verify.dll

dbghelp: loaded successfully - version: 4.0.5 - missing functions: none
symbol engine: initialized successfully - sym options: 0x614 - pdb path: .;C:\Program Files\Java\jdk-17.0.1\bin;C:\Windows\SYSTEM32;C:\Windows\WinSxS\amd64_microsoft.windows.common-controls_6595b64144ccf1df_6.0.19041.1110_none_60b5254171f9507e;C:\Program Files\Java\jdk-17.0.1\bin\server

VM Arguments:
java_command: org.jetbrains.kotlin.cli.jvm.K2JVMCompiler @E:\Programming\Kotlin\AndroidStudioProjects\KariraApp\app\build\20230612_12761091074591118977.compiler.options
java_class_path (initial): C:\Users\ekiri\.gradle\caches\modules-2\files-2.1\org.jetbrains.kotlin\kotlin-compiler-embeddable\1.7.20\8db18559a581dd2c36ddfd5046af145650f5b126\kotlin-compiler-embeddable-1.7.20.jar;C:\Users\ekiri\.gradle\caches\modules-2\files-2.1\org.jetbrains.kotlin\kotlin-reflect\1.7.20\12b2501e33bb6373e8e347c86d85481863629381\kotlin-reflect-1.7.20.jar;C:\Users\ekiri\.gradle\caches\modules-2\files-2.1\org.jetbrains.kotlin\kotlin-stdlib\1.7.20\726594ea9ba2beb2ee113647fefa9a10f9fabe52\kotlin-stdlib-1.7.20.jar;C:\Users\ekiri\.gradle\caches\modules-2\files-2.1\org.jetbrains.kotlin\kotlin-script-runtime\1.7.20\bcd1cc6f865e632550357fcc59f5ffd532615a8\kotlin-script-runtime-1.7.20.jar;C:\Users\ekiri\.gradle\caches\modules-2\files-2.1\org.jetbrains.kotlin\kotlin-daemon-embeddable\1.7.20\1e24355adad8d529d75d5b19eab55484057431ba\kotlin-daemon-embeddable-1.7.20.jar;C:\Users\ekiri\.gradle\caches\modules-2\files-2.1\org.jetbrains.intellij.deps\trove4j\1.0.20200330\3afb14d5f9ceb459d724e907a21145e8ff394f02\trove4j-1.0.20200330.jar;C:\Users\ekiri\.gradle\caches\modules-2\files-2.1\net.java.dev.jna\jna\5.6.0\330f2244e9030119ab3030fc3fededc86713d9cc\jna-5.6.0.jar;C:\Users\ekiri\.gradle\caches\modules-2\files-2.1\org.jetbrains.kotlin\kotlin-stdlib-common\1.7.20\e15351bdaf9fa06f009be5da7a202e4184f00ae3\kotlin-stdlib-common-1.7.20.jar;C:\Users\ekiri\.gradle\caches\modules-2\files-2.1\org.jetbrains\annotations\13.0\919f0dfe192fb4e063e7dacadee7f8bb9a2672a9\annotations-13.0.jar
Launcher Type: SUN_STANDARD

[Global flags]
     intx CICompilerCount                          = 4                                         {product} {ergonomic}
     uint ConcGCThreads                            = 2                                         {product} {ergonomic}
     uint G1ConcRefinementThreads                  = 8                                         {product} {ergonomic}
   size_t G1HeapRegionSize                         = 2097152                                   {product} {ergonomic}
    uintx GCDrainStackTargetSize                   = 64                                        {product} {ergonomic}
   size_t InitialHeapSize                          = 266338304                                 {product} {ergonomic}
   size_t MarkStackSize                            = 4194304                                   {product} {ergonomic}
   size_t MaxHeapSize                              = 4238344192                                {product} {ergonomic}
   size_t MaxNewSize                               = 2541748224                                {product} {ergonomic}
   size_t MinHeapDeltaBytes                        = 2097152                                   {product} {ergonomic}
   size_t MinHeapSize                              = 8388608                                   {product} {ergonomic}
    uintx NonNMethodCodeHeapSize                   = 5839372                                {pd product} {ergonomic}
    uintx NonProfiledCodeHeapSize                  = 122909434                              {pd product} {ergonomic}
    uintx ProfiledCodeHeapSize                     = 122909434                              {pd product} {ergonomic}
    uintx ReservedCodeCacheSize                    = 251658240                              {pd product} {ergonomic}
     bool SegmentedCodeCache                       = true                                      {product} {ergonomic}
   size_t SoftMaxHeapSize                          = 4238344192                             {manageable} {ergonomic}
     bool UseCompressedClassPointers               = true                           {product lp64_product} {ergonomic}
     bool UseCompressedOops                        = true                           {product lp64_product} {ergonomic}
     bool UseG1GC                                  = true                                      {product} {ergonomic}
     bool UseLargePagesIndividualAllocation        = false                                  {pd product} {ergonomic}

Logging:
Log output configuration:
 #0: stdout all=warning uptime,level,tags
 #1: stderr all=off uptime,level,tags

Environment Variables:
JAVA_HOME=C:\Program Files\Java\jdk-17.0.1
PATH=C:\ProgramData\scoop\shims;C:\Program Files\Common Files\Oracle\Java\javapath;C:\Python39\Scripts\;C:\Python39\;C:\Windows\system32;C:\Windows;C:\Windows\System32\Wbem;C:\Windows\System32\WindowsPowerShell\v1.0\;C:\Windows\System32\OpenSSH\;C:\Program Files (x86)\NVIDIA Corporation\PhysX\Common;C:\Program Files\NVIDIA Corporation\NVIDIA NvDLISR;C:\ProgramData\chocolatey\bin;C:\Program Files\Git\cmd;C:\Program Files\PuTTY\;C:\ProgramData\ComposerSetup\bin;C:\xampp\php;C:\Program Files\Go\bin;C:\Gradle\gradle-7.4.2\bin;C:\Program Files\dotnet\;C:\Program Files\OpenSSL-Win64\bin;C:\Program Files\Erlang OTP\bin;C:\Program Files (x86)\Elixir\bin;C:\Windows\system32\config\systemprofile\.mix\escripts;E:\sonarqube\sonar-scanner-4.8.0.2856-windows\bin;C:\Users\ekiri\AppData\Roaming\nvm;C:\Program Files\nodejs;C:\Program Files\Docker\Docker\resources\bin;C:\Program Files\Cloudflare\Cloudflare WARP\;C:\Program Files\Java\jdk-17.0.1\bin;C:\Users\ekiri\AppData\Local\Programs\Python\Python310\Scripts\;C:\Users\ekiri\AppData\Local\Programs\Python\Python310\;C:\Users\ekiri\scoop\shims;C:\Users\ekiri\AppData\Local\Microsoft\WindowsApps;C:\Users\ekiri\AppData\Local\Programs\Microsoft VS Code\bin;C:\Users\ekiri\AppData\Local\GitHubDesktop\bin;C:\src\flutter\bin;C:\Program Files\heroku\bin;C:\Program Files\PostgreSQL\14\bin;C:\Users\ekiri\AppData\Roaming\Composer\vendor\bin;C:\Users\ekiri\go\bin;C:\Users\ekiri\AppData\Roaming\npm;C:\Users\ekiri\AppData\Roaming\cabal\bin;C:\tools\ghc-9.4.2\bin;C:\Users\ekiri\AppData\Roaming\local\bin;C:\Program Files\Erlang OTP\bin;C:\tools\dart-sdk\bin;C:\Users\ekiri\AppData\Roaming\Pub\Cache\bin;C:\Users\ekiri\AppData\Local\Google\Cloud SDK\google-cloud-sdk\bin;C:\Users\ekiri\.fly\bin;E:\sonarqube\sonar-scanner-4.8.0.2856-windows\bin;C:\Users\ekiri\AppData\Roaming\nvm;C:\Program Files\nodejs;
USERNAME=ekiri
OS=Windows_NT
PROCESSOR_IDENTIFIER=Intel64 Family 6 Model 140 Stepping 1, GenuineIntel



---------------  S Y S T E M  ---------------

OS:
 Windows 10 , 64 bit Build 19041 (10.0.19041.2913)
OS uptime: 0 days 20:37 hours
Hyper-V role detected

CPU: total 8 (initial active 8) (4 cores per cpu, 2 threads per core) family 6 model 140 stepping 1 microcode 0x8a, cx8, cmov, fxsr, ht, mmx, 3dnowpref, sse, sse2, sse3, ssse3, sse4.1, sse4.2, popcnt, lzcnt, tsc, tscinvbit, avx, avx2, aes, erms, clmul, bmi1, bmi2, adx, avx512f, avx512dq, avx512cd, avx512bw, avx512vl, sha, fma, vzeroupper, avx512_vpopcntdq, avx512_vpclmulqdq, avx512_vaes, avx512_vnni, clflush, clflushopt, clwb, avx512_vbmi2, avx512_vbmi, hv

Memory: 4k page, system-wide physical 16167M (514M free)
TotalPageFile size 35331M (AvailPageFile size 24M)
current process WorkingSet (physical memory assigned to process): 778M, peak: 780M
current process commit charge ("private bytes"): 825M, peak: 916M

vm_info: OpenJDK 64-Bit Server VM (17.0.1+12-39) for windows-amd64 JRE (17.0.1+12-39), built on Sep 27 2021 18:39:29 by "mach5one" with MS VC++ 16.8 (VS2019)

END.
