#
# There is insufficient memory for the Java Runtime Environment to continue.
# Native memory allocation (malloc) failed to allocate 1548176 bytes for Chunk::new
# Possible reasons:
#   The system is out of physical RAM or swap space
#   The process is running with CompressedOops enabled, and the Java Heap may be blocking the growth of the native heap
# Possible solutions:
#   Reduce memory load on the system
#   Increase physical memory or swap space
#   Check if swap backing store is full
#   Decrease Java heap size (-Xmx/-Xms)
#   Decrease number of Java threads
#   Decrease Java thread stack sizes (-Xss)
#   Set larger code cache with -XX:ReservedCodeCacheSize=
#   JVM is running with Zero Based Compressed Oops mode in which the Java heap is
#     placed in the first 32GB address space. The Java Heap base address is the
#     maximum limit for the native heap growth. Please use -XX:HeapBaseMinAddress
#     to set the Java Heap base and to place the Java Heap above 32GB virtual address.
# This output file may be truncated or incomplete.
#
#  Out of Memory Error (arena.cpp:189), pid=32452, tid=1208
#
# JRE version: OpenJDK Runtime Environment (17.0.1+12) (build 17.0.1+12-39)
# Java VM: OpenJDK 64-Bit Server VM (17.0.1+12-39, mixed mode, sharing, tiered, compressed oops, compressed class ptrs, g1 gc, windows-amd64)
# No core dump will be written. Minidumps are not enabled by default on client versions of Windows
#

---------------  S U M M A R Y ------------

Command Line: org.jetbrains.kotlin.cli.jvm.K2JVMCompiler @E:\Programming\Kotlin\AndroidStudioProjects\KariraApp\app\build\20230612_16543497635640172981.compiler.options

Host: 11th Gen Intel(R) Core(TM) i7-1165G7 @ 2.80GHz, 8 cores, 15G,  Windows 10 , 64 bit Build 19041 (10.0.19041.2913)
Time: Mon Jun 12 18:21:17 2023 SE Asia Standard Time elapsed time: 43.721216 seconds (0d 0h 0m 43s)

---------------  T H R E A D  ---------------

Current thread (0x000001e1fbb155c0):  JavaThread "C2 CompilerThread1" daemon [_thread_in_native, id=1208, stack(0x000000d421900000,0x000000d421a00000)]


Current CompileTask:
C2:  43721 28850 % !   4       org.jetbrains.kotlin.codegen.optimization.temporaryVals.FastStoreLoadAnalyzer::analyze @ 63 (564 bytes)

Stack: [0x000000d421900000,0x000000d421a00000]
Native frames: (J=compiled Java code, j=interpreted, Vv=VM code, C=native code)
V  [jvm.dll+0x66fa1a]
V  [jvm.dll+0x7ce5a4]
V  [jvm.dll+0x7cfd4e]
V  [jvm.dll+0x7d03b3]
V  [jvm.dll+0x242b05]
V  [jvm.dll+0xaa05b]
V  [jvm.dll+0xaa5ec]
V  [jvm.dll+0x35f9b2]
V  [jvm.dll+0x329f51]
V  [jvm.dll+0x3293fa]
V  [jvm.dll+0x215bf1]
V  [jvm.dll+0x215011]
V  [jvm.dll+0x1a168d]
V  [jvm.dll+0x224848]
V  [jvm.dll+0x2229ac]
V  [jvm.dll+0x78435b]
V  [jvm.dll+0x77e91a]
V  [jvm.dll+0x66e845]
C  [ucrtbase.dll+0x21bb2]
C  [KERNEL32.DLL+0x17614]
C  [ntdll.dll+0x526a1]


---------------  P R O C E S S  ---------------

Threads class SMR info:
_java_thread_list=0x000001e183bfac00, length=14, elements={
0x000001e1d8362760, 0x000001e1faefa540, 0x000001e1faefad00, 0x000001e1faf0f4e0,
0x000001e1faf0fbb0, 0x000001e1faf14690, 0x000001e1faf14c50, 0x000001e1faf19600,
0x000001e1faf1d1b0, 0x000001e1faf257c0, 0x000001e1fb9fd450, 0x000001e1fba04800,
0x000001e1fbb155c0, 0x000001e1843b9ca0
}

Java Threads: ( => current thread )
  0x000001e1d8362760 JavaThread "main" [_thread_in_Java, id=37020, stack(0x000000d420600000,0x000000d420700000)]
  0x000001e1faefa540 JavaThread "Reference Handler" daemon [_thread_blocked, id=13428, stack(0x000000d420d00000,0x000000d420e00000)]
  0x000001e1faefad00 JavaThread "Finalizer" daemon [_thread_blocked, id=38164, stack(0x000000d420e00000,0x000000d420f00000)]
  0x000001e1faf0f4e0 JavaThread "Signal Dispatcher" daemon [_thread_blocked, id=30816, stack(0x000000d420f00000,0x000000d421000000)]
  0x000001e1faf0fbb0 JavaThread "Attach Listener" daemon [_thread_blocked, id=37596, stack(0x000000d421000000,0x000000d421100000)]
  0x000001e1faf14690 JavaThread "Service Thread" daemon [_thread_blocked, id=36364, stack(0x000000d421100000,0x000000d421200000)]
  0x000001e1faf14c50 JavaThread "Monitor Deflation Thread" daemon [_thread_blocked, id=32820, stack(0x000000d421200000,0x000000d421300000)]
  0x000001e1faf19600 JavaThread "C2 CompilerThread0" daemon [_thread_in_native, id=25968, stack(0x000000d421300000,0x000000d421400000)]
  0x000001e1faf1d1b0 JavaThread "C1 CompilerThread0" daemon [_thread_blocked, id=22272, stack(0x000000d421400000,0x000000d421500000)]
  0x000001e1faf257c0 JavaThread "Sweeper thread" daemon [_thread_blocked, id=38284, stack(0x000000d421500000,0x000000d421600000)]
  0x000001e1fb9fd450 JavaThread "Notification Thread" daemon [_thread_blocked, id=36928, stack(0x000000d421600000,0x000000d421700000)]
  0x000001e1fba04800 JavaThread "Common-Cleaner" daemon [_thread_blocked, id=15988, stack(0x000000d421800000,0x000000d421900000)]
=>0x000001e1fbb155c0 JavaThread "C2 CompilerThread1" daemon [_thread_in_native, id=1208, stack(0x000000d421900000,0x000000d421a00000)]
  0x000001e1843b9ca0 JavaThread "C2 CompilerThread2" daemon [_thread_in_native, id=16848, stack(0x000000d421f00000,0x000000d422000000)]

Other Threads:
  0x000001e1faef5aa0 VMThread "VM Thread" [stack: 0x000000d420c00000,0x000000d420d00000] [id=16004]
  0x000001e1fb9ffd40 WatcherThread [stack: 0x000000d421700000,0x000000d421800000] [id=37732]
  0x000001e1d83b0dc0 GCTaskThread "GC Thread#0" [stack: 0x000000d420700000,0x000000d420800000] [id=8416]
  0x000001e1fbf331b0 GCTaskThread "GC Thread#1" [stack: 0x000000d421a00000,0x000000d421b00000] [id=17692]
  0x000001e1fbf33460 GCTaskThread "GC Thread#2" [stack: 0x000000d421b00000,0x000000d421c00000] [id=37412]
  0x000001e1fbf33c70 GCTaskThread "GC Thread#3" [stack: 0x000000d421c00000,0x000000d421d00000] [id=38892]
  0x000001e1fbf33710 GCTaskThread "GC Thread#4" [stack: 0x000000d421d00000,0x000000d421e00000] [id=36204]
  0x000001e1fbf339c0 GCTaskThread "GC Thread#5" [stack: 0x000000d421e00000,0x000000d421f00000] [id=36868]
  0x000001e1fbf32440 GCTaskThread "GC Thread#6" [stack: 0x000000d422000000,0x000000d422100000] [id=14780]
  0x000001e1fbf326f0 GCTaskThread "GC Thread#7" [stack: 0x000000d422100000,0x000000d422200000] [id=37380]
  0x000001e1d83c29a0 ConcurrentGCThread "G1 Main Marker" [stack: 0x000000d420800000,0x000000d420900000] [id=6368]
  0x000001e1d83c33b0 ConcurrentGCThread "G1 Conc#0" [stack: 0x000000d420900000,0x000000d420a00000] [id=13336]
  0x000001e1fdd08e50 ConcurrentGCThread "G1 Conc#1" [stack: 0x000000d422200000,0x000000d422300000] [id=37604]
  0x000001e1fadb24c0 ConcurrentGCThread "G1 Refine#0" [stack: 0x000000d420a00000,0x000000d420b00000] [id=5976]
  0x000001e1ff4199f0 ConcurrentGCThread "G1 Refine#1" [stack: 0x000000d422300000,0x000000d422400000] [id=7812]
  0x000001e1ff419cd0 ConcurrentGCThread "G1 Refine#2" [stack: 0x000000d422400000,0x000000d422500000] [id=11612]
  0x000001e1fede8450 ConcurrentGCThread "G1 Refine#3" [stack: 0x000000d422500000,0x000000d422600000] [id=3424]
  0x000001e1fadb2af0 ConcurrentGCThread "G1 Service" [stack: 0x000000d420b00000,0x000000d420c00000] [id=35988]

Threads with active compile tasks:
C2 CompilerThread0    43737 28905       4       org.jetbrains.kotlin.codegen.optimization.boxing.BoxingInterpreter::naryOperation (478 bytes)
C2 CompilerThread1    43737 28850 % !   4       org.jetbrains.kotlin.codegen.optimization.temporaryVals.FastStoreLoadAnalyzer::analyze @ 63 (564 bytes)
C2 CompilerThread2    43737 28897 %     4       org.jetbrains.kotlin.codegen.optimization.temporaryVals.FastStoreLoadAnalyzer::initMergeNodes @ 17 (380 bytes)

VM state: not at safepoint (normal execution)

VM Mutex/Monitor currently owned by a thread: None

Heap address: 0x0000000703600000, size: 4042 MB, Compressed Oops mode: Zero based, Oop shift amount: 3

CDS archive(s) mapped at: [0x0000000800000000-0x0000000800bc0000-0x0000000800bc0000), size 12320768, SharedBaseAddress: 0x0000000800000000, ArchiveRelocationMode: 0.
Compressed class space mapped at: 0x0000000800c00000-0x0000000840c00000, reserved size: 1073741824
Narrow klass base: 0x0000000800000000, Narrow klass shift: 0, Narrow klass range: 0x100000000

GC Precious Log:
 CPUs: 8 total, 8 available
 Memory: 16167M
 Large Page Support: Disabled
 NUMA Support: Disabled
 Compressed Oops: Enabled (Zero based)
 Heap Region Size: 2M
 Heap Min Capacity: 8M
 Heap Initial Capacity: 254M
 Heap Max Capacity: 4042M
 Pre-touch: Disabled
 Parallel Workers: 8
 Concurrent Workers: 2
 Concurrent Refinement Workers: 8
 Periodic GC: Disabled

Heap:
 garbage-first heap   total 522240K, used 404988K [0x0000000703600000, 0x0000000800000000)
  region size 2048K, 62 young (126976K), 3 survivors (6144K)
 Metaspace       used 91430K, committed 91840K, reserved 1138688K
  class space    used 9340K, committed 9536K, reserved 1048576K

Heap Regions: E=young(eden), S=young(survivor), O=old, HS=humongous(starts), HC=humongous(continues), CS=collection set, F=free, OA=open archive, CA=closed archive, TAMS=top-at-mark-start (previous, next)
|   0|0x0000000703600000, 0x0000000703800000, 0x0000000703800000|100%|HS|  |TAMS 0x0000000703800000, 0x0000000703600000| Complete 
|   1|0x0000000703800000, 0x0000000703a00000, 0x0000000703a00000|100%|HC|  |TAMS 0x0000000703a00000, 0x0000000703800000| Complete 
|   2|0x0000000703a00000, 0x0000000703c00000, 0x0000000703c00000|100%| O|  |TAMS 0x0000000703c00000, 0x0000000703a00000| Untracked 
|   3|0x0000000703c00000, 0x0000000703e00000, 0x0000000703e00000|100%|HS|  |TAMS 0x0000000703e00000, 0x0000000703c00000| Complete 
|   4|0x0000000703e00000, 0x0000000704000000, 0x0000000704000000|100%|HS|  |TAMS 0x0000000704000000, 0x0000000703e00000| Complete 
|   5|0x0000000704000000, 0x0000000704200000, 0x0000000704200000|100%|HC|  |TAMS 0x0000000704200000, 0x0000000704000000| Complete 
|   6|0x0000000704200000, 0x0000000704400000, 0x0000000704400000|100%| O|  |TAMS 0x0000000704400000, 0x0000000704200000| Untracked 
|   7|0x0000000704400000, 0x0000000704600000, 0x0000000704600000|100%| O|  |TAMS 0x0000000704600000, 0x0000000704400000| Untracked 
|   8|0x0000000704600000, 0x0000000704800000, 0x0000000704800000|100%| O|  |TAMS 0x0000000704800000, 0x0000000704600000| Untracked 
|   9|0x0000000704800000, 0x0000000704a00000, 0x0000000704a00000|100%| O|  |TAMS 0x0000000704a00000, 0x0000000704800000| Untracked 
|  10|0x0000000704a00000, 0x0000000704c00000, 0x0000000704c00000|100%| O|  |TAMS 0x0000000704c00000, 0x0000000704a00000| Untracked 
|  11|0x0000000704c00000, 0x0000000704e00000, 0x0000000704e00000|100%| O|  |TAMS 0x0000000704e00000, 0x0000000704c00000| Untracked 
|  12|0x0000000704e00000, 0x0000000705000000, 0x0000000705000000|100%| O|  |TAMS 0x0000000705000000, 0x0000000704e00000| Untracked 
|  13|0x0000000705000000, 0x0000000705200000, 0x0000000705200000|100%|HS|  |TAMS 0x0000000705200000, 0x0000000705000000| Complete 
|  14|0x0000000705200000, 0x0000000705400000, 0x0000000705400000|100%| O|  |TAMS 0x0000000705400000, 0x0000000705200000| Untracked 
|  15|0x0000000705400000, 0x0000000705600000, 0x0000000705600000|100%| O|  |TAMS 0x0000000705600000, 0x0000000705400000| Untracked 
|  16|0x0000000705600000, 0x0000000705800000, 0x0000000705800000|100%| O|  |TAMS 0x0000000705800000, 0x0000000705600000| Untracked 
|  17|0x0000000705800000, 0x0000000705a00000, 0x0000000705a00000|100%| O|  |TAMS 0x0000000705800000, 0x0000000705800000| Untracked 
|  18|0x0000000705a00000, 0x0000000705c00000, 0x0000000705c00000|100%| O|  |TAMS 0x0000000705c00000, 0x0000000705a00000| Untracked 
|  19|0x0000000705c00000, 0x0000000705e00000, 0x0000000705e00000|100%| O|  |TAMS 0x0000000705e00000, 0x0000000705c00000| Untracked 
|  20|0x0000000705e00000, 0x0000000706000000, 0x0000000706000000|100%| O|  |TAMS 0x0000000706000000, 0x0000000705e00000| Untracked 
|  21|0x0000000706000000, 0x0000000706200000, 0x0000000706200000|100%| O|  |TAMS 0x0000000706200000, 0x0000000706000000| Untracked 
|  22|0x0000000706200000, 0x0000000706400000, 0x0000000706400000|100%| O|  |TAMS 0x0000000706400000, 0x0000000706200000| Untracked 
|  23|0x0000000706400000, 0x0000000706600000, 0x0000000706600000|100%| O|  |TAMS 0x0000000706600000, 0x0000000706400000| Untracked 
|  24|0x0000000706600000, 0x0000000706800000, 0x0000000706800000|100%| O|  |TAMS 0x0000000706800000, 0x0000000706600000| Untracked 
|  25|0x0000000706800000, 0x0000000706a00000, 0x0000000706a00000|100%| O|  |TAMS 0x0000000706a00000, 0x0000000706800000| Untracked 
|  26|0x0000000706a00000, 0x0000000706c00000, 0x0000000706c00000|100%| O|  |TAMS 0x0000000706c00000, 0x0000000706a00000| Untracked 
|  27|0x0000000706c00000, 0x0000000706e00000, 0x0000000706e00000|100%| O|  |TAMS 0x0000000706e00000, 0x0000000706c00000| Untracked 
|  28|0x0000000706e00000, 0x0000000707000000, 0x0000000707000000|100%| O|  |TAMS 0x0000000707000000, 0x0000000706e00000| Untracked 
|  29|0x0000000707000000, 0x0000000707200000, 0x0000000707200000|100%| O|  |TAMS 0x0000000707200000, 0x0000000707000000| Untracked 
|  30|0x0000000707200000, 0x0000000707400000, 0x0000000707400000|100%| O|  |TAMS 0x0000000707400000, 0x0000000707200000| Untracked 
|  31|0x0000000707400000, 0x0000000707600000, 0x0000000707600000|100%| O|  |TAMS 0x0000000707600000, 0x0000000707400000| Untracked 
|  32|0x0000000707600000, 0x0000000707800000, 0x0000000707800000|100%| O|  |TAMS 0x0000000707800000, 0x0000000707600000| Untracked 
|  33|0x0000000707800000, 0x0000000707a00000, 0x0000000707a00000|100%| O|  |TAMS 0x0000000707a00000, 0x0000000707800000| Untracked 
|  34|0x0000000707a00000, 0x0000000707c00000, 0x0000000707c00000|100%| O|  |TAMS 0x0000000707a00000, 0x0000000707a00000| Untracked 
|  35|0x0000000707c00000, 0x0000000707e00000, 0x0000000707e00000|100%| O|  |TAMS 0x0000000707e00000, 0x0000000707c00000| Untracked 
|  36|0x0000000707e00000, 0x0000000708000000, 0x0000000708000000|100%| O|  |TAMS 0x0000000708000000, 0x0000000707e00000| Untracked 
|  37|0x0000000708000000, 0x0000000708200000, 0x0000000708200000|100%| O|  |TAMS 0x0000000708200000, 0x0000000708000000| Untracked 
|  38|0x0000000708200000, 0x0000000708400000, 0x0000000708400000|100%| O|  |TAMS 0x0000000708400000, 0x0000000708200000| Untracked 
|  39|0x0000000708400000, 0x0000000708600000, 0x0000000708600000|100%| O|  |TAMS 0x0000000708600000, 0x0000000708400000| Untracked 
|  40|0x0000000708600000, 0x0000000708800000, 0x0000000708800000|100%| O|  |TAMS 0x0000000708800000, 0x0000000708600000| Untracked 
|  41|0x0000000708800000, 0x0000000708a00000, 0x0000000708a00000|100%| O|  |TAMS 0x0000000708a00000, 0x0000000708800000| Untracked 
|  42|0x0000000708a00000, 0x0000000708c00000, 0x0000000708c00000|100%| O|  |TAMS 0x0000000708c00000, 0x0000000708a00000| Untracked 
|  43|0x0000000708c00000, 0x0000000708e00000, 0x0000000708e00000|100%| O|  |TAMS 0x0000000708e00000, 0x0000000708c00000| Untracked 
|  44|0x0000000708e00000, 0x0000000709000000, 0x0000000709000000|100%| O|  |TAMS 0x0000000708e4a000, 0x0000000708e00000| Untracked 
|  45|0x0000000709000000, 0x0000000709200000, 0x0000000709200000|100%| O|  |TAMS 0x0000000709000000, 0x0000000709000000| Untracked 
|  46|0x0000000709200000, 0x0000000709400000, 0x0000000709400000|100%| O|  |TAMS 0x0000000709200000, 0x0000000709200000| Untracked 
|  47|0x0000000709400000, 0x0000000709600000, 0x0000000709600000|100%| O|  |TAMS 0x0000000709400000, 0x0000000709400000| Untracked 
|  48|0x0000000709600000, 0x0000000709800000, 0x0000000709800000|100%| O|  |TAMS 0x0000000709600000, 0x0000000709600000| Untracked 
|  49|0x0000000709800000, 0x0000000709a00000, 0x0000000709a00000|100%| O|  |TAMS 0x0000000709800000, 0x0000000709800000| Untracked 
|  50|0x0000000709a00000, 0x0000000709c00000, 0x0000000709c00000|100%| O|  |TAMS 0x0000000709a00000, 0x0000000709a00000| Untracked 
|  51|0x0000000709c00000, 0x0000000709e00000, 0x0000000709e00000|100%| O|  |TAMS 0x0000000709c00000, 0x0000000709c00000| Untracked 
|  52|0x0000000709e00000, 0x000000070a000000, 0x000000070a000000|100%| O|  |TAMS 0x0000000709e00000, 0x0000000709e00000| Untracked 
|  53|0x000000070a000000, 0x000000070a200000, 0x000000070a200000|100%| O|  |TAMS 0x000000070a000000, 0x000000070a000000| Untracked 
|  54|0x000000070a200000, 0x000000070a400000, 0x000000070a400000|100%| O|  |TAMS 0x000000070a200000, 0x000000070a200000| Untracked 
|  55|0x000000070a400000, 0x000000070a600000, 0x000000070a600000|100%| O|  |TAMS 0x000000070a400000, 0x000000070a400000| Untracked 
|  56|0x000000070a600000, 0x000000070a800000, 0x000000070a800000|100%| O|  |TAMS 0x000000070a600000, 0x000000070a600000| Untracked 
|  57|0x000000070a800000, 0x000000070aa00000, 0x000000070aa00000|100%| O|  |TAMS 0x000000070a800000, 0x000000070a800000| Untracked 
|  58|0x000000070aa00000, 0x000000070ac00000, 0x000000070ac00000|100%| O|  |TAMS 0x000000070aa00000, 0x000000070aa00000| Untracked 
|  59|0x000000070ac00000, 0x000000070ae00000, 0x000000070ae00000|100%| O|  |TAMS 0x000000070ac00000, 0x000000070ac00000| Untracked 
|  60|0x000000070ae00000, 0x000000070b000000, 0x000000070b000000|100%| O|  |TAMS 0x000000070ae00000, 0x000000070ae00000| Untracked 
|  61|0x000000070b000000, 0x000000070b200000, 0x000000070b200000|100%| O|  |TAMS 0x000000070b000000, 0x000000070b000000| Untracked 
|  62|0x000000070b200000, 0x000000070b400000, 0x000000070b400000|100%| O|  |TAMS 0x000000070b200000, 0x000000070b200000| Untracked 
|  63|0x000000070b400000, 0x000000070b600000, 0x000000070b600000|100%| O|  |TAMS 0x000000070b400000, 0x000000070b400000| Untracked 
|  64|0x000000070b600000, 0x000000070b800000, 0x000000070b800000|100%| O|  |TAMS 0x000000070b600000, 0x000000070b600000| Untracked 
|  65|0x000000070b800000, 0x000000070ba00000, 0x000000070ba00000|100%| O|  |TAMS 0x000000070b800000, 0x000000070b800000| Untracked 
|  66|0x000000070ba00000, 0x000000070bc00000, 0x000000070bc00000|100%| O|  |TAMS 0x000000070ba00000, 0x000000070ba00000| Untracked 
|  67|0x000000070bc00000, 0x000000070be00000, 0x000000070be00000|100%| O|  |TAMS 0x000000070bc00000, 0x000000070bc00000| Untracked 
|  68|0x000000070be00000, 0x000000070c000000, 0x000000070c000000|100%| O|  |TAMS 0x000000070be00000, 0x000000070be00000| Untracked 
|  69|0x000000070c000000, 0x000000070c200000, 0x000000070c200000|100%| O|  |TAMS 0x000000070c000000, 0x000000070c000000| Untracked 
|  70|0x000000070c200000, 0x000000070c400000, 0x000000070c400000|100%| O|  |TAMS 0x000000070c200000, 0x000000070c200000| Untracked 
|  71|0x000000070c400000, 0x000000070c600000, 0x000000070c600000|100%| O|  |TAMS 0x000000070c400000, 0x000000070c400000| Untracked 
|  72|0x000000070c600000, 0x000000070c800000, 0x000000070c800000|100%| O|  |TAMS 0x000000070c600000, 0x000000070c600000| Untracked 
|  73|0x000000070c800000, 0x000000070ca00000, 0x000000070ca00000|100%| O|  |TAMS 0x000000070c800000, 0x000000070c800000| Untracked 
|  74|0x000000070ca00000, 0x000000070cc00000, 0x000000070cc00000|100%| O|  |TAMS 0x000000070ca00000, 0x000000070ca00000| Untracked 
|  75|0x000000070cc00000, 0x000000070ce00000, 0x000000070ce00000|100%| O|  |TAMS 0x000000070cc00000, 0x000000070cc00000| Untracked 
|  76|0x000000070ce00000, 0x000000070d000000, 0x000000070d000000|100%| O|  |TAMS 0x000000070ce00000, 0x000000070ce00000| Untracked 
|  77|0x000000070d000000, 0x000000070d200000, 0x000000070d200000|100%| O|  |TAMS 0x000000070d000000, 0x000000070d000000| Untracked 
|  78|0x000000070d200000, 0x000000070d400000, 0x000000070d400000|100%| O|  |TAMS 0x000000070d200000, 0x000000070d200000| Untracked 
|  79|0x000000070d400000, 0x000000070d600000, 0x000000070d600000|100%| O|  |TAMS 0x000000070d400000, 0x000000070d400000| Untracked 
|  80|0x000000070d600000, 0x000000070d800000, 0x000000070d800000|100%| O|  |TAMS 0x000000070d600000, 0x000000070d600000| Untracked 
|  81|0x000000070d800000, 0x000000070da00000, 0x000000070da00000|100%| O|  |TAMS 0x000000070d800000, 0x000000070d800000| Untracked 
|  82|0x000000070da00000, 0x000000070dc00000, 0x000000070dc00000|100%| O|  |TAMS 0x000000070da00000, 0x000000070da00000| Untracked 
|  83|0x000000070dc00000, 0x000000070de00000, 0x000000070de00000|100%| O|  |TAMS 0x000000070dc00000, 0x000000070dc00000| Untracked 
|  84|0x000000070de00000, 0x000000070e000000, 0x000000070e000000|100%| O|  |TAMS 0x000000070de00000, 0x000000070de00000| Untracked 
|  85|0x000000070e000000, 0x000000070e200000, 0x000000070e200000|100%| O|  |TAMS 0x000000070e000000, 0x000000070e000000| Untracked 
|  86|0x000000070e200000, 0x000000070e400000, 0x000000070e400000|100%| O|  |TAMS 0x000000070e200000, 0x000000070e200000| Untracked 
|  87|0x000000070e400000, 0x000000070e600000, 0x000000070e600000|100%| O|  |TAMS 0x000000070e400000, 0x000000070e400000| Untracked 
|  88|0x000000070e600000, 0x000000070e800000, 0x000000070e800000|100%| O|  |TAMS 0x000000070e600000, 0x000000070e600000| Untracked 
|  89|0x000000070e800000, 0x000000070ea00000, 0x000000070ea00000|100%| O|  |TAMS 0x000000070e800000, 0x000000070e800000| Untracked 
|  90|0x000000070ea00000, 0x000000070ec00000, 0x000000070ec00000|100%| O|  |TAMS 0x000000070ea00000, 0x000000070ea00000| Untracked 
|  91|0x000000070ec00000, 0x000000070ee00000, 0x000000070ee00000|100%| O|  |TAMS 0x000000070ec00000, 0x000000070ec00000| Untracked 
|  92|0x000000070ee00000, 0x000000070f000000, 0x000000070f000000|100%| O|  |TAMS 0x000000070ee00000, 0x000000070ee00000| Untracked 
|  93|0x000000070f000000, 0x000000070f200000, 0x000000070f200000|100%| O|  |TAMS 0x000000070f000000, 0x000000070f000000| Untracked 
|  94|0x000000070f200000, 0x000000070f400000, 0x000000070f400000|100%| O|  |TAMS 0x000000070f200000, 0x000000070f200000| Untracked 
|  95|0x000000070f400000, 0x000000070f600000, 0x000000070f600000|100%| O|  |TAMS 0x000000070f400000, 0x000000070f400000| Untracked 
|  96|0x000000070f600000, 0x000000070f800000, 0x000000070f800000|100%| O|  |TAMS 0x000000070f600000, 0x000000070f600000| Untracked 
|  97|0x000000070f800000, 0x000000070fa00000, 0x000000070fa00000|100%| O|  |TAMS 0x000000070f800000, 0x000000070f800000| Untracked 
|  98|0x000000070fa00000, 0x000000070fc00000, 0x000000070fc00000|100%| O|  |TAMS 0x000000070fa00000, 0x000000070fa00000| Untracked 
|  99|0x000000070fc00000, 0x000000070fe00000, 0x000000070fe00000|100%| O|  |TAMS 0x000000070fc00000, 0x000000070fc00000| Untracked 
| 100|0x000000070fe00000, 0x0000000710000000, 0x0000000710000000|100%| O|  |TAMS 0x000000070fe00000, 0x000000070fe00000| Untracked 
| 101|0x0000000710000000, 0x0000000710200000, 0x0000000710200000|100%| O|  |TAMS 0x0000000710000000, 0x0000000710000000| Untracked 
| 102|0x0000000710200000, 0x0000000710400000, 0x0000000710400000|100%| O|  |TAMS 0x0000000710200000, 0x0000000710200000| Untracked 
| 103|0x0000000710400000, 0x0000000710600000, 0x0000000710600000|100%| O|  |TAMS 0x0000000710400000, 0x0000000710400000| Untracked 
| 104|0x0000000710600000, 0x0000000710800000, 0x0000000710800000|100%| O|  |TAMS 0x0000000710600000, 0x0000000710600000| Untracked 
| 105|0x0000000710800000, 0x0000000710a00000, 0x0000000710a00000|100%| O|  |TAMS 0x0000000710800000, 0x0000000710800000| Untracked 
| 106|0x0000000710a00000, 0x0000000710c00000, 0x0000000710c00000|100%| O|  |TAMS 0x0000000710a00000, 0x0000000710a00000| Untracked 
| 107|0x0000000710c00000, 0x0000000710e00000, 0x0000000710e00000|100%| O|  |TAMS 0x0000000710c00000, 0x0000000710c00000| Untracked 
| 108|0x0000000710e00000, 0x0000000711000000, 0x0000000711000000|100%| O|  |TAMS 0x0000000710e00000, 0x0000000710e00000| Untracked 
| 109|0x0000000711000000, 0x0000000711200000, 0x0000000711200000|100%| O|  |TAMS 0x0000000711000000, 0x0000000711000000| Untracked 
| 110|0x0000000711200000, 0x0000000711400000, 0x0000000711400000|100%| O|  |TAMS 0x0000000711200000, 0x0000000711200000| Untracked 
| 111|0x0000000711400000, 0x0000000711600000, 0x0000000711600000|100%| O|  |TAMS 0x0000000711400000, 0x0000000711400000| Untracked 
| 112|0x0000000711600000, 0x0000000711800000, 0x0000000711800000|100%| O|  |TAMS 0x0000000711600000, 0x0000000711600000| Untracked 
| 113|0x0000000711800000, 0x0000000711a00000, 0x0000000711a00000|100%| O|  |TAMS 0x0000000711800000, 0x0000000711800000| Untracked 
| 114|0x0000000711a00000, 0x0000000711c00000, 0x0000000711c00000|100%| O|  |TAMS 0x0000000711a00000, 0x0000000711a00000| Untracked 
| 115|0x0000000711c00000, 0x0000000711e00000, 0x0000000711e00000|100%| O|  |TAMS 0x0000000711c00000, 0x0000000711c00000| Untracked 
| 116|0x0000000711e00000, 0x0000000712000000, 0x0000000712000000|100%| O|  |TAMS 0x0000000711e00000, 0x0000000711e00000| Untracked 
| 117|0x0000000712000000, 0x0000000712200000, 0x0000000712200000|100%| O|  |TAMS 0x0000000712000000, 0x0000000712000000| Untracked 
| 118|0x0000000712200000, 0x0000000712400000, 0x0000000712400000|100%| O|  |TAMS 0x0000000712200000, 0x0000000712200000| Untracked 
| 119|0x0000000712400000, 0x0000000712600000, 0x0000000712600000|100%| O|  |TAMS 0x0000000712400000, 0x0000000712400000| Untracked 
| 120|0x0000000712600000, 0x0000000712800000, 0x0000000712800000|100%| O|  |TAMS 0x0000000712600000, 0x0000000712600000| Untracked 
| 121|0x0000000712800000, 0x0000000712a00000, 0x0000000712a00000|100%| O|  |TAMS 0x0000000712800000, 0x0000000712800000| Untracked 
| 122|0x0000000712a00000, 0x0000000712c00000, 0x0000000712c00000|100%| O|  |TAMS 0x0000000712a00000, 0x0000000712a00000| Untracked 
| 123|0x0000000712c00000, 0x0000000712e00000, 0x0000000712e00000|100%| O|  |TAMS 0x0000000712c00000, 0x0000000712c00000| Untracked 
| 124|0x0000000712e00000, 0x0000000713000000, 0x0000000713000000|100%| O|  |TAMS 0x0000000712e00000, 0x0000000712e00000| Untracked 
| 125|0x0000000713000000, 0x0000000713200000, 0x0000000713200000|100%| O|  |TAMS 0x0000000713000000, 0x0000000713000000| Untracked 
| 126|0x0000000713200000, 0x0000000713400000, 0x0000000713400000|100%| O|  |TAMS 0x0000000713200000, 0x0000000713200000| Untracked 
| 127|0x0000000713400000, 0x0000000713600000, 0x0000000713600000|100%| O|  |TAMS 0x0000000713400000, 0x0000000713400000| Untracked 
| 128|0x0000000713600000, 0x0000000713800000, 0x0000000713800000|100%| O|  |TAMS 0x0000000713600000, 0x0000000713600000| Untracked 
| 129|0x0000000713800000, 0x0000000713a00000, 0x0000000713a00000|100%| O|  |TAMS 0x0000000713800000, 0x0000000713800000| Untracked 
| 130|0x0000000713a00000, 0x0000000713c00000, 0x0000000713c00000|100%| O|  |TAMS 0x0000000713a00000, 0x0000000713a00000| Untracked 
| 131|0x0000000713c00000, 0x0000000713e00000, 0x0000000713e00000|100%| O|  |TAMS 0x0000000713c00000, 0x0000000713c00000| Untracked 
| 132|0x0000000713e00000, 0x0000000714000000, 0x0000000714000000|100%| O|  |TAMS 0x0000000713e00000, 0x0000000713e00000| Untracked 
| 133|0x0000000714000000, 0x0000000714200000, 0x0000000714200000|100%| O|  |TAMS 0x0000000714000000, 0x0000000714000000| Untracked 
| 134|0x0000000714200000, 0x0000000714400000, 0x0000000714400000|100%| O|  |TAMS 0x0000000714200000, 0x0000000714200000| Untracked 
| 135|0x0000000714400000, 0x0000000714600000, 0x0000000714600000|100%| O|  |TAMS 0x0000000714400000, 0x0000000714400000| Untracked 
| 136|0x0000000714600000, 0x00000007147d8000, 0x0000000714800000| 92%| O|  |TAMS 0x0000000714600000, 0x0000000714600000| Untracked 
| 137|0x0000000714800000, 0x0000000714800000, 0x0000000714a00000|  0%| F|  |TAMS 0x0000000714800000, 0x0000000714800000| Untracked 
| 138|0x0000000714a00000, 0x0000000714a00000, 0x0000000714c00000|  0%| F|  |TAMS 0x0000000714a00000, 0x0000000714a00000| Untracked 
| 139|0x0000000714c00000, 0x0000000714c00000, 0x0000000714e00000|  0%| F|  |TAMS 0x0000000714c00000, 0x0000000714c00000| Untracked 
| 140|0x0000000714e00000, 0x0000000714e00000, 0x0000000715000000|  0%| F|  |TAMS 0x0000000714e00000, 0x0000000714e00000| Untracked 
| 141|0x0000000715000000, 0x0000000715000000, 0x0000000715200000|  0%| F|  |TAMS 0x0000000715000000, 0x0000000715000000| Untracked 
| 142|0x0000000715200000, 0x0000000715200000, 0x0000000715400000|  0%| F|  |TAMS 0x0000000715200000, 0x0000000715200000| Untracked 
| 143|0x0000000715400000, 0x0000000715400000, 0x0000000715600000|  0%| F|  |TAMS 0x0000000715400000, 0x0000000715400000| Untracked 
| 144|0x0000000715600000, 0x0000000715600000, 0x0000000715800000|  0%| F|  |TAMS 0x0000000715600000, 0x0000000715600000| Untracked 
| 145|0x0000000715800000, 0x0000000715800000, 0x0000000715a00000|  0%| F|  |TAMS 0x0000000715800000, 0x0000000715800000| Untracked 
| 146|0x0000000715a00000, 0x0000000715a00000, 0x0000000715c00000|  0%| F|  |TAMS 0x0000000715a00000, 0x0000000715a00000| Untracked 
| 147|0x0000000715c00000, 0x0000000715c00000, 0x0000000715e00000|  0%| F|  |TAMS 0x0000000715c00000, 0x0000000715c00000| Untracked 
| 148|0x0000000715e00000, 0x0000000715e00000, 0x0000000716000000|  0%| F|  |TAMS 0x0000000715e00000, 0x0000000715e00000| Untracked 
| 149|0x0000000716000000, 0x0000000716000000, 0x0000000716200000|  0%| F|  |TAMS 0x0000000716000000, 0x0000000716000000| Untracked 
| 150|0x0000000716200000, 0x0000000716200000, 0x0000000716400000|  0%| F|  |TAMS 0x0000000716200000, 0x0000000716200000| Untracked 
| 151|0x0000000716400000, 0x0000000716400000, 0x0000000716600000|  0%| F|  |TAMS 0x0000000716400000, 0x0000000716400000| Untracked 
| 152|0x0000000716600000, 0x0000000716600000, 0x0000000716800000|  0%| F|  |TAMS 0x0000000716600000, 0x0000000716600000| Untracked 
| 153|0x0000000716800000, 0x0000000716800000, 0x0000000716a00000|  0%| F|  |TAMS 0x0000000716800000, 0x0000000716800000| Untracked 
| 154|0x0000000716a00000, 0x0000000716a00000, 0x0000000716c00000|  0%| F|  |TAMS 0x0000000716a00000, 0x0000000716a00000| Untracked 
| 155|0x0000000716c00000, 0x0000000716c00000, 0x0000000716e00000|  0%| F|  |TAMS 0x0000000716c00000, 0x0000000716c00000| Untracked 
| 156|0x0000000716e00000, 0x0000000716e00000, 0x0000000717000000|  0%| F|  |TAMS 0x0000000716e00000, 0x0000000716e00000| Untracked 
| 157|0x0000000717000000, 0x0000000717000000, 0x0000000717200000|  0%| F|  |TAMS 0x0000000717000000, 0x0000000717000000| Untracked 
| 158|0x0000000717200000, 0x0000000717200000, 0x0000000717400000|  0%| F|  |TAMS 0x0000000717200000, 0x0000000717200000| Untracked 
| 159|0x0000000717400000, 0x0000000717400000, 0x0000000717600000|  0%| F|  |TAMS 0x0000000717400000, 0x0000000717400000| Untracked 
| 160|0x0000000717600000, 0x0000000717600000, 0x0000000717800000|  0%| F|  |TAMS 0x0000000717600000, 0x0000000717600000| Untracked 
| 161|0x0000000717800000, 0x0000000717800000, 0x0000000717a00000|  0%| F|  |TAMS 0x0000000717800000, 0x0000000717800000| Untracked 
| 162|0x0000000717a00000, 0x0000000717a00000, 0x0000000717c00000|  0%| F|  |TAMS 0x0000000717a00000, 0x0000000717a00000| Untracked 
| 163|0x0000000717c00000, 0x0000000717c00000, 0x0000000717e00000|  0%| F|  |TAMS 0x0000000717c00000, 0x0000000717c00000| Untracked 
| 164|0x0000000717e00000, 0x0000000717e00000, 0x0000000718000000|  0%| F|  |TAMS 0x0000000717e00000, 0x0000000717e00000| Untracked 
| 165|0x0000000718000000, 0x0000000718000000, 0x0000000718200000|  0%| F|  |TAMS 0x0000000718000000, 0x0000000718000000| Untracked 
| 166|0x0000000718200000, 0x0000000718200000, 0x0000000718400000|  0%| F|  |TAMS 0x0000000718200000, 0x0000000718200000| Untracked 
| 167|0x0000000718400000, 0x0000000718400000, 0x0000000718600000|  0%| F|  |TAMS 0x0000000718400000, 0x0000000718400000| Untracked 
| 168|0x0000000718600000, 0x0000000718600000, 0x0000000718800000|  0%| F|  |TAMS 0x0000000718600000, 0x0000000718600000| Untracked 
| 169|0x0000000718800000, 0x0000000718800000, 0x0000000718a00000|  0%| F|  |TAMS 0x0000000718800000, 0x0000000718800000| Untracked 
| 170|0x0000000718a00000, 0x0000000718a00000, 0x0000000718c00000|  0%| F|  |TAMS 0x0000000718a00000, 0x0000000718a00000| Untracked 
| 171|0x0000000718c00000, 0x0000000718c00000, 0x0000000718e00000|  0%| F|  |TAMS 0x0000000718c00000, 0x0000000718c00000| Untracked 
| 172|0x0000000718e00000, 0x0000000718fa7300, 0x0000000719000000| 82%| S|CS|TAMS 0x0000000718e00000, 0x0000000718e00000| Complete 
| 173|0x0000000719000000, 0x0000000719200000, 0x0000000719200000|100%| S|CS|TAMS 0x0000000719000000, 0x0000000719000000| Complete 
| 174|0x0000000719200000, 0x0000000719400000, 0x0000000719400000|100%| S|CS|TAMS 0x0000000719200000, 0x0000000719200000| Complete 
| 175|0x0000000719400000, 0x0000000719400000, 0x0000000719600000|  0%| F|  |TAMS 0x0000000719400000, 0x0000000719400000| Untracked 
| 176|0x0000000719600000, 0x0000000719600000, 0x0000000719800000|  0%| F|  |TAMS 0x0000000719600000, 0x0000000719600000| Untracked 
| 177|0x0000000719800000, 0x0000000719800000, 0x0000000719a00000|  0%| F|  |TAMS 0x0000000719800000, 0x0000000719800000| Untracked 
| 178|0x0000000719a00000, 0x0000000719a00000, 0x0000000719c00000|  0%| F|  |TAMS 0x0000000719a00000, 0x0000000719a00000| Untracked 
| 179|0x0000000719c00000, 0x0000000719c00000, 0x0000000719e00000|  0%| F|  |TAMS 0x0000000719c00000, 0x0000000719c00000| Untracked 
| 180|0x0000000719e00000, 0x0000000719e00000, 0x000000071a000000|  0%| F|  |TAMS 0x0000000719e00000, 0x0000000719e00000| Untracked 
| 181|0x000000071a000000, 0x000000071a000000, 0x000000071a200000|  0%| F|  |TAMS 0x000000071a000000, 0x000000071a000000| Untracked 
| 182|0x000000071a200000, 0x000000071a200000, 0x000000071a400000|  0%| F|  |TAMS 0x000000071a200000, 0x000000071a200000| Untracked 
| 183|0x000000071a400000, 0x000000071a400000, 0x000000071a600000|  0%| F|  |TAMS 0x000000071a400000, 0x000000071a400000| Untracked 
| 184|0x000000071a600000, 0x000000071a600000, 0x000000071a800000|  0%| F|  |TAMS 0x000000071a600000, 0x000000071a600000| Untracked 
| 185|0x000000071a800000, 0x000000071a800000, 0x000000071aa00000|  0%| F|  |TAMS 0x000000071a800000, 0x000000071a800000| Untracked 
| 186|0x000000071aa00000, 0x000000071aa00000, 0x000000071ac00000|  0%| F|  |TAMS 0x000000071aa00000, 0x000000071aa00000| Untracked 
| 187|0x000000071ac00000, 0x000000071ac00000, 0x000000071ae00000|  0%| F|  |TAMS 0x000000071ac00000, 0x000000071ac00000| Untracked 
| 188|0x000000071ae00000, 0x000000071ae00000, 0x000000071b000000|  0%| F|  |TAMS 0x000000071ae00000, 0x000000071ae00000| Untracked 
| 189|0x000000071b000000, 0x000000071b000000, 0x000000071b200000|  0%| F|  |TAMS 0x000000071b000000, 0x000000071b000000| Untracked 
| 190|0x000000071b200000, 0x000000071b200000, 0x000000071b400000|  0%| F|  |TAMS 0x000000071b200000, 0x000000071b200000| Untracked 
| 191|0x000000071b400000, 0x000000071b400000, 0x000000071b600000|  0%| F|  |TAMS 0x000000071b400000, 0x000000071b400000| Untracked 
| 192|0x000000071b600000, 0x000000071b600000, 0x000000071b800000|  0%| F|  |TAMS 0x000000071b600000, 0x000000071b600000| Untracked 
| 193|0x000000071b800000, 0x000000071b800000, 0x000000071ba00000|  0%| F|  |TAMS 0x000000071b800000, 0x000000071b800000| Untracked 
| 194|0x000000071ba00000, 0x000000071ba00000, 0x000000071bc00000|  0%| F|  |TAMS 0x000000071ba00000, 0x000000071ba00000| Untracked 
| 195|0x000000071bc00000, 0x000000071bc00000, 0x000000071be00000|  0%| F|  |TAMS 0x000000071bc00000, 0x000000071bc00000| Untracked 
| 196|0x000000071be00000, 0x000000071c000000, 0x000000071c000000|100%| E|  |TAMS 0x000000071be00000, 0x000000071be00000| Complete 
| 197|0x000000071c000000, 0x000000071c200000, 0x000000071c200000|100%| E|CS|TAMS 0x000000071c000000, 0x000000071c000000| Complete 
| 198|0x000000071c200000, 0x000000071c400000, 0x000000071c400000|100%| E|CS|TAMS 0x000000071c200000, 0x000000071c200000| Complete 
| 199|0x000000071c400000, 0x000000071c600000, 0x000000071c600000|100%| E|CS|TAMS 0x000000071c400000, 0x000000071c400000| Complete 
| 200|0x000000071c600000, 0x000000071c800000, 0x000000071c800000|100%| E|CS|TAMS 0x000000071c600000, 0x000000071c600000| Complete 
| 201|0x000000071c800000, 0x000000071ca00000, 0x000000071ca00000|100%| E|CS|TAMS 0x000000071c800000, 0x000000071c800000| Complete 
| 202|0x000000071ca00000, 0x000000071cc00000, 0x000000071cc00000|100%| E|CS|TAMS 0x000000071ca00000, 0x000000071ca00000| Complete 
| 203|0x000000071cc00000, 0x000000071ce00000, 0x000000071ce00000|100%| E|CS|TAMS 0x000000071cc00000, 0x000000071cc00000| Complete 
| 204|0x000000071ce00000, 0x000000071d000000, 0x000000071d000000|100%| E|CS|TAMS 0x000000071ce00000, 0x000000071ce00000| Complete 
| 205|0x000000071d000000, 0x000000071d200000, 0x000000071d200000|100%| E|CS|TAMS 0x000000071d000000, 0x000000071d000000| Complete 
| 206|0x000000071d200000, 0x000000071d400000, 0x000000071d400000|100%| E|CS|TAMS 0x000000071d200000, 0x000000071d200000| Complete 
| 207|0x000000071d400000, 0x000000071d600000, 0x000000071d600000|100%| E|CS|TAMS 0x000000071d400000, 0x000000071d400000| Complete 
| 208|0x000000071d600000, 0x000000071d800000, 0x000000071d800000|100%| E|CS|TAMS 0x000000071d600000, 0x000000071d600000| Complete 
| 209|0x000000071d800000, 0x000000071da00000, 0x000000071da00000|100%| E|CS|TAMS 0x000000071d800000, 0x000000071d800000| Complete 
| 210|0x000000071da00000, 0x000000071dc00000, 0x000000071dc00000|100%| E|CS|TAMS 0x000000071da00000, 0x000000071da00000| Complete 
| 211|0x000000071dc00000, 0x000000071de00000, 0x000000071de00000|100%| E|CS|TAMS 0x000000071dc00000, 0x000000071dc00000| Complete 
| 212|0x000000071de00000, 0x000000071e000000, 0x000000071e000000|100%| E|CS|TAMS 0x000000071de00000, 0x000000071de00000| Complete 
| 213|0x000000071e000000, 0x000000071e200000, 0x000000071e200000|100%| E|CS|TAMS 0x000000071e000000, 0x000000071e000000| Complete 
| 214|0x000000071e200000, 0x000000071e400000, 0x000000071e400000|100%| E|CS|TAMS 0x000000071e200000, 0x000000071e200000| Complete 
| 215|0x000000071e400000, 0x000000071e600000, 0x000000071e600000|100%| E|CS|TAMS 0x000000071e400000, 0x000000071e400000| Complete 
| 216|0x000000071e600000, 0x000000071e800000, 0x000000071e800000|100%| E|CS|TAMS 0x000000071e600000, 0x000000071e600000| Complete 
| 217|0x000000071e800000, 0x000000071ea00000, 0x000000071ea00000|100%| E|CS|TAMS 0x000000071e800000, 0x000000071e800000| Complete 
| 218|0x000000071ea00000, 0x000000071ec00000, 0x000000071ec00000|100%| E|CS|TAMS 0x000000071ea00000, 0x000000071ea00000| Complete 
| 219|0x000000071ec00000, 0x000000071ee00000, 0x000000071ee00000|100%| E|CS|TAMS 0x000000071ec00000, 0x000000071ec00000| Complete 
| 220|0x000000071ee00000, 0x000000071f000000, 0x000000071f000000|100%| E|CS|TAMS 0x000000071ee00000, 0x000000071ee00000| Complete 
| 221|0x000000071f000000, 0x000000071f200000, 0x000000071f200000|100%| E|CS|TAMS 0x000000071f000000, 0x000000071f000000| Complete 
| 222|0x000000071f200000, 0x000000071f400000, 0x000000071f400000|100%| E|CS|TAMS 0x000000071f200000, 0x000000071f200000| Complete 
| 223|0x000000071f400000, 0x000000071f600000, 0x000000071f600000|100%| E|CS|TAMS 0x000000071f400000, 0x000000071f400000| Complete 
| 224|0x000000071f600000, 0x000000071f800000, 0x000000071f800000|100%| E|CS|TAMS 0x000000071f600000, 0x000000071f600000| Complete 
| 225|0x000000071f800000, 0x000000071fa00000, 0x000000071fa00000|100%| E|CS|TAMS 0x000000071f800000, 0x000000071f800000| Complete 
| 226|0x000000071fa00000, 0x000000071fc00000, 0x000000071fc00000|100%| E|CS|TAMS 0x000000071fa00000, 0x000000071fa00000| Complete 
| 227|0x000000071fc00000, 0x000000071fe00000, 0x000000071fe00000|100%| E|CS|TAMS 0x000000071fc00000, 0x000000071fc00000| Complete 
| 228|0x000000071fe00000, 0x0000000720000000, 0x0000000720000000|100%| E|CS|TAMS 0x000000071fe00000, 0x000000071fe00000| Complete 
| 229|0x0000000720000000, 0x0000000720200000, 0x0000000720200000|100%| E|CS|TAMS 0x0000000720000000, 0x0000000720000000| Complete 
| 230|0x0000000720200000, 0x0000000720400000, 0x0000000720400000|100%| E|CS|TAMS 0x0000000720200000, 0x0000000720200000| Complete 
| 231|0x0000000720400000, 0x0000000720600000, 0x0000000720600000|100%| E|CS|TAMS 0x0000000720400000, 0x0000000720400000| Complete 
| 232|0x0000000720600000, 0x0000000720800000, 0x0000000720800000|100%| E|CS|TAMS 0x0000000720600000, 0x0000000720600000| Complete 
| 233|0x0000000720800000, 0x0000000720a00000, 0x0000000720a00000|100%| E|CS|TAMS 0x0000000720800000, 0x0000000720800000| Complete 
| 234|0x0000000720a00000, 0x0000000720c00000, 0x0000000720c00000|100%| E|CS|TAMS 0x0000000720a00000, 0x0000000720a00000| Complete 
| 235|0x0000000720c00000, 0x0000000720e00000, 0x0000000720e00000|100%| E|CS|TAMS 0x0000000720c00000, 0x0000000720c00000| Complete 
| 236|0x0000000720e00000, 0x0000000721000000, 0x0000000721000000|100%| E|CS|TAMS 0x0000000720e00000, 0x0000000720e00000| Complete 
| 237|0x0000000721000000, 0x0000000721200000, 0x0000000721200000|100%| E|CS|TAMS 0x0000000721000000, 0x0000000721000000| Complete 
| 238|0x0000000721200000, 0x0000000721400000, 0x0000000721400000|100%| E|CS|TAMS 0x0000000721200000, 0x0000000721200000| Complete 
| 239|0x0000000721400000, 0x0000000721600000, 0x0000000721600000|100%| E|CS|TAMS 0x0000000721400000, 0x0000000721400000| Complete 
| 240|0x0000000721600000, 0x0000000721800000, 0x0000000721800000|100%| E|CS|TAMS 0x0000000721600000, 0x0000000721600000| Complete 
| 241|0x0000000721800000, 0x0000000721a00000, 0x0000000721a00000|100%| E|CS|TAMS 0x0000000721800000, 0x0000000721800000| Complete 
| 242|0x0000000721a00000, 0x0000000721c00000, 0x0000000721c00000|100%| E|CS|TAMS 0x0000000721a00000, 0x0000000721a00000| Complete 
| 243|0x0000000721c00000, 0x0000000721e00000, 0x0000000721e00000|100%| E|CS|TAMS 0x0000000721c00000, 0x0000000721c00000| Complete 
| 244|0x0000000721e00000, 0x0000000722000000, 0x0000000722000000|100%| E|CS|TAMS 0x0000000721e00000, 0x0000000721e00000| Complete 
| 245|0x0000000722000000, 0x0000000722200000, 0x0000000722200000|100%| E|CS|TAMS 0x0000000722000000, 0x0000000722000000| Complete 
| 246|0x0000000722200000, 0x0000000722400000, 0x0000000722400000|100%| E|CS|TAMS 0x0000000722200000, 0x0000000722200000| Complete 
| 247|0x0000000722400000, 0x0000000722600000, 0x0000000722600000|100%| E|CS|TAMS 0x0000000722400000, 0x0000000722400000| Complete 
| 248|0x0000000722600000, 0x0000000722800000, 0x0000000722800000|100%| E|CS|TAMS 0x0000000722600000, 0x0000000722600000| Complete 
| 249|0x0000000722800000, 0x0000000722a00000, 0x0000000722a00000|100%| E|CS|TAMS 0x0000000722800000, 0x0000000722800000| Complete 
| 250|0x0000000722a00000, 0x0000000722c00000, 0x0000000722c00000|100%| E|CS|TAMS 0x0000000722a00000, 0x0000000722a00000| Complete 
| 251|0x0000000722c00000, 0x0000000722e00000, 0x0000000722e00000|100%| E|CS|TAMS 0x0000000722c00000, 0x0000000722c00000| Complete 
| 252|0x0000000722e00000, 0x0000000723000000, 0x0000000723000000|100%| E|CS|TAMS 0x0000000722e00000, 0x0000000722e00000| Complete 
| 253|0x0000000723000000, 0x0000000723200000, 0x0000000723200000|100%| E|CS|TAMS 0x0000000723000000, 0x0000000723000000| Complete 
| 254|0x0000000723200000, 0x0000000723400000, 0x0000000723400000|100%| E|CS|TAMS 0x0000000723200000, 0x0000000723200000| Complete 

Card table byte_map: [0x000001e1ef680000,0x000001e1efe70000] _byte_map_base: 0x000001e1ebe65000

Marking Bits (Prev, Next): (CMBitMap*) 0x000001e1d83b13d0, (CMBitMap*) 0x000001e1d83b1410
 Prev Bits: [0x000001e1f0660000, 0x000001e1f4588000)
 Next Bits: [0x000001e1f4590000, 0x000001e1f84b8000)

Polling page: 0x000001e1d7b40000

Metaspace:

Usage:
  Non-class:     80.17 MB used.
      Class:      9.12 MB used.
       Both:     89.29 MB used.

Virtual space:
  Non-class space:       88.00 MB reserved,      80.38 MB ( 91%) committed,  11 nodes.
      Class space:        1.00 GB reserved,       9.31 MB ( <1%) committed,  1 nodes.
             Both:        1.09 GB reserved,      89.69 MB (  8%) committed. 

Chunk freelists:
   Non-Class:  3.20 MB
       Class:  2.62 MB
        Both:  5.83 MB

MaxMetaspaceSize: unlimited
CompressedClassSpaceSize: 1.00 GB
Initial GC threshold: 21.00 MB
Current GC threshold: 98.56 MB
CDS: on
MetaspaceReclaimPolicy: balanced
 - commit_granule_bytes: 65536.
 - commit_granule_words: 8192.
 - virtual_space_node_default_size: 1048576.
 - enlarge_chunks_in_place: 1.
 - new_chunks_are_fully_committed: 0.
 - uncommit_free_chunks: 1.
 - use_allocation_guard: 0.
 - handle_deallocations: 1.


Internal statistics:

num_allocs_failed_limit: 6.
num_arena_births: 534.
num_arena_deaths: 0.
num_vsnodes_births: 12.
num_vsnodes_deaths: 0.
num_space_committed: 1433.
num_space_uncommitted: 0.
num_chunks_returned_to_freelist: 6.
num_chunks_taken_from_freelist: 3901.
num_chunk_merges: 6.
num_chunk_splits: 3065.
num_chunks_enlarged: 2623.
num_purges: 0.
num_inconsistent_stats: 0.

CodeHeap 'non-profiled nmethods': size=120000Kb used=18560Kb max_used=18560Kb free=101439Kb
 bounds [0x000001e1e7630000, 0x000001e1e8860000, 0x000001e1eeb60000]
CodeHeap 'profiled nmethods': size=120000Kb used=65394Kb max_used=65394Kb free=54605Kb
 bounds [0x000001e1e0100000, 0x000001e1e40f0000, 0x000001e1e7630000]
CodeHeap 'non-nmethods': size=5760Kb used=1438Kb max_used=1517Kb free=4321Kb
 bounds [0x000001e1dfb60000, 0x000001e1dfdd0000, 0x000001e1e0100000]
 total_blobs=22824 nmethods=22069 adapters=661
 compilation: enabled
              stopped_count=0, restarted_count=0
 full_count=0

Compilation events (20 events):
Event: 43.690 Thread 0x000001e1faf1d1b0 28898 %     3       org.jetbrains.kotlin.codegen.optimization.common.UtilKt::removeUnusedLocalVariables @ 94 (472 bytes)
Event: 43.692 Thread 0x000001e1faf1d1b0 nmethod 28898% 0x000001e1e40bfa90 code [0x000001e1e40bfee0, 0x000001e1e40c2438]
Event: 43.692 Thread 0x000001e1faf1d1b0 28899   !   3       org.jetbrains.kotlin.codegen.optimization.common.FastMethodAnalyzer::analyze (795 bytes)
Event: 43.695 Thread 0x000001e1843b9ca0 nmethod 28825 0x000001e1e8849910 code [0x000001e1e8849ae0, 0x000001e1e884a528]
Event: 43.695 Thread 0x000001e1843b9ca0 28894 %     4       org.jetbrains.kotlin.codegen.inline.MethodInliner::markObsoleteInstruction @ 37 (343 bytes)
Event: 43.699 Thread 0x000001e1faf1d1b0 nmethod 28899 0x000001e1e40c3210 code [0x000001e1e40c3b80, 0x000001e1e40c8df8]
Event: 43.699 Thread 0x000001e1faf1d1b0 28901       3       org.jetbrains.kotlin.codegen.optimization.common.UtilKt::removeUnusedLocalVariables (472 bytes)
Event: 43.701 Thread 0x000001e1faf1d1b0 nmethod 28901 0x000001e1e40cb810 code [0x000001e1e40cbc20, 0x000001e1e40cdde8]
Event: 43.701 Thread 0x000001e1faf1d1b0 28900       3       org.jetbrains.kotlin.codegen.inline.InlineCodegen$Companion::requiresEmptyStackOnEntry (141 bytes)
Event: 43.702 Thread 0x000001e1faf1d1b0 nmethod 28900 0x000001e1e40cea10 code [0x000001e1e40ced60, 0x000001e1e40cff58]
Event: 43.705 Thread 0x000001e1faf1d1b0 28906 %     3       org.jetbrains.kotlin.codegen.optimization.temporaryVals.StoreLoadFrame::merge @ 24 (83 bytes)
Event: 43.707 Thread 0x000001e1faf1d1b0 nmethod 28906% 0x000001e1e40d0590 code [0x000001e1e40d0a00, 0x000001e1e40d2cb8]
Event: 43.707 Thread 0x000001e1faf1d1b0 28907 % !   3       org.jetbrains.kotlin.codegen.optimization.common.FastMethodAnalyzer::analyze @ 140 (795 bytes)
Event: 43.708 Thread 0x000001e1faf19600 nmethod 28849 0x000001e1e884ad10 code [0x000001e1e884af80, 0x000001e1e884bf00]
Event: 43.708 Thread 0x000001e1faf19600 28902       4       org.jetbrains.kotlin.codegen.optimization.nullCheck.NullabilityInterpreter::naryOperation (10 bytes)
Event: 43.709 Thread 0x000001e1faf19600 nmethod 28902 0x000001e1e884cc90 code [0x000001e1e884ce20, 0x000001e1e884cec8]
Event: 43.709 Thread 0x000001e1faf19600 28905       4       org.jetbrains.kotlin.codegen.optimization.boxing.BoxingInterpreter::naryOperation (478 bytes)
Event: 43.713 Thread 0x000001e1faf1d1b0 nmethod 28907% 0x000001e1e40d3990 code [0x000001e1e40d4300, 0x000001e1e40d97d8]
Event: 43.713 Thread 0x000001e1faf1d1b0 28910       2       org.jetbrains.org.objectweb.asm.Frame::accept (264 bytes)
Event: 43.714 Thread 0x000001e1faf1d1b0 nmethod 28910 0x000001e1e40dc290 code [0x000001e1e40dc460, 0x000001e1e40dc998]

GC Heap History (20 events):
Event: 34.048 GC heap before
{Heap before GC invocations=38 (full 0):
 garbage-first heap   total 360448K, used 289560K [0x0000000703600000, 0x0000000800000000)
  region size 2048K, 32 young (65536K), 4 survivors (8192K)
 Metaspace       used 83839K, committed 84288K, reserved 1130496K
  class space    used 8945K, committed 9152K, reserved 1048576K
}
Event: 34.058 GC heap after
{Heap after GC invocations=39 (full 0):
 garbage-first heap   total 434176K, used 235110K [0x0000000703600000, 0x0000000800000000)
  region size 2048K, 2 young (4096K), 2 survivors (4096K)
 Metaspace       used 83839K, committed 84288K, reserved 1130496K
  class space    used 8945K, committed 9152K, reserved 1048576K
}
Event: 35.943 GC heap before
{Heap before GC invocations=39 (full 0):
 garbage-first heap   total 434176K, used 341606K [0x0000000703600000, 0x0000000800000000)
  region size 2048K, 54 young (110592K), 2 survivors (4096K)
 Metaspace       used 84827K, committed 85312K, reserved 1130496K
  class space    used 8954K, committed 9216K, reserved 1048576K
}
Event: 35.950 GC heap after
{Heap after GC invocations=40 (full 0):
 garbage-first heap   total 434176K, used 239205K [0x0000000703600000, 0x0000000800000000)
  region size 2048K, 4 young (8192K), 4 survivors (8192K)
 Metaspace       used 84827K, committed 85312K, reserved 1130496K
  class space    used 8954K, committed 9216K, reserved 1048576K
}
Event: 37.162 GC heap before
{Heap before GC invocations=40 (full 0):
 garbage-first heap   total 434176K, used 347749K [0x0000000703600000, 0x0000000800000000)
  region size 2048K, 57 young (116736K), 4 survivors (8192K)
 Metaspace       used 85347K, committed 85824K, reserved 1130496K
  class space    used 8968K, committed 9216K, reserved 1048576K
}
Event: 37.172 GC heap after
{Heap after GC invocations=41 (full 0):
 garbage-first heap   total 434176K, used 243111K [0x0000000703600000, 0x0000000800000000)
  region size 2048K, 6 young (12288K), 6 survivors (12288K)
 Metaspace       used 85347K, committed 85824K, reserved 1130496K
  class space    used 8968K, committed 9216K, reserved 1048576K
}
Event: 39.304 GC heap before
{Heap before GC invocations=41 (full 0):
 garbage-first heap   total 434176K, used 353703K [0x0000000703600000, 0x0000000800000000)
  region size 2048K, 60 young (122880K), 6 survivors (12288K)
 Metaspace       used 90415K, committed 90880K, reserved 1130496K
  class space    used 9325K, committed 9536K, reserved 1048576K
}
Event: 39.319 GC heap after
{Heap after GC invocations=42 (full 0):
 garbage-first heap   total 434176K, used 248893K [0x0000000703600000, 0x0000000800000000)
  region size 2048K, 5 young (10240K), 5 survivors (10240K)
 Metaspace       used 90415K, committed 90880K, reserved 1130496K
  class space    used 9325K, committed 9536K, reserved 1048576K
}
Event: 40.322 GC heap before
{Heap before GC invocations=42 (full 0):
 garbage-first heap   total 434176K, used 359485K [0x0000000703600000, 0x0000000800000000)
  region size 2048K, 59 young (120832K), 5 survivors (10240K)
 Metaspace       used 90882K, committed 91328K, reserved 1138688K
  class space    used 9334K, committed 9536K, reserved 1048576K
}
Event: 40.337 GC heap after
{Heap after GC invocations=43 (full 0):
 garbage-first heap   total 434176K, used 256922K [0x0000000703600000, 0x0000000800000000)
  region size 2048K, 7 young (14336K), 7 survivors (14336K)
 Metaspace       used 90882K, committed 91328K, reserved 1138688K
  class space    used 9334K, committed 9536K, reserved 1048576K
}
Event: 41.307 GC heap before
{Heap before GC invocations=43 (full 0):
 garbage-first heap   total 434176K, used 359322K [0x0000000703600000, 0x0000000800000000)
  region size 2048K, 57 young (116736K), 7 survivors (14336K)
 Metaspace       used 91070K, committed 91520K, reserved 1138688K
  class space    used 9335K, committed 9536K, reserved 1048576K
}
Event: 41.324 GC heap after
{Heap after GC invocations=44 (full 0):
 garbage-first heap   total 434176K, used 264523K [0x0000000703600000, 0x0000000800000000)
  region size 2048K, 8 young (16384K), 8 survivors (16384K)
 Metaspace       used 91070K, committed 91520K, reserved 1138688K
  class space    used 9335K, committed 9536K, reserved 1048576K
}
Event: 41.887 GC heap before
{Heap before GC invocations=44 (full 0):
 garbage-first heap   total 434176K, used 360779K [0x0000000703600000, 0x0000000800000000)
  region size 2048K, 55 young (112640K), 8 survivors (16384K)
 Metaspace       used 91156K, committed 91584K, reserved 1138688K
  class space    used 9335K, committed 9536K, reserved 1048576K
}
Event: 41.897 GC heap after
{Heap after GC invocations=45 (full 0):
 garbage-first heap   total 434176K, used 269577K [0x0000000703600000, 0x0000000800000000)
  region size 2048K, 4 young (8192K), 4 survivors (8192K)
 Metaspace       used 91156K, committed 91584K, reserved 1138688K
  class space    used 9335K, committed 9536K, reserved 1048576K
}
Event: 42.264 GC heap before
{Heap before GC invocations=45 (full 0):
 garbage-first heap   total 434176K, used 361737K [0x0000000703600000, 0x0000000800000000)
  region size 2048K, 49 young (100352K), 4 survivors (8192K)
 Metaspace       used 91172K, committed 91584K, reserved 1138688K
  class space    used 9335K, committed 9536K, reserved 1048576K
}
Event: 42.273 GC heap after
{Heap after GC invocations=46 (full 0):
 garbage-first heap   total 434176K, used 276560K [0x0000000703600000, 0x0000000800000000)
  region size 2048K, 7 young (14336K), 7 survivors (14336K)
 Metaspace       used 91172K, committed 91584K, reserved 1138688K
  class space    used 9335K, committed 9536K, reserved 1048576K
}
Event: 42.656 GC heap before
{Heap before GC invocations=46 (full 0):
 garbage-first heap   total 434176K, used 360528K [0x0000000703600000, 0x0000000800000000)
  region size 2048K, 48 young (98304K), 7 survivors (14336K)
 Metaspace       used 91238K, committed 91648K, reserved 1138688K
  class space    used 9335K, committed 9536K, reserved 1048576K
}
Event: 42.669 GC heap after
{Heap after GC invocations=47 (full 0):
 garbage-first heap   total 434176K, used 283865K [0x0000000703600000, 0x0000000800000000)
  region size 2048K, 6 young (12288K), 6 survivors (12288K)
 Metaspace       used 91238K, committed 91648K, reserved 1138688K
  class space    used 9335K, committed 9536K, reserved 1048576K
}
Event: 43.017 GC heap before
{Heap before GC invocations=47 (full 0):
 garbage-first heap   total 434176K, used 359641K [0x0000000703600000, 0x0000000800000000)
  region size 2048K, 43 young (88064K), 6 survivors (12288K)
 Metaspace       used 91321K, committed 91776K, reserved 1138688K
  class space    used 9335K, committed 9536K, reserved 1048576K
}
Event: 43.026 GC heap after
{Heap after GC invocations=48 (full 0):
 garbage-first heap   total 522240K, used 286204K [0x0000000703600000, 0x0000000800000000)
  region size 2048K, 3 young (6144K), 3 survivors (6144K)
 Metaspace       used 91321K, committed 91776K, reserved 1138688K
  class space    used 9335K, committed 9536K, reserved 1048576K
}

Deoptimization events (20 events):
Event: 43.667 Thread 0x000001e1d8362760 DEOPT PACKING pc=0x000001e1e7f68e30 sp=0x000000d4206f9eb0
Event: 43.667 Thread 0x000001e1d8362760 DEOPT UNPACKING pc=0x000001e1dfbb5c23 sp=0x000000d4206f9e58 mode 2
Event: 43.671 Thread 0x000001e1d8362760 Uncommon trap: trap_request=0xffffff45 fr.pc=0x000001e1e86cfa80 relative=0x0000000000003620
Event: 43.671 Thread 0x000001e1d8362760 Uncommon trap: reason=unstable_if action=reinterpret pc=0x000001e1e86cfa80 method=org.jetbrains.kotlin.codegen.optimization.common.FastMethodAnalyzer.analyze()[Lorg/jetbrains/org/objectweb/asm/tree/analysis/Frame; @ 429 c2
Event: 43.671 Thread 0x000001e1d8362760 DEOPT PACKING pc=0x000001e1e86cfa80 sp=0x000000d4206f9f60
Event: 43.671 Thread 0x000001e1d8362760 DEOPT UNPACKING pc=0x000001e1dfbb5c23 sp=0x000000d4206f9f20 mode 2
Event: 43.691 Thread 0x000001e1d8362760 Uncommon trap: trap_request=0xffffff45 fr.pc=0x000001e1e84a6854 relative=0x0000000000001b94
Event: 43.691 Thread 0x000001e1d8362760 Uncommon trap: reason=unstable_if action=reinterpret pc=0x000001e1e84a6854 method=org.jetbrains.kotlin.codegen.optimization.common.FastMethodAnalyzer.analyze()[Lorg/jetbrains/org/objectweb/asm/tree/analysis/Frame; @ 429 c2
Event: 43.691 Thread 0x000001e1d8362760 DEOPT PACKING pc=0x000001e1e84a6854 sp=0x000000d4206fbe30
Event: 43.691 Thread 0x000001e1d8362760 DEOPT UNPACKING pc=0x000001e1dfbb5c23 sp=0x000000d4206fbde0 mode 2
Event: 43.695 Thread 0x000001e1d8362760 DEOPT PACKING pc=0x000001e1e2fc804c sp=0x000000d4206fcdf0
Event: 43.695 Thread 0x000001e1d8362760 DEOPT UNPACKING pc=0x000001e1dfbb6763 sp=0x000000d4206fc2f0 mode 0
Event: 43.708 Thread 0x000001e1d8362760 Uncommon trap: trap_request=0xffffff45 fr.pc=0x000001e1e87624f4 relative=0x0000000000000c14
Event: 43.708 Thread 0x000001e1d8362760 Uncommon trap: reason=unstable_if action=reinterpret pc=0x000001e1e87624f4 method=org.jetbrains.org.objectweb.asm.Frame.accept(Lorg/jetbrains/org/objectweb/asm/MethodWriter;)V @ 109 c2
Event: 43.708 Thread 0x000001e1d8362760 DEOPT PACKING pc=0x000001e1e87624f4 sp=0x000000d4206fdee0
Event: 43.708 Thread 0x000001e1d8362760 DEOPT UNPACKING pc=0x000001e1dfbb5c23 sp=0x000000d4206fde80 mode 2
Event: 43.709 Thread 0x000001e1d8362760 Uncommon trap: trap_request=0xffffff45 fr.pc=0x000001e1e7ad2ed4 relative=0x00000000000011b4
Event: 43.709 Thread 0x000001e1d8362760 Uncommon trap: reason=unstable_if action=reinterpret pc=0x000001e1e7ad2ed4 method=org.jetbrains.kotlin.builtins.functions.FunctionClassKind$Companion.parseClassName(Ljava/lang/String;Lorg/jetbrains/kotlin/name/FqName;)Lorg/jetbrains/kotlin/builtins/functi
Event: 43.709 Thread 0x000001e1d8362760 DEOPT PACKING pc=0x000001e1e7ad2ed4 sp=0x000000d4206fd830
Event: 43.709 Thread 0x000001e1d8362760 DEOPT UNPACKING pc=0x000001e1dfbb5c23 sp=0x000000d4206fd6c8 mode 2

Classes unloaded (0 events):
No events

Classes redefined (0 events):
No events

Internal exceptions (20 events):
Event: 19.082 Thread 0x000001e1d8362760 Implicit null exception at 0x000001e1e7bb7145 to 0x000001e1e7bba14b
Event: 23.362 Thread 0x000001e1d8362760 Implicit null exception at 0x000001e1e7952f57 to 0x000001e1e795340d
Event: 24.528 Thread 0x000001e1d8362760 Implicit null exception at 0x000001e1e76d4b6b to 0x000001e1e76d4d40
Event: 25.870 Thread 0x000001e1d8362760 Implicit null exception at 0x000001e1e7c5bfb3 to 0x000001e1e7c5c124
Event: 25.930 Thread 0x000001e1d8362760 Exception <a 'java/lang/NoSuchMethodError'{0x000000070df54710}: 'java.lang.Object java.lang.invoke.DirectMethodHandle$Holder.invokeStaticInit(java.lang.Object, java.lang.Object, java.lang.Object, java.lang.Object)'> (0x000000070df54710) 
thrown [t:\workspace\open\src\hotspot\share\interpreter\linkResolver.cpp, line 766]
Event: 26.092 Thread 0x000001e1d8362760 Implicit null exception at 0x000001e1e7b3d813 to 0x000001e1e7b3d96c
Event: 26.134 Thread 0x000001e1d8362760 Exception <a 'java/lang/NoSuchMethodError'{0x0000000711096060}: 'int java.lang.invoke.DirectMethodHandle$Holder.invokeStaticInit(java.lang.Object, java.lang.Object, java.lang.Object, java.lang.Object)'> (0x0000000711096060) 
thrown [t:\workspace\open\src\hotspot\share\interpreter\linkResolver.cpp, line 766]
Event: 26.173 Thread 0x000001e1d8362760 Exception <a 'java/lang/NoSuchMethodError'{0x0000000710f1c950}: 'java.lang.Object java.lang.invoke.DirectMethodHandle$Holder.newInvokeSpecial(java.lang.Object, java.lang.Object, java.lang.Object, int, int)'> (0x0000000710f1c950) 
thrown [t:\workspace\open\src\hotspot\share\interpreter\linkResolver.cpp, line 766]
Event: 26.173 Thread 0x000001e1d8362760 Exception <a 'java/lang/NoSuchMethodError'{0x0000000710f20790}: 'java.lang.Object java.lang.invoke.DirectMethodHandle$Holder.invokeSpecial(java.lang.Object, java.lang.Object, java.lang.Object, java.lang.Object, int, int)'> (0x0000000710f20790) 
thrown [t:\workspace\open\src\hotspot\share\interpreter\linkResolver.cpp, line 766]
Event: 26.207 Thread 0x000001e1d8362760 Exception <a 'java/lang/NoSuchMethodError'{0x0000000710ce2ca8}: 'java.lang.Object java.lang.invoke.DirectMethodHandle$Holder.invokeSpecial(java.lang.Object, java.lang.Object, int, int, java.lang.Object, java.lang.Object, java.lang.Object, java.lang.Object, java.lang.Object)'> (0x0000000710ce2ca8) 
thrown [t:\workspace\open\src\hotspot\share\interpreter\linkResolver.cpp, line 766]
Event: 26.639 Thread 0x000001e1d8362760 Implicit null exception at 0x000001e1e769cd70 to 0x000001e1e769cfa8
Event: 27.097 Thread 0x000001e1d8362760 Exception <a 'java/lang/NoSuchMethodError'{0x000000070ea0c388}: 'java.lang.Object java.lang.invoke.DirectMethodHandle$Holder.newInvokeSpecial(java.lang.Object, java.lang.Object, int, int, java.lang.Object, java.lang.Object, java.lang.Object)'> (0x000000070ea0c388) 
thrown [t:\workspace\open\src\hotspot\share\interpreter\linkResolver.cpp, line 766]
Event: 27.097 Thread 0x000001e1d8362760 Exception <a 'java/lang/NoSuchMethodError'{0x000000070ea11180}: 'java.lang.Object java.lang.invoke.DirectMethodHandle$Holder.invokeSpecial(java.lang.Object, java.lang.Object, java.lang.Object, int, int, java.lang.Object, java.lang.Object, java.lang.Object)'> (0x000000070ea11180) 
thrown [t:\workspace\open\src\hotspot\share\interpreter\linkResolver.cpp, line 766]
Event: 29.155 Thread 0x000001e1d8362760 Implicit null exception at 0x000001e1e82300c3 to 0x000001e1e82307f4
Event: 31.123 Thread 0x000001e1d8362760 Implicit null exception at 0x000001e1e7fc5724 to 0x000001e1e7fc655c
Event: 32.850 Thread 0x000001e1d8362760 Implicit null exception at 0x000001e1e82b7666 to 0x000001e1e82b7716
Event: 32.931 Thread 0x000001e1d8362760 Implicit null exception at 0x000001e1e82e56a8 to 0x000001e1e82e70f8
Event: 35.060 Thread 0x000001e1d8362760 Implicit null exception at 0x000001e1e84a2bb7 to 0x000001e1e84a2d90
Event: 36.056 Thread 0x000001e1d8362760 Implicit null exception at 0x000001e1e84ede00 to 0x000001e1e84eff60
Event: 36.338 Thread 0x000001e1d8362760 Implicit null exception at 0x000001e1e843d914 to 0x000001e1e8441508

VM Operations (20 events):
Event: 40.268 Executing VM operation: ICBufferFull
Event: 40.268 Executing VM operation: ICBufferFull done
Event: 40.322 Executing VM operation: G1CollectForAllocation
Event: 40.337 Executing VM operation: G1CollectForAllocation done
Event: 40.896 Executing VM operation: ICBufferFull
Event: 40.896 Executing VM operation: ICBufferFull done
Event: 41.307 Executing VM operation: G1CollectForAllocation
Event: 41.324 Executing VM operation: G1CollectForAllocation done
Event: 41.533 Executing VM operation: ICBufferFull
Event: 41.534 Executing VM operation: ICBufferFull done
Event: 41.887 Executing VM operation: G1CollectForAllocation
Event: 41.897 Executing VM operation: G1CollectForAllocation done
Event: 41.966 Executing VM operation: HandshakeAllThreads
Event: 41.967 Executing VM operation: HandshakeAllThreads done
Event: 42.264 Executing VM operation: G1CollectForAllocation
Event: 42.273 Executing VM operation: G1CollectForAllocation done
Event: 42.656 Executing VM operation: G1CollectForAllocation
Event: 42.669 Executing VM operation: G1CollectForAllocation done
Event: 43.017 Executing VM operation: G1CollectForAllocation
Event: 43.026 Executing VM operation: G1CollectForAllocation done

Events (20 events):
Event: 42.016 Thread 0x000001e1faf257c0 flushing nmethod 0x000001e1e39d9510
Event: 42.016 Thread 0x000001e1faf257c0 flushing nmethod 0x000001e1e39e0490
Event: 42.016 Thread 0x000001e1faf257c0 flushing nmethod 0x000001e1e39e0e90
Event: 42.016 Thread 0x000001e1faf257c0 flushing nmethod 0x000001e1e39efa10
Event: 42.016 Thread 0x000001e1faf257c0 flushing nmethod 0x000001e1e39eff10
Event: 42.016 Thread 0x000001e1faf257c0 flushing nmethod 0x000001e1e39f0490
Event: 42.016 Thread 0x000001e1faf257c0 flushing nmethod 0x000001e1e39f2b90
Event: 42.017 Thread 0x000001e1faf257c0 flushing nmethod 0x000001e1e3a02f90
Event: 42.017 Thread 0x000001e1faf257c0 flushing nmethod 0x000001e1e3a09110
Event: 42.017 Thread 0x000001e1faf257c0 flushing nmethod 0x000001e1e3a09a10
Event: 42.017 Thread 0x000001e1faf257c0 flushing nmethod 0x000001e1e3a20310
Event: 42.017 Thread 0x000001e1faf257c0 flushing nmethod 0x000001e1e3a47290
Event: 42.018 Thread 0x000001e1faf257c0 flushing nmethod 0x000001e1e3b38a10
Event: 42.018 Thread 0x000001e1faf257c0 flushing nmethod 0x000001e1e3b42510
Event: 42.018 Thread 0x000001e1faf257c0 flushing nmethod 0x000001e1e3b42990
Event: 42.018 Thread 0x000001e1faf257c0 flushing nmethod 0x000001e1e3b4df10
Event: 42.018 Thread 0x000001e1faf257c0 flushing nmethod 0x000001e1e3b8a790
Event: 42.018 Thread 0x000001e1faf257c0 flushing nmethod 0x000001e1e3bd0490
Event: 42.019 Thread 0x000001e1faf257c0 flushing nmethod 0x000001e1e3c85810
Event: 42.019 Thread 0x000001e1faf257c0 flushing nmethod 0x000001e1e3d3db90


Dynamic libraries:
0x00007ff794c70000 - 0x00007ff794c7e000 	C:\Program Files\Java\jdk-17.0.1\bin\java.exe
0x00007ffe23150000 - 0x00007ffe23348000 	C:\Windows\SYSTEM32\ntdll.dll
0x00007ffe21a30000 - 0x00007ffe21aef000 	C:\Windows\System32\KERNEL32.DLL
0x00007ffe20d80000 - 0x00007ffe21076000 	C:\Windows\System32\KERNELBASE.dll
0x00007ffe20910000 - 0x00007ffe20a10000 	C:\Windows\System32\ucrtbase.dll
0x00007ffdee490000 - 0x00007ffdee4a8000 	C:\Program Files\Java\jdk-17.0.1\bin\jli.dll
0x00007ffdedfc0000 - 0x00007ffdedfda000 	C:\Program Files\Java\jdk-17.0.1\bin\VCRUNTIME140.dll
0x00007ffe211b0000 - 0x00007ffe2134d000 	C:\Windows\System32\USER32.dll
0x00007ffe20d50000 - 0x00007ffe20d72000 	C:\Windows\System32\win32u.dll
0x00007ffe21560000 - 0x00007ffe2158c000 	C:\Windows\System32\GDI32.dll
0x00007ffe0c7a0000 - 0x00007ffe0ca3a000 	C:\Windows\WinSxS\amd64_microsoft.windows.common-controls_6595b64144ccf1df_6.0.19041.1110_none_60b5254171f9507e\COMCTL32.dll
0x00007ffe20be0000 - 0x00007ffe20cf5000 	C:\Windows\System32\gdi32full.dll
0x00007ffe21590000 - 0x00007ffe2162e000 	C:\Windows\System32\msvcrt.dll
0x00007ffe21080000 - 0x00007ffe2111d000 	C:\Windows\System32\msvcp_win.dll
0x00007ffe23050000 - 0x00007ffe23080000 	C:\Windows\System32\IMM32.DLL
0x00007ffe1bab0000 - 0x00007ffe1babc000 	C:\Program Files\Java\jdk-17.0.1\bin\vcruntime140_1.dll
0x00007ffded560000 - 0x00007ffded5ed000 	C:\Program Files\Java\jdk-17.0.1\bin\msvcp140.dll
0x00007ffd53dd0000 - 0x00007ffd5498e000 	C:\Program Files\Java\jdk-17.0.1\bin\server\jvm.dll
0x00007ffe21630000 - 0x00007ffe216df000 	C:\Windows\System32\ADVAPI32.dll
0x00007ffe216e0000 - 0x00007ffe2177c000 	C:\Windows\System32\sechost.dll
0x00007ffe21850000 - 0x00007ffe21976000 	C:\Windows\System32\RPCRT4.dll
0x00007ffe23100000 - 0x00007ffe23108000 	C:\Windows\System32\PSAPI.DLL
0x00007ffdfd280000 - 0x00007ffdfd289000 	C:\Windows\SYSTEM32\WSOCK32.dll
0x00007ffe128f0000 - 0x00007ffe128fa000 	C:\Windows\SYSTEM32\VERSION.dll
0x00007ffe0b670000 - 0x00007ffe0b697000 	C:\Windows\SYSTEM32\WINMM.dll
0x00007ffe21ba0000 - 0x00007ffe21c0b000 	C:\Windows\System32\WS2_32.dll
0x00007ffe1f030000 - 0x00007ffe1f042000 	C:\Windows\SYSTEM32\kernel.appcore.dll
0x00007ffe17d70000 - 0x00007ffe17d7a000 	C:\Program Files\Java\jdk-17.0.1\bin\jimage.dll
0x00007ffe1e510000 - 0x00007ffe1e6f4000 	C:\Windows\SYSTEM32\DBGHELP.DLL
0x00007ffe02c00000 - 0x00007ffe02c34000 	C:\Windows\SYSTEM32\dbgcore.DLL
0x00007ffe21120000 - 0x00007ffe211a2000 	C:\Windows\System32\bcryptPrimitives.dll
0x00007ffded6b0000 - 0x00007ffded6d5000 	C:\Program Files\Java\jdk-17.0.1\bin\java.dll
0x00007ffdd8a70000 - 0x00007ffdd8b46000 	C:\Program Files\Java\jdk-17.0.1\bin\svml.dll
0x00007ffe22700000 - 0x00007ffe22e44000 	C:\Windows\System32\SHELL32.dll
0x00007ffe1e890000 - 0x00007ffe1f023000 	C:\Windows\SYSTEM32\windows.storage.dll
0x00007ffe21c70000 - 0x00007ffe21fc4000 	C:\Windows\System32\combase.dll
0x00007ffe20290000 - 0x00007ffe202be000 	C:\Windows\SYSTEM32\Wldp.dll
0x00007ffe21af0000 - 0x00007ffe21b9d000 	C:\Windows\System32\SHCORE.dll
0x00007ffe21c10000 - 0x00007ffe21c65000 	C:\Windows\System32\shlwapi.dll
0x00007ffe20770000 - 0x00007ffe2078f000 	C:\Windows\SYSTEM32\profapi.dll
0x00007ffded820000 - 0x00007ffded839000 	C:\Program Files\Java\jdk-17.0.1\bin\net.dll
0x00007ffe1a5f0000 - 0x00007ffe1a6fa000 	C:\Windows\SYSTEM32\WINHTTP.dll
0x00007ffe1fff0000 - 0x00007ffe2005a000 	C:\Windows\system32\mswsock.dll
0x00007ffded7b0000 - 0x00007ffded7c5000 	C:\Program Files\Java\jdk-17.0.1\bin\nio.dll
0x00007ffded690000 - 0x00007ffded6a8000 	C:\Program Files\Java\jdk-17.0.1\bin\zip.dll
0x00007ffe175b0000 - 0x00007ffe175c0000 	C:\Program Files\Java\jdk-17.0.1\bin\verify.dll

dbghelp: loaded successfully - version: 4.0.5 - missing functions: none
symbol engine: initialized successfully - sym options: 0x614 - pdb path: .;C:\Program Files\Java\jdk-17.0.1\bin;C:\Windows\SYSTEM32;C:\Windows\WinSxS\amd64_microsoft.windows.common-controls_6595b64144ccf1df_6.0.19041.1110_none_60b5254171f9507e;C:\Program Files\Java\jdk-17.0.1\bin\server

VM Arguments:
java_command: org.jetbrains.kotlin.cli.jvm.K2JVMCompiler @E:\Programming\Kotlin\AndroidStudioProjects\KariraApp\app\build\20230612_16543497635640172981.compiler.options
java_class_path (initial): C:\Users\ekiri\.gradle\caches\modules-2\files-2.1\org.jetbrains.kotlin\kotlin-compiler-embeddable\1.7.20\8db18559a581dd2c36ddfd5046af145650f5b126\kotlin-compiler-embeddable-1.7.20.jar;C:\Users\ekiri\.gradle\caches\modules-2\files-2.1\org.jetbrains.kotlin\kotlin-reflect\1.7.20\12b2501e33bb6373e8e347c86d85481863629381\kotlin-reflect-1.7.20.jar;C:\Users\ekiri\.gradle\caches\modules-2\files-2.1\org.jetbrains.kotlin\kotlin-stdlib\1.7.20\726594ea9ba2beb2ee113647fefa9a10f9fabe52\kotlin-stdlib-1.7.20.jar;C:\Users\ekiri\.gradle\caches\modules-2\files-2.1\org.jetbrains.kotlin\kotlin-script-runtime\1.7.20\bcd1cc6f865e632550357fcc59f5ffd532615a8\kotlin-script-runtime-1.7.20.jar;C:\Users\ekiri\.gradle\caches\modules-2\files-2.1\org.jetbrains.kotlin\kotlin-daemon-embeddable\1.7.20\1e24355adad8d529d75d5b19eab55484057431ba\kotlin-daemon-embeddable-1.7.20.jar;C:\Users\ekiri\.gradle\caches\modules-2\files-2.1\org.jetbrains.intellij.deps\trove4j\1.0.20200330\3afb14d5f9ceb459d724e907a21145e8ff394f02\trove4j-1.0.20200330.jar;C:\Users\ekiri\.gradle\caches\modules-2\files-2.1\net.java.dev.jna\jna\5.6.0\330f2244e9030119ab3030fc3fededc86713d9cc\jna-5.6.0.jar;C:\Users\ekiri\.gradle\caches\modules-2\files-2.1\org.jetbrains.kotlin\kotlin-stdlib-common\1.7.20\e15351bdaf9fa06f009be5da7a202e4184f00ae3\kotlin-stdlib-common-1.7.20.jar;C:\Users\ekiri\.gradle\caches\modules-2\files-2.1\org.jetbrains\annotations\13.0\919f0dfe192fb4e063e7dacadee7f8bb9a2672a9\annotations-13.0.jar
Launcher Type: SUN_STANDARD

[Global flags]
     intx CICompilerCount                          = 4                                         {product} {ergonomic}
     uint ConcGCThreads                            = 2                                         {product} {ergonomic}
     uint G1ConcRefinementThreads                  = 8                                         {product} {ergonomic}
   size_t G1HeapRegionSize                         = 2097152                                   {product} {ergonomic}
    uintx GCDrainStackTargetSize                   = 64                                        {product} {ergonomic}
   size_t InitialHeapSize                          = 266338304                                 {product} {ergonomic}
   size_t MarkStackSize                            = 4194304                                   {product} {ergonomic}
   size_t MaxHeapSize                              = 4238344192                                {product} {ergonomic}
   size_t MaxNewSize                               = 2541748224                                {product} {ergonomic}
   size_t MinHeapDeltaBytes                        = 2097152                                   {product} {ergonomic}
   size_t MinHeapSize                              = 8388608                                   {product} {ergonomic}
    uintx NonNMethodCodeHeapSize                   = 5839372                                {pd product} {ergonomic}
    uintx NonProfiledCodeHeapSize                  = 122909434                              {pd product} {ergonomic}
    uintx ProfiledCodeHeapSize                     = 122909434                              {pd product} {ergonomic}
    uintx ReservedCodeCacheSize                    = 251658240                              {pd product} {ergonomic}
     bool SegmentedCodeCache                       = true                                      {product} {ergonomic}
   size_t SoftMaxHeapSize                          = 4238344192                             {manageable} {ergonomic}
     bool UseCompressedClassPointers               = true                           {product lp64_product} {ergonomic}
     bool UseCompressedOops                        = true                           {product lp64_product} {ergonomic}
     bool UseG1GC                                  = true                                      {product} {ergonomic}
     bool UseLargePagesIndividualAllocation        = false                                  {pd product} {ergonomic}

Logging:
Log output configuration:
 #0: stdout all=warning uptime,level,tags
 #1: stderr all=off uptime,level,tags

Environment Variables:
JAVA_HOME=C:\Program Files\Java\jdk-17.0.1
PATH=C:\ProgramData\scoop\shims;C:\Program Files\Common Files\Oracle\Java\javapath;C:\Python39\Scripts\;C:\Python39\;C:\Windows\system32;C:\Windows;C:\Windows\System32\Wbem;C:\Windows\System32\WindowsPowerShell\v1.0\;C:\Windows\System32\OpenSSH\;C:\Program Files (x86)\NVIDIA Corporation\PhysX\Common;C:\Program Files\NVIDIA Corporation\NVIDIA NvDLISR;C:\ProgramData\chocolatey\bin;C:\Program Files\Git\cmd;C:\Program Files\PuTTY\;C:\ProgramData\ComposerSetup\bin;C:\xampp\php;C:\Program Files\Go\bin;C:\Gradle\gradle-7.4.2\bin;C:\Program Files\dotnet\;C:\Program Files\OpenSSL-Win64\bin;C:\Program Files\Erlang OTP\bin;C:\Program Files (x86)\Elixir\bin;C:\Windows\system32\config\systemprofile\.mix\escripts;E:\sonarqube\sonar-scanner-4.8.0.2856-windows\bin;C:\Users\ekiri\AppData\Roaming\nvm;C:\Program Files\nodejs;C:\Program Files\Docker\Docker\resources\bin;C:\Program Files\Cloudflare\Cloudflare WARP\;C:\Program Files\Java\jdk-17.0.1\bin;C:\Users\ekiri\AppData\Local\Programs\Python\Python310\Scripts\;C:\Users\ekiri\AppData\Local\Programs\Python\Python310\;C:\Users\ekiri\scoop\shims;C:\Users\ekiri\AppData\Local\Microsoft\WindowsApps;C:\Users\ekiri\AppData\Local\Programs\Microsoft VS Code\bin;C:\Users\ekiri\AppData\Local\GitHubDesktop\bin;C:\src\flutter\bin;C:\Program Files\heroku\bin;C:\Program Files\PostgreSQL\14\bin;C:\Users\ekiri\AppData\Roaming\Composer\vendor\bin;C:\Users\ekiri\go\bin;C:\Users\ekiri\AppData\Roaming\npm;C:\Users\ekiri\AppData\Roaming\cabal\bin;C:\tools\ghc-9.4.2\bin;C:\Users\ekiri\AppData\Roaming\local\bin;C:\Program Files\Erlang OTP\bin;C:\tools\dart-sdk\bin;C:\Users\ekiri\AppData\Roaming\Pub\Cache\bin;C:\Users\ekiri\AppData\Local\Google\Cloud SDK\google-cloud-sdk\bin;C:\Users\ekiri\.fly\bin;E:\sonarqube\sonar-scanner-4.8.0.2856-windows\bin;C:\Users\ekiri\AppData\Roaming\nvm;C:\Program Files\nodejs;
USERNAME=ekiri
OS=Windows_NT
PROCESSOR_IDENTIFIER=Intel64 Family 6 Model 140 Stepping 1, GenuineIntel



---------------  S Y S T E M  ---------------

OS:
 Windows 10 , 64 bit Build 19041 (10.0.19041.2913)
OS uptime: 0 days 20:29 hours
Hyper-V role detected

CPU: total 8 (initial active 8) (4 cores per cpu, 2 threads per core) family 6 model 140 stepping 1 microcode 0x8a, cx8, cmov, fxsr, ht, mmx, 3dnowpref, sse, sse2, sse3, ssse3, sse4.1, sse4.2, popcnt, lzcnt, tsc, tscinvbit, avx, avx2, aes, erms, clmul, bmi1, bmi2, adx, avx512f, avx512dq, avx512cd, avx512bw, avx512vl, sha, fma, vzeroupper, avx512_vpopcntdq, avx512_vpclmulqdq, avx512_vaes, avx512_vnni, clflush, clflushopt, clwb, avx512_vbmi2, avx512_vbmi, hv

Memory: 4k page, system-wide physical 16167M (530M free)
TotalPageFile size 35331M (AvailPageFile size 0M)
current process WorkingSet (physical memory assigned to process): 838M, peak: 838M
current process commit charge ("private bytes"): 888M, peak: 889M

vm_info: OpenJDK 64-Bit Server VM (17.0.1+12-39) for windows-amd64 JRE (17.0.1+12-39), built on Sep 27 2021 18:39:29 by "mach5one" with MS VC++ 16.8 (VS2019)

END.
