#
# There is insufficient memory for the Java Runtime Environment to continue.
# Native memory allocation (mmap) failed to map 85983232 bytes for G1 virtual space
# Possible reasons:
#   The system is out of physical RAM or swap space
#   The process is running with CompressedOops enabled, and the Java Heap may be blocking the growth of the native heap
# Possible solutions:
#   Reduce memory load on the system
#   Increase physical memory or swap space
#   Check if swap backing store is full
#   Decrease Java heap size (-Xmx/-Xms)
#   Decrease number of Java threads
#   Decrease Java thread stack sizes (-Xss)
#   Set larger code cache with -XX:ReservedCodeCacheSize=
#   JVM is running with Zero Based Compressed Oops mode in which the Java heap is
#     placed in the first 32GB address space. The Java Heap base address is the
#     maximum limit for the native heap growth. Please use -XX:HeapBaseMinAddress
#     to set the Java Heap base and to place the Java Heap above 32GB virtual address.
# This output file may be truncated or incomplete.
#
#  Out of Memory Error (os_windows.cpp:3469), pid=38476, tid=36816
#
# JRE version: OpenJDK Runtime Environment (17.0.1+12) (build 17.0.1+12-39)
# Java VM: OpenJDK 64-Bit Server VM (17.0.1+12-39, mixed mode, sharing, tiered, compressed oops, compressed class ptrs, g1 gc, windows-amd64)
# No core dump will be written. Minidumps are not enabled by default on client versions of Windows
#

---------------  S U M M A R Y ------------

Command Line: org.jetbrains.kotlin.cli.jvm.K2JVMCompiler @E:\Programming\Kotlin\AndroidStudioProjects\KariraApp\app\build\20230612_16306435678695715952.compiler.options

Host: 11th Gen Intel(R) Core(TM) i7-1165G7 @ 2.80GHz, 8 cores, 15G,  Windows 10 , 64 bit Build 19041 (10.0.19041.2913)
Time: Mon Jun 12 19:35:38 2023 SE Asia Standard Time elapsed time: 56.839013 seconds (0d 0h 0m 56s)

---------------  T H R E A D  ---------------

Current thread (0x000001c17b6711a0):  VMThread "VM Thread" [stack: 0x0000004814b00000,0x0000004814c00000] [id=36816]

Stack: [0x0000004814b00000,0x0000004814c00000]
Native frames: (J=compiled Java code, j=interpreted, Vv=VM code, C=native code)
V  [jvm.dll+0x66fa1a]
V  [jvm.dll+0x7ce5a4]
V  [jvm.dll+0x7cfd4e]
V  [jvm.dll+0x7d03b3]
V  [jvm.dll+0x242b05]
V  [jvm.dll+0x66ca39]
V  [jvm.dll+0x661502]
V  [jvm.dll+0x30081b]
V  [jvm.dll+0x307da6]
V  [jvm.dll+0x357a1e]
V  [jvm.dll+0x357c4f]
V  [jvm.dll+0x2d7ad8]
V  [jvm.dll+0x2d5da4]
V  [jvm.dll+0x2d53ac]
V  [jvm.dll+0x318d0b]
V  [jvm.dll+0x7d484b]
V  [jvm.dll+0x7d5584]
V  [jvm.dll+0x7d5a9c]
V  [jvm.dll+0x7d5e74]
V  [jvm.dll+0x7d5f40]
V  [jvm.dll+0x77e91a]
V  [jvm.dll+0x66e845]
C  [ucrtbase.dll+0x21bb2]
C  [KERNEL32.DLL+0x17614]
C  [ntdll.dll+0x526a1]

VM_Operation (0x00000048145fdb40): G1CollectForAllocation, mode: safepoint, requested by thread 0x000001c158ae0940


---------------  P R O C E S S  ---------------

Threads class SMR info:
_java_thread_list=0x000001c1021ea3a0, length=13, elements={
0x000001c158ae0940, 0x000001c17b6770a0, 0x000001c17b677c50, 0x000001c17b68cc60,
0x000001c17b68d720, 0x000001c17b6921f0, 0x000001c17b692ba0, 0x000001c17b693930,
0x000001c17b694b70, 0x000001c17b695d00, 0x000001c17c0fa400, 0x000001c17c0feb70,
0x000001c10062ef90
}

Java Threads: ( => current thread )
  0x000001c158ae0940 JavaThread "main" [_thread_blocked, id=34536, stack(0x0000004814500000,0x0000004814600000)]
  0x000001c17b6770a0 JavaThread "Reference Handler" daemon [_thread_blocked, id=35340, stack(0x0000004814c00000,0x0000004814d00000)]
  0x000001c17b677c50 JavaThread "Finalizer" daemon [_thread_blocked, id=21972, stack(0x0000004814d00000,0x0000004814e00000)]
  0x000001c17b68cc60 JavaThread "Signal Dispatcher" daemon [_thread_blocked, id=33588, stack(0x0000004814e00000,0x0000004814f00000)]
  0x000001c17b68d720 JavaThread "Attach Listener" daemon [_thread_blocked, id=33492, stack(0x0000004814f00000,0x0000004815000000)]
  0x000001c17b6921f0 JavaThread "Service Thread" daemon [_thread_blocked, id=22804, stack(0x0000004815000000,0x0000004815100000)]
  0x000001c17b692ba0 JavaThread "Monitor Deflation Thread" daemon [_thread_blocked, id=36732, stack(0x0000004815100000,0x0000004815200000)]
  0x000001c17b693930 JavaThread "C2 CompilerThread0" daemon [_thread_blocked, id=29084, stack(0x0000004815200000,0x0000004815300000)]
  0x000001c17b694b70 JavaThread "C1 CompilerThread0" daemon [_thread_blocked, id=31932, stack(0x0000004815300000,0x0000004815400000)]
  0x000001c17b695d00 JavaThread "Sweeper thread" daemon [_thread_blocked, id=15984, stack(0x0000004815400000,0x0000004815500000)]
  0x000001c17c0fa400 JavaThread "Notification Thread" daemon [_thread_blocked, id=28852, stack(0x0000004815500000,0x0000004815600000)]
  0x000001c17c0feb70 JavaThread "Common-Cleaner" daemon [_thread_blocked, id=32176, stack(0x0000004815700000,0x0000004815800000)]
  0x000001c10062ef90 JavaThread "C2 CompilerThread1" daemon [_thread_blocked, id=18552, stack(0x0000004815800000,0x0000004815900000)]

Other Threads:
=>0x000001c17b6711a0 VMThread "VM Thread" [stack: 0x0000004814b00000,0x0000004814c00000] [id=36816]
  0x000001c17c0fa8d0 WatcherThread [stack: 0x0000004815600000,0x0000004815700000] [id=32356]
  0x000001c158b31020 GCTaskThread "GC Thread#0" [stack: 0x0000004814600000,0x0000004814700000] [id=25168]
  0x000001c17c658cd0 GCTaskThread "GC Thread#1" [stack: 0x0000004815900000,0x0000004815a00000] [id=5680]
  0x000001c17c6713e0 GCTaskThread "GC Thread#2" [stack: 0x0000004815a00000,0x0000004815b00000] [id=11556]
  0x000001c17c671690 GCTaskThread "GC Thread#3" [stack: 0x0000004815b00000,0x0000004815c00000] [id=23880]
  0x000001c17c671940 GCTaskThread "GC Thread#4" [stack: 0x0000004815c00000,0x0000004815d00000] [id=33156]
  0x000001c17c671bf0 GCTaskThread "GC Thread#5" [stack: 0x0000004815d00000,0x0000004815e00000] [id=29436]
  0x000001c17d696900 GCTaskThread "GC Thread#6" [stack: 0x0000004815f00000,0x0000004816000000] [id=33744]
  0x000001c17d7205a0 GCTaskThread "GC Thread#7" [stack: 0x0000004816000000,0x0000004816100000] [id=33600]
  0x000001c158b42c00 ConcurrentGCThread "G1 Main Marker" [stack: 0x0000004814700000,0x0000004814800000] [id=3632]
  0x000001c158b43610 ConcurrentGCThread "G1 Conc#0" [stack: 0x0000004814800000,0x0000004814900000] [id=35032]
  0x000001c17d70bba0 ConcurrentGCThread "G1 Conc#1" [stack: 0x0000004816100000,0x0000004816200000] [id=32808]
  0x000001c158bb70d0 ConcurrentGCThread "G1 Refine#0" [stack: 0x0000004814900000,0x0000004814a00000] [id=26460]
  0x000001c17dac3de0 ConcurrentGCThread "G1 Refine#1" [stack: 0x0000004815e00000,0x0000004815f00000] [id=34196]
  0x000001c17dd16dc0 ConcurrentGCThread "G1 Refine#2" [stack: 0x0000004816300000,0x0000004816400000] [id=25176]
  0x000001c106a4d8f0 ConcurrentGCThread "G1 Refine#3" [stack: 0x0000004816400000,0x0000004816500000] [id=32992]
  0x000001c17f37b400 ConcurrentGCThread "G1 Refine#4" [stack: 0x0000004816500000,0x0000004816600000] [id=37276]
  0x000001c158bb7af0 ConcurrentGCThread "G1 Service" [stack: 0x0000004814a00000,0x0000004814b00000] [id=520]

Threads with active compile tasks:
C2 CompilerThread0    56859 28104   !   4       org.jetbrains.kotlin.codegen.optimization.fixStack.FastStackAnalyzer::analyze (647 bytes)
C2 CompilerThread1    56859 28119       4       org.jetbrains.kotlin.backend.jvm.mapping.MethodSignatureMapper::mapSignature (573 bytes)

VM state: at safepoint (normal execution)

VM Mutex/Monitor currently owned by a thread:  ([mutex/lock_event])
[0x000001c158adc970] Threads_lock - owner thread: 0x000001c17b6711a0
[0x000001c158adc730] Heap_lock - owner thread: 0x000001c158ae0940

Heap address: 0x0000000703600000, size: 4042 MB, Compressed Oops mode: Zero based, Oop shift amount: 3

CDS archive(s) mapped at: [0x0000000800000000-0x0000000800bc0000-0x0000000800bc0000), size 12320768, SharedBaseAddress: 0x0000000800000000, ArchiveRelocationMode: 0.
Compressed class space mapped at: 0x0000000800c00000-0x0000000840c00000, reserved size: 1073741824
Narrow klass base: 0x0000000800000000, Narrow klass shift: 0, Narrow klass range: 0x100000000

GC Precious Log:
 CPUs: 8 total, 8 available
 Memory: 16167M
 Large Page Support: Disabled
 NUMA Support: Disabled
 Compressed Oops: Enabled (Zero based)
 Heap Region Size: 2M
 Heap Min Capacity: 8M
 Heap Initial Capacity: 254M
 Heap Max Capacity: 4042M
 Pre-touch: Disabled
 Parallel Workers: 8
 Concurrent Workers: 2
 Concurrent Refinement Workers: 8
 Periodic GC: Disabled

Heap:
 garbage-first heap   total 413696K, used 291056K [0x0000000703600000, 0x0000000800000000)
  region size 2048K, 3 young (6144K), 3 survivors (6144K)
 Metaspace       used 91202K, committed 91584K, reserved 1138688K
  class space    used 9334K, committed 9536K, reserved 1048576K

Heap Regions: E=young(eden), S=young(survivor), O=old, HS=humongous(starts), HC=humongous(continues), CS=collection set, F=free, OA=open archive, CA=closed archive, TAMS=top-at-mark-start (previous, next)
|   0|0x0000000703600000, 0x0000000703800000, 0x0000000703800000|100%|HS|  |TAMS 0x0000000703800000, 0x0000000703600000| Complete 
|   1|0x0000000703800000, 0x0000000703a00000, 0x0000000703a00000|100%|HC|  |TAMS 0x0000000703a00000, 0x0000000703800000| Complete 
|   2|0x0000000703a00000, 0x0000000703c00000, 0x0000000703c00000|100%| O|  |TAMS 0x0000000703c00000, 0x0000000703a00000| Untracked 
|   3|0x0000000703c00000, 0x0000000703e00000, 0x0000000703e00000|100%| O|  |TAMS 0x0000000703e00000, 0x0000000703c00000| Untracked 
|   4|0x0000000703e00000, 0x0000000704000000, 0x0000000704000000|100%|HS|  |TAMS 0x0000000704000000, 0x0000000703e00000| Complete 
|   5|0x0000000704000000, 0x0000000704200000, 0x0000000704200000|100%|HC|  |TAMS 0x0000000704200000, 0x0000000704000000| Complete 
|   6|0x0000000704200000, 0x0000000704400000, 0x0000000704400000|100%| O|  |TAMS 0x0000000704400000, 0x0000000704200000| Untracked 
|   7|0x0000000704400000, 0x0000000704600000, 0x0000000704600000|100%| O|  |TAMS 0x0000000704600000, 0x0000000704400000| Untracked 
|   8|0x0000000704600000, 0x0000000704800000, 0x0000000704800000|100%| O|  |TAMS 0x0000000704800000, 0x0000000704600000| Untracked 
|   9|0x0000000704800000, 0x0000000704a00000, 0x0000000704a00000|100%| O|  |TAMS 0x0000000704a00000, 0x0000000704800000| Untracked 
|  10|0x0000000704a00000, 0x0000000704c00000, 0x0000000704c00000|100%| O|  |TAMS 0x0000000704c00000, 0x0000000704a00000| Untracked 
|  11|0x0000000704c00000, 0x0000000704e00000, 0x0000000704e00000|100%| O|  |TAMS 0x0000000704e00000, 0x0000000704c00000| Untracked 
|  12|0x0000000704e00000, 0x0000000705000000, 0x0000000705000000|100%|HS|  |TAMS 0x0000000705000000, 0x0000000704e00000| Complete 
|  13|0x0000000705000000, 0x0000000705200000, 0x0000000705200000|100%| O|  |TAMS 0x0000000705200000, 0x0000000705000000| Untracked 
|  14|0x0000000705200000, 0x0000000705400000, 0x0000000705400000|100%| O|  |TAMS 0x0000000705400000, 0x0000000705200000| Untracked 
|  15|0x0000000705400000, 0x0000000705600000, 0x0000000705600000|100%| O|  |TAMS 0x0000000705600000, 0x0000000705400000| Untracked 
|  16|0x0000000705600000, 0x0000000705800000, 0x0000000705800000|100%| O|  |TAMS 0x0000000705800000, 0x0000000705600000| Untracked 
|  17|0x0000000705800000, 0x0000000705a00000, 0x0000000705a00000|100%| O|  |TAMS 0x0000000705a00000, 0x0000000705800000| Untracked 
|  18|0x0000000705a00000, 0x0000000705c00000, 0x0000000705c00000|100%| O|  |TAMS 0x0000000705c00000, 0x0000000705a00000| Untracked 
|  19|0x0000000705c00000, 0x0000000705e00000, 0x0000000705e00000|100%| O|  |TAMS 0x0000000705e00000, 0x0000000705c00000| Untracked 
|  20|0x0000000705e00000, 0x0000000706000000, 0x0000000706000000|100%| O|  |TAMS 0x0000000706000000, 0x0000000705e00000| Untracked 
|  21|0x0000000706000000, 0x0000000706200000, 0x0000000706200000|100%| O|  |TAMS 0x0000000706200000, 0x0000000706000000| Untracked 
|  22|0x0000000706200000, 0x0000000706400000, 0x0000000706400000|100%|HS|  |TAMS 0x0000000706400000, 0x0000000706200000| Complete 
|  23|0x0000000706400000, 0x0000000706600000, 0x0000000706600000|100%| O|  |TAMS 0x0000000706600000, 0x0000000706400000| Untracked 
|  24|0x0000000706600000, 0x0000000706800000, 0x0000000706800000|100%| O|  |TAMS 0x0000000706800000, 0x0000000706600000| Untracked 
|  25|0x0000000706800000, 0x0000000706a00000, 0x0000000706a00000|100%| O|  |TAMS 0x0000000706a00000, 0x0000000706800000| Untracked 
|  26|0x0000000706a00000, 0x0000000706c00000, 0x0000000706c00000|100%| O|  |TAMS 0x0000000706a00000, 0x0000000706a00000| Untracked 
|  27|0x0000000706c00000, 0x0000000706e00000, 0x0000000706e00000|100%| O|  |TAMS 0x0000000706e00000, 0x0000000706c00000| Untracked 
|  28|0x0000000706e00000, 0x0000000707000000, 0x0000000707000000|100%| O|  |TAMS 0x0000000707000000, 0x0000000706e00000| Untracked 
|  29|0x0000000707000000, 0x0000000707200000, 0x0000000707200000|100%| O|  |TAMS 0x0000000707200000, 0x0000000707000000| Untracked 
|  30|0x0000000707200000, 0x0000000707400000, 0x0000000707400000|100%| O|  |TAMS 0x0000000707400000, 0x0000000707200000| Untracked 
|  31|0x0000000707400000, 0x0000000707600000, 0x0000000707600000|100%| O|  |TAMS 0x0000000707600000, 0x0000000707400000| Untracked 
|  32|0x0000000707600000, 0x0000000707800000, 0x0000000707800000|100%| O|  |TAMS 0x0000000707800000, 0x0000000707600000| Untracked 
|  33|0x0000000707800000, 0x0000000707a00000, 0x0000000707a00000|100%| O|  |TAMS 0x0000000707a00000, 0x0000000707800000| Untracked 
|  34|0x0000000707a00000, 0x0000000707c00000, 0x0000000707c00000|100%| O|  |TAMS 0x0000000707c00000, 0x0000000707a00000| Untracked 
|  35|0x0000000707c00000, 0x0000000707e00000, 0x0000000707e00000|100%| O|  |TAMS 0x0000000707e00000, 0x0000000707c00000| Untracked 
|  36|0x0000000707e00000, 0x0000000708000000, 0x0000000708000000|100%| O|  |TAMS 0x0000000708000000, 0x0000000707e00000| Untracked 
|  37|0x0000000708000000, 0x0000000708200000, 0x0000000708200000|100%| O|  |TAMS 0x0000000708200000, 0x0000000708000000| Untracked 
|  38|0x0000000708200000, 0x0000000708400000, 0x0000000708400000|100%| O|  |TAMS 0x0000000708400000, 0x0000000708200000| Untracked 
|  39|0x0000000708400000, 0x0000000708600000, 0x0000000708600000|100%| O|  |TAMS 0x0000000708600000, 0x0000000708400000| Untracked 
|  40|0x0000000708600000, 0x0000000708800000, 0x0000000708800000|100%| O|  |TAMS 0x0000000708800000, 0x0000000708600000| Untracked 
|  41|0x0000000708800000, 0x0000000708a00000, 0x0000000708a00000|100%| O|  |TAMS 0x0000000708800000, 0x0000000708800000| Untracked 
|  42|0x0000000708a00000, 0x0000000708c00000, 0x0000000708c00000|100%| O|  |TAMS 0x0000000708c00000, 0x0000000708a00000| Untracked 
|  43|0x0000000708c00000, 0x0000000708e00000, 0x0000000708e00000|100%| O|  |TAMS 0x0000000708e00000, 0x0000000708c00000| Untracked 
|  44|0x0000000708e00000, 0x0000000709000000, 0x0000000709000000|100%| O|  |TAMS 0x0000000709000000, 0x0000000708e00000| Untracked 
|  45|0x0000000709000000, 0x0000000709200000, 0x0000000709200000|100%| O|  |TAMS 0x0000000709200000, 0x0000000709000000| Untracked 
|  46|0x0000000709200000, 0x0000000709400000, 0x0000000709400000|100%| O|  |TAMS 0x0000000709400000, 0x0000000709200000| Untracked 
|  47|0x0000000709400000, 0x0000000709600000, 0x0000000709600000|100%| O|  |TAMS 0x0000000709600000, 0x0000000709400000| Untracked 
|  48|0x0000000709600000, 0x0000000709800000, 0x0000000709800000|100%| O|  |TAMS 0x0000000709800000, 0x0000000709600000| Untracked 
|  49|0x0000000709800000, 0x0000000709a00000, 0x0000000709a00000|100%| O|  |TAMS 0x0000000709a00000, 0x0000000709800000| Untracked 
|  50|0x0000000709a00000, 0x0000000709c00000, 0x0000000709c00000|100%| O|  |TAMS 0x0000000709c00000, 0x0000000709a00000| Untracked 
|  51|0x0000000709c00000, 0x0000000709e00000, 0x0000000709e00000|100%| O|  |TAMS 0x0000000709e00000, 0x0000000709c00000| Untracked 
|  52|0x0000000709e00000, 0x000000070a000000, 0x000000070a000000|100%| O|  |TAMS 0x0000000709eb6a00, 0x0000000709e00000| Untracked 
|  53|0x000000070a000000, 0x000000070a200000, 0x000000070a200000|100%| O|  |TAMS 0x000000070a000000, 0x000000070a000000| Untracked 
|  54|0x000000070a200000, 0x000000070a400000, 0x000000070a400000|100%| O|  |TAMS 0x000000070a200000, 0x000000070a200000| Untracked 
|  55|0x000000070a400000, 0x000000070a600000, 0x000000070a600000|100%| O|  |TAMS 0x000000070a400000, 0x000000070a400000| Untracked 
|  56|0x000000070a600000, 0x000000070a800000, 0x000000070a800000|100%| O|  |TAMS 0x000000070a600000, 0x000000070a600000| Untracked 
|  57|0x000000070a800000, 0x000000070aa00000, 0x000000070aa00000|100%| O|  |TAMS 0x000000070a800000, 0x000000070a800000| Untracked 
|  58|0x000000070aa00000, 0x000000070ac00000, 0x000000070ac00000|100%| O|  |TAMS 0x000000070aa00000, 0x000000070aa00000| Untracked 
|  59|0x000000070ac00000, 0x000000070ae00000, 0x000000070ae00000|100%| O|  |TAMS 0x000000070ac00000, 0x000000070ac00000| Untracked 
|  60|0x000000070ae00000, 0x000000070b000000, 0x000000070b000000|100%| O|  |TAMS 0x000000070ae00000, 0x000000070ae00000| Untracked 
|  61|0x000000070b000000, 0x000000070b200000, 0x000000070b200000|100%| O|  |TAMS 0x000000070b000000, 0x000000070b000000| Untracked 
|  62|0x000000070b200000, 0x000000070b400000, 0x000000070b400000|100%| O|  |TAMS 0x000000070b200000, 0x000000070b200000| Untracked 
|  63|0x000000070b400000, 0x000000070b600000, 0x000000070b600000|100%| O|  |TAMS 0x000000070b400000, 0x000000070b400000| Untracked 
|  64|0x000000070b600000, 0x000000070b800000, 0x000000070b800000|100%| O|  |TAMS 0x000000070b600000, 0x000000070b600000| Untracked 
|  65|0x000000070b800000, 0x000000070ba00000, 0x000000070ba00000|100%| O|  |TAMS 0x000000070b800000, 0x000000070b800000| Untracked 
|  66|0x000000070ba00000, 0x000000070bc00000, 0x000000070bc00000|100%| O|  |TAMS 0x000000070ba00000, 0x000000070ba00000| Untracked 
|  67|0x000000070bc00000, 0x000000070be00000, 0x000000070be00000|100%| O|  |TAMS 0x000000070bc00000, 0x000000070bc00000| Untracked 
|  68|0x000000070be00000, 0x000000070c000000, 0x000000070c000000|100%| O|  |TAMS 0x000000070be00000, 0x000000070be00000| Untracked 
|  69|0x000000070c000000, 0x000000070c200000, 0x000000070c200000|100%| O|  |TAMS 0x000000070c000000, 0x000000070c000000| Untracked 
|  70|0x000000070c200000, 0x000000070c400000, 0x000000070c400000|100%| O|  |TAMS 0x000000070c200000, 0x000000070c200000| Untracked 
|  71|0x000000070c400000, 0x000000070c600000, 0x000000070c600000|100%| O|  |TAMS 0x000000070c400000, 0x000000070c400000| Untracked 
|  72|0x000000070c600000, 0x000000070c800000, 0x000000070c800000|100%| O|  |TAMS 0x000000070c600000, 0x000000070c600000| Untracked 
|  73|0x000000070c800000, 0x000000070ca00000, 0x000000070ca00000|100%| O|  |TAMS 0x000000070c800000, 0x000000070c800000| Untracked 
|  74|0x000000070ca00000, 0x000000070cc00000, 0x000000070cc00000|100%| O|  |TAMS 0x000000070ca00000, 0x000000070ca00000| Untracked 
|  75|0x000000070cc00000, 0x000000070ce00000, 0x000000070ce00000|100%| O|  |TAMS 0x000000070cc00000, 0x000000070cc00000| Untracked 
|  76|0x000000070ce00000, 0x000000070d000000, 0x000000070d000000|100%| O|  |TAMS 0x000000070ce00000, 0x000000070ce00000| Untracked 
|  77|0x000000070d000000, 0x000000070d200000, 0x000000070d200000|100%| O|  |TAMS 0x000000070d000000, 0x000000070d000000| Untracked 
|  78|0x000000070d200000, 0x000000070d400000, 0x000000070d400000|100%| O|  |TAMS 0x000000070d200000, 0x000000070d200000| Untracked 
|  79|0x000000070d400000, 0x000000070d600000, 0x000000070d600000|100%| O|  |TAMS 0x000000070d400000, 0x000000070d400000| Untracked 
|  80|0x000000070d600000, 0x000000070d800000, 0x000000070d800000|100%| O|  |TAMS 0x000000070d600000, 0x000000070d600000| Untracked 
|  81|0x000000070d800000, 0x000000070da00000, 0x000000070da00000|100%| O|  |TAMS 0x000000070d800000, 0x000000070d800000| Untracked 
|  82|0x000000070da00000, 0x000000070dc00000, 0x000000070dc00000|100%| O|  |TAMS 0x000000070da00000, 0x000000070da00000| Untracked 
|  83|0x000000070dc00000, 0x000000070de00000, 0x000000070de00000|100%| O|  |TAMS 0x000000070dc00000, 0x000000070dc00000| Untracked 
|  84|0x000000070de00000, 0x000000070e000000, 0x000000070e000000|100%| O|  |TAMS 0x000000070de00000, 0x000000070de00000| Untracked 
|  85|0x000000070e000000, 0x000000070e200000, 0x000000070e200000|100%| O|  |TAMS 0x000000070e000000, 0x000000070e000000| Untracked 
|  86|0x000000070e200000, 0x000000070e400000, 0x000000070e400000|100%| O|  |TAMS 0x000000070e200000, 0x000000070e200000| Untracked 
|  87|0x000000070e400000, 0x000000070e600000, 0x000000070e600000|100%| O|  |TAMS 0x000000070e400000, 0x000000070e400000| Untracked 
|  88|0x000000070e600000, 0x000000070e800000, 0x000000070e800000|100%| O|  |TAMS 0x000000070e600000, 0x000000070e600000| Untracked 
|  89|0x000000070e800000, 0x000000070ea00000, 0x000000070ea00000|100%| O|  |TAMS 0x000000070e800000, 0x000000070e800000| Untracked 
|  90|0x000000070ea00000, 0x000000070ec00000, 0x000000070ec00000|100%| O|  |TAMS 0x000000070ea00000, 0x000000070ea00000| Untracked 
|  91|0x000000070ec00000, 0x000000070ee00000, 0x000000070ee00000|100%| O|  |TAMS 0x000000070ec00000, 0x000000070ec00000| Untracked 
|  92|0x000000070ee00000, 0x000000070f000000, 0x000000070f000000|100%| O|  |TAMS 0x000000070ee00000, 0x000000070ee00000| Untracked 
|  93|0x000000070f000000, 0x000000070f200000, 0x000000070f200000|100%| O|  |TAMS 0x000000070f000000, 0x000000070f000000| Untracked 
|  94|0x000000070f200000, 0x000000070f400000, 0x000000070f400000|100%| O|  |TAMS 0x000000070f200000, 0x000000070f200000| Untracked 
|  95|0x000000070f400000, 0x000000070f600000, 0x000000070f600000|100%| O|  |TAMS 0x000000070f400000, 0x000000070f400000| Untracked 
|  96|0x000000070f600000, 0x000000070f800000, 0x000000070f800000|100%| O|  |TAMS 0x000000070f600000, 0x000000070f600000| Untracked 
|  97|0x000000070f800000, 0x000000070fa00000, 0x000000070fa00000|100%| O|  |TAMS 0x000000070f800000, 0x000000070f800000| Untracked 
|  98|0x000000070fa00000, 0x000000070fc00000, 0x000000070fc00000|100%| O|  |TAMS 0x000000070fa00000, 0x000000070fa00000| Untracked 
|  99|0x000000070fc00000, 0x000000070fe00000, 0x000000070fe00000|100%| O|  |TAMS 0x000000070fc00000, 0x000000070fc00000| Untracked 
| 100|0x000000070fe00000, 0x0000000710000000, 0x0000000710000000|100%| O|  |TAMS 0x000000070fe00000, 0x000000070fe00000| Untracked 
| 101|0x0000000710000000, 0x0000000710200000, 0x0000000710200000|100%| O|  |TAMS 0x0000000710000000, 0x0000000710000000| Untracked 
| 102|0x0000000710200000, 0x0000000710400000, 0x0000000710400000|100%| O|  |TAMS 0x0000000710200000, 0x0000000710200000| Untracked 
| 103|0x0000000710400000, 0x0000000710600000, 0x0000000710600000|100%| O|  |TAMS 0x0000000710400000, 0x0000000710400000| Untracked 
| 104|0x0000000710600000, 0x0000000710800000, 0x0000000710800000|100%| O|  |TAMS 0x0000000710600000, 0x0000000710600000| Untracked 
| 105|0x0000000710800000, 0x0000000710a00000, 0x0000000710a00000|100%| O|  |TAMS 0x0000000710800000, 0x0000000710800000| Untracked 
| 106|0x0000000710a00000, 0x0000000710c00000, 0x0000000710c00000|100%| O|  |TAMS 0x0000000710a00000, 0x0000000710a00000| Untracked 
| 107|0x0000000710c00000, 0x0000000710e00000, 0x0000000710e00000|100%| O|  |TAMS 0x0000000710c00000, 0x0000000710c00000| Untracked 
| 108|0x0000000710e00000, 0x0000000711000000, 0x0000000711000000|100%| O|  |TAMS 0x0000000710e00000, 0x0000000710e00000| Untracked 
| 109|0x0000000711000000, 0x0000000711200000, 0x0000000711200000|100%| O|  |TAMS 0x0000000711000000, 0x0000000711000000| Untracked 
| 110|0x0000000711200000, 0x0000000711400000, 0x0000000711400000|100%| O|  |TAMS 0x0000000711200000, 0x0000000711200000| Untracked 
| 111|0x0000000711400000, 0x0000000711600000, 0x0000000711600000|100%| O|  |TAMS 0x0000000711400000, 0x0000000711400000| Untracked 
| 112|0x0000000711600000, 0x0000000711800000, 0x0000000711800000|100%| O|  |TAMS 0x0000000711600000, 0x0000000711600000| Untracked 
| 113|0x0000000711800000, 0x0000000711a00000, 0x0000000711a00000|100%| O|  |TAMS 0x0000000711800000, 0x0000000711800000| Untracked 
| 114|0x0000000711a00000, 0x0000000711c00000, 0x0000000711c00000|100%| O|  |TAMS 0x0000000711a00000, 0x0000000711a00000| Untracked 
| 115|0x0000000711c00000, 0x0000000711e00000, 0x0000000711e00000|100%| O|  |TAMS 0x0000000711c00000, 0x0000000711c00000| Untracked 
| 116|0x0000000711e00000, 0x0000000712000000, 0x0000000712000000|100%| O|  |TAMS 0x0000000711e00000, 0x0000000711e00000| Untracked 
| 117|0x0000000712000000, 0x0000000712200000, 0x0000000712200000|100%| O|  |TAMS 0x0000000712000000, 0x0000000712000000| Untracked 
| 118|0x0000000712200000, 0x0000000712400000, 0x0000000712400000|100%| O|  |TAMS 0x0000000712200000, 0x0000000712200000| Untracked 
| 119|0x0000000712400000, 0x0000000712600000, 0x0000000712600000|100%| O|  |TAMS 0x0000000712400000, 0x0000000712400000| Untracked 
| 120|0x0000000712600000, 0x0000000712800000, 0x0000000712800000|100%| O|  |TAMS 0x0000000712600000, 0x0000000712600000| Untracked 
| 121|0x0000000712800000, 0x0000000712a00000, 0x0000000712a00000|100%| O|  |TAMS 0x0000000712800000, 0x0000000712800000| Untracked 
| 122|0x0000000712a00000, 0x0000000712c00000, 0x0000000712c00000|100%| O|  |TAMS 0x0000000712a00000, 0x0000000712a00000| Untracked 
| 123|0x0000000712c00000, 0x0000000712e00000, 0x0000000712e00000|100%| O|  |TAMS 0x0000000712c00000, 0x0000000712c00000| Untracked 
| 124|0x0000000712e00000, 0x0000000713000000, 0x0000000713000000|100%| O|  |TAMS 0x0000000712e00000, 0x0000000712e00000| Untracked 
| 125|0x0000000713000000, 0x0000000713200000, 0x0000000713200000|100%| O|  |TAMS 0x0000000713000000, 0x0000000713000000| Untracked 
| 126|0x0000000713200000, 0x0000000713400000, 0x0000000713400000|100%| O|  |TAMS 0x0000000713200000, 0x0000000713200000| Untracked 
| 127|0x0000000713400000, 0x0000000713600000, 0x0000000713600000|100%| O|  |TAMS 0x0000000713400000, 0x0000000713400000| Untracked 
| 128|0x0000000713600000, 0x0000000713800000, 0x0000000713800000|100%| O|  |TAMS 0x0000000713600000, 0x0000000713600000| Untracked 
| 129|0x0000000713800000, 0x0000000713a00000, 0x0000000713a00000|100%| O|  |TAMS 0x0000000713800000, 0x0000000713800000| Untracked 
| 130|0x0000000713a00000, 0x0000000713c00000, 0x0000000713c00000|100%| O|  |TAMS 0x0000000713a00000, 0x0000000713a00000| Untracked 
| 131|0x0000000713c00000, 0x0000000713e00000, 0x0000000713e00000|100%| O|  |TAMS 0x0000000713c00000, 0x0000000713c00000| Untracked 
| 132|0x0000000713e00000, 0x0000000714000000, 0x0000000714000000|100%| O|  |TAMS 0x0000000713e00000, 0x0000000713e00000| Untracked 
| 133|0x0000000714000000, 0x0000000714200000, 0x0000000714200000|100%| O|  |TAMS 0x0000000714000000, 0x0000000714000000| Untracked 
| 134|0x0000000714200000, 0x0000000714400000, 0x0000000714400000|100%| O|  |TAMS 0x0000000714200000, 0x0000000714200000| Untracked 
| 135|0x0000000714400000, 0x0000000714600000, 0x0000000714600000|100%| O|  |TAMS 0x0000000714400000, 0x0000000714400000| Untracked 
| 136|0x0000000714600000, 0x0000000714800000, 0x0000000714800000|100%| O|  |TAMS 0x0000000714600000, 0x0000000714600000| Untracked 
| 137|0x0000000714800000, 0x0000000714a00000, 0x0000000714a00000|100%| O|  |TAMS 0x0000000714800000, 0x0000000714800000| Untracked 
| 138|0x0000000714a00000, 0x0000000714c00000, 0x0000000714c00000|100%| O|  |TAMS 0x0000000714a00000, 0x0000000714a00000| Untracked 
| 139|0x0000000714c00000, 0x0000000714cf2200, 0x0000000714e00000| 47%| O|  |TAMS 0x0000000714c00000, 0x0000000714c00000| Untracked 
| 140|0x0000000714e00000, 0x0000000714e00000, 0x0000000715000000|  0%| F|  |TAMS 0x0000000714e00000, 0x0000000714e00000| Untracked 
| 141|0x0000000715000000, 0x0000000715000000, 0x0000000715200000|  0%| F|  |TAMS 0x0000000715000000, 0x0000000715000000| Untracked 
| 142|0x0000000715200000, 0x0000000715200000, 0x0000000715400000|  0%| F|  |TAMS 0x0000000715200000, 0x0000000715200000| Untracked 
| 143|0x0000000715400000, 0x0000000715400000, 0x0000000715600000|  0%| F|  |TAMS 0x0000000715400000, 0x0000000715400000| Untracked 
| 144|0x0000000715600000, 0x0000000715600000, 0x0000000715800000|  0%| F|  |TAMS 0x0000000715600000, 0x0000000715600000| Untracked 
| 145|0x0000000715800000, 0x0000000715800000, 0x0000000715a00000|  0%| F|  |TAMS 0x0000000715800000, 0x0000000715800000| Untracked 
| 146|0x0000000715a00000, 0x0000000715a00000, 0x0000000715c00000|  0%| F|  |TAMS 0x0000000715a00000, 0x0000000715a00000| Untracked 
| 147|0x0000000715c00000, 0x0000000715c00000, 0x0000000715e00000|  0%| F|  |TAMS 0x0000000715c00000, 0x0000000715c00000| Untracked 
| 148|0x0000000715e00000, 0x0000000715e00000, 0x0000000716000000|  0%| F|  |TAMS 0x0000000715e00000, 0x0000000715e00000| Untracked 
| 149|0x0000000716000000, 0x0000000716000000, 0x0000000716200000|  0%| F|  |TAMS 0x0000000716000000, 0x0000000716000000| Untracked 
| 150|0x0000000716200000, 0x0000000716200000, 0x0000000716400000|  0%| F|  |TAMS 0x0000000716200000, 0x0000000716200000| Untracked 
| 151|0x0000000716400000, 0x0000000716400000, 0x0000000716600000|  0%| F|  |TAMS 0x0000000716400000, 0x0000000716400000| Untracked 
| 152|0x0000000716600000, 0x0000000716600000, 0x0000000716800000|  0%| F|  |TAMS 0x0000000716600000, 0x0000000716600000| Untracked 
| 153|0x0000000716800000, 0x0000000716800000, 0x0000000716a00000|  0%| F|  |TAMS 0x0000000716800000, 0x0000000716800000| Untracked 
| 154|0x0000000716a00000, 0x0000000716a00000, 0x0000000716c00000|  0%| F|  |TAMS 0x0000000716a00000, 0x0000000716a00000| Untracked 
| 155|0x0000000716c00000, 0x0000000716c00000, 0x0000000716e00000|  0%| F|  |TAMS 0x0000000716c00000, 0x0000000716c00000| Untracked 
| 156|0x0000000716e00000, 0x0000000716e00000, 0x0000000717000000|  0%| F|  |TAMS 0x0000000716e00000, 0x0000000716e00000| Untracked 
| 157|0x0000000717000000, 0x0000000717000000, 0x0000000717200000|  0%| F|  |TAMS 0x0000000717000000, 0x0000000717000000| Untracked 
| 158|0x0000000717200000, 0x0000000717200000, 0x0000000717400000|  0%| F|  |TAMS 0x0000000717200000, 0x0000000717200000| Untracked 
| 159|0x0000000717400000, 0x0000000717400000, 0x0000000717600000|  0%| F|  |TAMS 0x0000000717400000, 0x0000000717400000| Untracked 
| 160|0x0000000717600000, 0x0000000717600000, 0x0000000717800000|  0%| F|  |TAMS 0x0000000717600000, 0x0000000717600000| Untracked 
| 161|0x0000000717800000, 0x0000000717800000, 0x0000000717a00000|  0%| F|  |TAMS 0x0000000717800000, 0x0000000717800000| Untracked 
| 162|0x0000000717a00000, 0x0000000717a00000, 0x0000000717c00000|  0%| F|  |TAMS 0x0000000717a00000, 0x0000000717a00000| Untracked 
| 163|0x0000000717c00000, 0x0000000717c00000, 0x0000000717e00000|  0%| F|  |TAMS 0x0000000717c00000, 0x0000000717c00000| Untracked 
| 164|0x0000000717e00000, 0x0000000717e00000, 0x0000000718000000|  0%| F|  |TAMS 0x0000000717e00000, 0x0000000717e00000| Untracked 
| 165|0x0000000718000000, 0x0000000718000000, 0x0000000718200000|  0%| F|  |TAMS 0x0000000718000000, 0x0000000718000000| Untracked 
| 166|0x0000000718200000, 0x0000000718200000, 0x0000000718400000|  0%| F|  |TAMS 0x0000000718200000, 0x0000000718200000| Untracked 
| 167|0x0000000718400000, 0x0000000718400000, 0x0000000718600000|  0%| F|  |TAMS 0x0000000718400000, 0x0000000718400000| Untracked 
| 168|0x0000000718600000, 0x0000000718600000, 0x0000000718800000|  0%| F|  |TAMS 0x0000000718600000, 0x0000000718600000| Untracked 
| 169|0x0000000718800000, 0x0000000718949e00, 0x0000000718a00000| 64%| S|CS|TAMS 0x0000000718800000, 0x0000000718800000| Complete 
| 170|0x0000000718a00000, 0x0000000718c00000, 0x0000000718c00000|100%| S|CS|TAMS 0x0000000718a00000, 0x0000000718a00000| Complete 
| 171|0x0000000718c00000, 0x0000000718e00000, 0x0000000718e00000|100%| S|CS|TAMS 0x0000000718c00000, 0x0000000718c00000| Complete 
| 172|0x0000000718e00000, 0x0000000718e00000, 0x0000000719000000|  0%| F|  |TAMS 0x0000000718e00000, 0x0000000718e00000| Untracked 
| 173|0x0000000719000000, 0x0000000719000000, 0x0000000719200000|  0%| F|  |TAMS 0x0000000719000000, 0x0000000719000000| Untracked 
| 174|0x0000000719200000, 0x0000000719200000, 0x0000000719400000|  0%| F|  |TAMS 0x0000000719200000, 0x0000000719200000| Untracked 
| 175|0x0000000719400000, 0x0000000719400000, 0x0000000719600000|  0%| F|  |TAMS 0x0000000719400000, 0x0000000719400000| Untracked 
| 176|0x0000000719600000, 0x0000000719600000, 0x0000000719800000|  0%| F|  |TAMS 0x0000000719600000, 0x0000000719600000| Untracked 
| 177|0x0000000719800000, 0x0000000719800000, 0x0000000719a00000|  0%| F|  |TAMS 0x0000000719800000, 0x0000000719800000| Untracked 
| 178|0x0000000719a00000, 0x0000000719a00000, 0x0000000719c00000|  0%| F|  |TAMS 0x0000000719a00000, 0x0000000719a00000| Untracked 
| 179|0x0000000719c00000, 0x0000000719c00000, 0x0000000719e00000|  0%| F|  |TAMS 0x0000000719c00000, 0x0000000719c00000| Untracked 
| 180|0x0000000719e00000, 0x0000000719e00000, 0x000000071a000000|  0%| F|  |TAMS 0x0000000719e00000, 0x0000000719e00000| Untracked 
| 181|0x000000071a000000, 0x000000071a000000, 0x000000071a200000|  0%| F|  |TAMS 0x000000071a000000, 0x000000071a000000| Untracked 
| 182|0x000000071a200000, 0x000000071a200000, 0x000000071a400000|  0%| F|  |TAMS 0x000000071a200000, 0x000000071a200000| Untracked 
| 183|0x000000071a400000, 0x000000071a400000, 0x000000071a600000|  0%| F|  |TAMS 0x000000071a400000, 0x000000071a400000| Untracked 
| 184|0x000000071a600000, 0x000000071a600000, 0x000000071a800000|  0%| F|  |TAMS 0x000000071a600000, 0x000000071a600000| Untracked 
| 185|0x000000071a800000, 0x000000071a800000, 0x000000071aa00000|  0%| F|  |TAMS 0x000000071a800000, 0x000000071a800000| Untracked 
| 186|0x000000071aa00000, 0x000000071aa00000, 0x000000071ac00000|  0%| F|  |TAMS 0x000000071aa00000, 0x000000071aa00000| Untracked 
| 187|0x000000071ac00000, 0x000000071ac00000, 0x000000071ae00000|  0%| F|  |TAMS 0x000000071ac00000, 0x000000071ac00000| Untracked 
| 188|0x000000071ae00000, 0x000000071ae00000, 0x000000071b000000|  0%| F|  |TAMS 0x000000071ae00000, 0x000000071ae00000| Untracked 
| 189|0x000000071b000000, 0x000000071b000000, 0x000000071b200000|  0%| F|  |TAMS 0x000000071b000000, 0x000000071b000000| Untracked 
| 190|0x000000071b200000, 0x000000071b200000, 0x000000071b400000|  0%| F|  |TAMS 0x000000071b200000, 0x000000071b200000| Untracked 
| 191|0x000000071b400000, 0x000000071b400000, 0x000000071b600000|  0%| F|  |TAMS 0x000000071b400000, 0x000000071b400000| Untracked 
| 192|0x000000071b600000, 0x000000071b600000, 0x000000071b800000|  0%| F|  |TAMS 0x000000071b600000, 0x000000071b600000| Untracked 
| 193|0x000000071b800000, 0x000000071b800000, 0x000000071ba00000|  0%| F|  |TAMS 0x000000071b800000, 0x000000071b800000| Untracked 
| 194|0x000000071ba00000, 0x000000071ba00000, 0x000000071bc00000|  0%| F|  |TAMS 0x000000071ba00000, 0x000000071ba00000| Untracked 
| 195|0x000000071bc00000, 0x000000071bc00000, 0x000000071be00000|  0%| F|  |TAMS 0x000000071bc00000, 0x000000071bc00000| Untracked 
| 196|0x000000071be00000, 0x000000071be00000, 0x000000071c000000|  0%| F|  |TAMS 0x000000071be00000, 0x000000071be00000| Untracked 
| 197|0x000000071c000000, 0x000000071c000000, 0x000000071c200000|  0%| F|  |TAMS 0x000000071c000000, 0x000000071c000000| Untracked 
| 198|0x000000071c200000, 0x000000071c200000, 0x000000071c400000|  0%| F|  |TAMS 0x000000071c200000, 0x000000071c200000| Untracked 
| 199|0x000000071c400000, 0x000000071c400000, 0x000000071c600000|  0%| F|  |TAMS 0x000000071c400000, 0x000000071c400000| Untracked 
| 200|0x000000071c600000, 0x000000071c600000, 0x000000071c800000|  0%| F|  |TAMS 0x000000071c600000, 0x000000071c600000| Untracked 
| 201|0x000000071c800000, 0x000000071c800000, 0x000000071ca00000|  0%| F|  |TAMS 0x000000071c800000, 0x000000071c800000| Untracked 

Card table byte_map: [0x000001c16fe10000,0x000001c170600000] _byte_map_base: 0x000001c16c5f5000

Marking Bits (Prev, Next): (CMBitMap*) 0x000001c158b32640, (CMBitMap*) 0x000001c158b32680
 Prev Bits: [0x000001c170df0000, 0x000001c174d18000)
 Next Bits: [0x000001c174d20000, 0x000001c178c48000)

Polling page: 0x000001c156a50000

Metaspace:

Usage:
  Non-class:     79.95 MB used.
      Class:      9.12 MB used.
       Both:     89.06 MB used.

Virtual space:
  Non-class space:       88.00 MB reserved,      80.12 MB ( 91%) committed,  11 nodes.
      Class space:        1.00 GB reserved,       9.31 MB ( <1%) committed,  1 nodes.
             Both:        1.09 GB reserved,      89.44 MB (  8%) committed. 

Chunk freelists:
   Non-Class:  3.44 MB
       Class:  2.62 MB
        Both:  6.06 MB

MaxMetaspaceSize: unlimited
CompressedClassSpaceSize: 1.00 GB
Initial GC threshold: 21.00 MB
Current GC threshold: 101.69 MB
CDS: on
MetaspaceReclaimPolicy: balanced
 - commit_granule_bytes: 65536.
 - commit_granule_words: 8192.
 - virtual_space_node_default_size: 1048576.
 - enlarge_chunks_in_place: 1.
 - new_chunks_are_fully_committed: 0.
 - uncommit_free_chunks: 1.
 - use_allocation_guard: 0.
 - handle_deallocations: 1.


Internal statistics:

num_allocs_failed_limit: 6.
num_arena_births: 534.
num_arena_deaths: 0.
num_vsnodes_births: 12.
num_vsnodes_deaths: 0.
num_space_committed: 1429.
num_space_uncommitted: 0.
num_chunks_returned_to_freelist: 6.
num_chunks_taken_from_freelist: 3916.
num_chunk_merges: 6.
num_chunk_splits: 3065.
num_chunks_enlarged: 2614.
num_purges: 0.
num_inconsistent_stats: 0.

CodeHeap 'non-profiled nmethods': size=120000Kb used=15608Kb max_used=15608Kb free=104391Kb
 bounds [0x000001c167db0000, 0x000001c168cf0000, 0x000001c16f2e0000]
CodeHeap 'profiled nmethods': size=120000Kb used=66987Kb max_used=66987Kb free=53012Kb
 bounds [0x000001c160880000, 0x000001c1649f0000, 0x000001c167db0000]
CodeHeap 'non-nmethods': size=5760Kb used=1439Kb max_used=1510Kb free=4320Kb
 bounds [0x000001c1602e0000, 0x000001c160550000, 0x000001c160880000]
 total_blobs=22731 nmethods=21978 adapters=661
 compilation: enabled
              stopped_count=0, restarted_count=0
 full_count=0

Compilation events (20 events):
Event: 56.767 Thread 0x000001c17b694b70 28111       2       org.jetbrains.kotlin.codegen.FrameMapBase::enterTemp (26 bytes)
Event: 56.767 Thread 0x000001c17b694b70 nmethod 28111 0x000001c1649e8290 code [0x000001c1649e8480, 0x000001c1649e8788]
Event: 56.772 Thread 0x000001c17b694b70 28112       1       org.jetbrains.kotlin.codegen.inline.RootInliningContext::getInlineMethodReifier (5 bytes)
Event: 56.772 Thread 0x000001c17b694b70 nmethod 28112 0x000001c168ce1010 code [0x000001c168ce11a0, 0x000001c168ce1278]
Event: 56.772 Thread 0x000001c17b694b70 28113       1       org.jetbrains.kotlin.codegen.inline.InlineCallSiteInfo::getInlineScopeVisibility (5 bytes)
Event: 56.772 Thread 0x000001c17b694b70 nmethod 28113 0x000001c168ce1310 code [0x000001c168ce14a0, 0x000001c168ce1578]
Event: 56.772 Thread 0x000001c17b694b70 28114       1       org.jetbrains.kotlin.codegen.inline.InlineCallSiteInfo::getLineNumber (5 bytes)
Event: 56.772 Thread 0x000001c17b694b70 nmethod 28114 0x000001c168ce1610 code [0x000001c168ce17a0, 0x000001c168ce1878]
Event: 56.774 Thread 0x000001c17b694b70 28115       2       org.jetbrains.org.objectweb.asm.SymbolTable$Entry::<init> (18 bytes)
Event: 56.774 Thread 0x000001c17b694b70 nmethod 28115 0x000001c1649e8990 code [0x000001c1649e8b20, 0x000001c1649e8c68]
Event: 56.788 Thread 0x000001c17b694b70 28117       2       org.jetbrains.kotlin.types.extensions.TypeAttributeTranslators::toAnnotations (124 bytes)
Event: 56.790 Thread 0x000001c17b694b70 nmethod 28117 0x000001c1649e8d10 code [0x000001c1649e9140, 0x000001c1649ea298]
Event: 56.792 Thread 0x000001c17b694b70 28118       2       org.jetbrains.kotlin.codegen.inline.FieldRemapper$Companion::foldName (26 bytes)
Event: 56.793 Thread 0x000001c17b694b70 nmethod 28118 0x000001c1649eaf10 code [0x000001c1649eb120, 0x000001c1649eb548]
Event: 56.796 Thread 0x000001c17b693930 nmethod 28105 0x000001c168ce1910 code [0x000001c168ce1b80, 0x000001c168ce42d0]
Event: 56.796 Thread 0x000001c17b693930 28104   !   4       org.jetbrains.kotlin.codegen.optimization.fixStack.FastStackAnalyzer::analyze (647 bytes)
Event: 56.814 Thread 0x000001c10062ef90 nmethod 28036 0x000001c168ce4d10 code [0x000001c168ce53e0, 0x000001c168cea870]
Event: 56.814 Thread 0x000001c10062ef90 28119       4       org.jetbrains.kotlin.backend.jvm.mapping.MethodSignatureMapper::mapSignature (573 bytes)
Event: 56.827 Thread 0x000001c17b694b70 28123 %     3       org.jetbrains.kotlin.codegen.optimization.common.InstructionLivenessAnalyzer::localVariableAndTryCatchBlockLabelsAreAlwaysLive @ 13 (186 bytes)
Event: 56.829 Thread 0x000001c17b694b70 nmethod 28123% 0x000001c1649eb810 code [0x000001c1649ebb80, 0x000001c1649ed1f8]

GC Heap History (20 events):
Event: 50.359 GC heap after
{Heap after GC invocations=48 (full 0):
 garbage-first heap   total 413696K, used 238329K [0x0000000703600000, 0x0000000800000000)
  region size 2048K, 4 young (8192K), 4 survivors (8192K)
 Metaspace       used 84729K, committed 85184K, reserved 1130496K
  class space    used 8954K, committed 9216K, reserved 1048576K
}
Event: 51.320 GC heap before
{Heap before GC invocations=48 (full 0):
 garbage-first heap   total 413696K, used 328441K [0x0000000703600000, 0x0000000800000000)
  region size 2048K, 48 young (98304K), 4 survivors (8192K)
 Metaspace       used 85012K, committed 85504K, reserved 1130496K
  class space    used 8959K, committed 9216K, reserved 1048576K
}
Event: 51.334 GC heap after
{Heap after GC invocations=49 (full 0):
 garbage-first heap   total 413696K, used 241559K [0x0000000703600000, 0x0000000800000000)
  region size 2048K, 4 young (8192K), 4 survivors (8192K)
 Metaspace       used 85012K, committed 85504K, reserved 1130496K
  class space    used 8959K, committed 9216K, reserved 1048576K
}
Event: 52.942 GC heap before
{Heap before GC invocations=49 (full 0):
 garbage-first heap   total 413696K, used 333719K [0x0000000703600000, 0x0000000800000000)
  region size 2048K, 49 young (100352K), 4 survivors (8192K)
 Metaspace       used 89587K, committed 90048K, reserved 1130496K
  class space    used 9311K, committed 9536K, reserved 1048576K
}
Event: 52.953 GC heap after
{Heap after GC invocations=50 (full 0):
 garbage-first heap   total 413696K, used 245221K [0x0000000703600000, 0x0000000800000000)
  region size 2048K, 6 young (12288K), 6 survivors (12288K)
 Metaspace       used 89587K, committed 90048K, reserved 1130496K
  class space    used 9311K, committed 9536K, reserved 1048576K
}
Event: 54.020 GC heap before
{Heap before GC invocations=50 (full 0):
 garbage-first heap   total 413696K, used 337381K [0x0000000703600000, 0x0000000800000000)
  region size 2048K, 51 young (104448K), 6 survivors (12288K)
 Metaspace       used 90628K, committed 91008K, reserved 1130496K
  class space    used 9327K, committed 9536K, reserved 1048576K
}
Event: 54.035 GC heap after
{Heap after GC invocations=51 (full 0):
 garbage-first heap   total 413696K, used 252938K [0x0000000703600000, 0x0000000800000000)
  region size 2048K, 7 young (14336K), 7 survivors (14336K)
 Metaspace       used 90628K, committed 91008K, reserved 1130496K
  class space    used 9327K, committed 9536K, reserved 1048576K
}
Event: 54.572 GC heap before
{Heap before GC invocations=51 (full 0):
 garbage-first heap   total 413696K, used 341002K [0x0000000703600000, 0x0000000800000000)
  region size 2048K, 50 young (102400K), 7 survivors (14336K)
 Metaspace       used 90824K, committed 91200K, reserved 1138688K
  class space    used 9334K, committed 9536K, reserved 1048576K
}
Event: 54.589 GC heap after
{Heap after GC invocations=52 (full 0):
 garbage-first heap   total 413696K, used 262393K [0x0000000703600000, 0x0000000800000000)
  region size 2048K, 5 young (10240K), 5 survivors (10240K)
 Metaspace       used 90824K, committed 91200K, reserved 1138688K
  class space    used 9334K, committed 9536K, reserved 1048576K
}
Event: 55.061 GC heap before
{Heap before GC invocations=52 (full 0):
 garbage-first heap   total 413696K, used 342265K [0x0000000703600000, 0x0000000800000000)
  region size 2048K, 44 young (90112K), 5 survivors (10240K)
 Metaspace       used 90973K, committed 91392K, reserved 1138688K
  class space    used 9334K, committed 9536K, reserved 1048576K
}
Event: 55.069 GC heap after
{Heap after GC invocations=53 (full 0):
 garbage-first heap   total 413696K, used 268301K [0x0000000703600000, 0x0000000800000000)
  region size 2048K, 4 young (8192K), 4 survivors (8192K)
 Metaspace       used 90973K, committed 91392K, reserved 1138688K
  class space    used 9334K, committed 9536K, reserved 1048576K
}
Event: 55.377 GC heap before
{Heap before GC invocations=53 (full 0):
 garbage-first heap   total 413696K, used 344077K [0x0000000703600000, 0x0000000800000000)
  region size 2048K, 41 young (83968K), 4 survivors (8192K)
 Metaspace       used 91045K, committed 91456K, reserved 1138688K
  class space    used 9334K, committed 9536K, reserved 1048576K
}
Event: 55.382 GC heap after
{Heap after GC invocations=54 (full 0):
 garbage-first heap   total 413696K, used 269988K [0x0000000703600000, 0x0000000800000000)
  region size 2048K, 5 young (10240K), 5 survivors (10240K)
 Metaspace       used 91045K, committed 91456K, reserved 1138688K
  class space    used 9334K, committed 9536K, reserved 1048576K
}
Event: 55.812 GC heap before
{Heap before GC invocations=54 (full 0):
 garbage-first heap   total 413696K, used 345764K [0x0000000703600000, 0x0000000800000000)
  region size 2048K, 42 young (86016K), 5 survivors (10240K)
 Metaspace       used 91101K, committed 91520K, reserved 1138688K
  class space    used 9334K, committed 9536K, reserved 1048576K
}
Event: 55.820 GC heap after
{Heap after GC invocations=55 (full 0):
 garbage-first heap   total 413696K, used 276046K [0x0000000703600000, 0x0000000800000000)
  region size 2048K, 5 young (10240K), 5 survivors (10240K)
 Metaspace       used 91101K, committed 91520K, reserved 1138688K
  class space    used 9334K, committed 9536K, reserved 1048576K
}
Event: 56.188 GC heap before
{Heap before GC invocations=55 (full 0):
 garbage-first heap   total 413696K, used 349774K [0x0000000703600000, 0x0000000800000000)
  region size 2048K, 41 young (83968K), 5 survivors (10240K)
 Metaspace       used 91122K, committed 91520K, reserved 1138688K
  class space    used 9334K, committed 9536K, reserved 1048576K
}
Event: 56.196 GC heap after
{Heap after GC invocations=56 (full 0):
 garbage-first heap   total 413696K, used 280710K [0x0000000703600000, 0x0000000800000000)
  region size 2048K, 6 young (12288K), 6 survivors (12288K)
 Metaspace       used 91122K, committed 91520K, reserved 1138688K
  class space    used 9334K, committed 9536K, reserved 1048576K
}
Event: 56.456 GC heap before
{Heap before GC invocations=56 (full 0):
 garbage-first heap   total 413696K, used 348294K [0x0000000703600000, 0x0000000800000000)
  region size 2048K, 39 young (79872K), 6 survivors (12288K)
 Metaspace       used 91170K, committed 91584K, reserved 1138688K
  class space    used 9334K, committed 9536K, reserved 1048576K
}
Event: 56.471 GC heap after
{Heap after GC invocations=57 (full 0):
 garbage-first heap   total 413696K, used 286672K [0x0000000703600000, 0x0000000800000000)
  region size 2048K, 4 young (8192K), 4 survivors (8192K)
 Metaspace       used 91170K, committed 91584K, reserved 1138688K
  class space    used 9334K, committed 9536K, reserved 1048576K
}
Event: 56.829 GC heap before
{Heap before GC invocations=57 (full 0):
 garbage-first heap   total 413696K, used 348112K [0x0000000703600000, 0x0000000800000000)
  region size 2048K, 34 young (69632K), 4 survivors (8192K)
 Metaspace       used 91202K, committed 91584K, reserved 1138688K
  class space    used 9334K, committed 9536K, reserved 1048576K
}

Deoptimization events (20 events):
Event: 56.723 Thread 0x000001c158ae0940 DEOPT PACKING pc=0x000001c1646d3cb7 sp=0x00000048145f5b70
Event: 56.723 Thread 0x000001c158ae0940 DEOPT UNPACKING pc=0x000001c160336763 sp=0x00000048145f5098 mode 0
Event: 56.723 Thread 0x000001c158ae0940 DEOPT PACKING pc=0x000001c1646da097 sp=0x00000048145f5a30
Event: 56.723 Thread 0x000001c158ae0940 DEOPT UNPACKING pc=0x000001c160336763 sp=0x00000048145f4fb0 mode 0
Event: 56.730 Thread 0x000001c158ae0940 Uncommon trap: trap_request=0xffffffbe fr.pc=0x000001c168cc60a0 relative=0x00000000000024a0
Event: 56.730 Thread 0x000001c158ae0940 Uncommon trap: reason=profile_predicate action=maybe_recompile pc=0x000001c168cc60a0 method=org.jetbrains.kotlin.codegen.inline.MethodInliner$Companion.processReturns(Lorg/jetbrains/org/objectweb/asm/tree/MethodNode;Ljava/util/Map;Lorg/jetbrains/org/objec
Event: 56.730 Thread 0x000001c158ae0940 DEOPT PACKING pc=0x000001c168cc60a0 sp=0x00000048145f62d0
Event: 56.730 Thread 0x000001c158ae0940 DEOPT UNPACKING pc=0x000001c160335c23 sp=0x00000048145f62b0 mode 2
Event: 56.740 Thread 0x000001c158ae0940 Uncommon trap: trap_request=0xffffffbe fr.pc=0x000001c168cc60a0 relative=0x00000000000024a0
Event: 56.740 Thread 0x000001c158ae0940 Uncommon trap: reason=profile_predicate action=maybe_recompile pc=0x000001c168cc60a0 method=org.jetbrains.kotlin.codegen.inline.MethodInliner$Companion.processReturns(Lorg/jetbrains/org/objectweb/asm/tree/MethodNode;Ljava/util/Map;Lorg/jetbrains/org/objec
Event: 56.740 Thread 0x000001c158ae0940 DEOPT PACKING pc=0x000001c168cc60a0 sp=0x00000048145f7560
Event: 56.740 Thread 0x000001c158ae0940 DEOPT UNPACKING pc=0x000001c160335c23 sp=0x00000048145f7540 mode 2
Event: 56.814 Thread 0x000001c158ae0940 Uncommon trap: trap_request=0xffffff66 fr.pc=0x000001c168ce8f94 relative=0x0000000000003bb4
Event: 56.814 Thread 0x000001c158ae0940 Uncommon trap: reason=speculate_class_check action=maybe_recompile pc=0x000001c168ce8f94 method=org.jetbrains.kotlin.ir.util.AdditionalIrUtilsKt.isGetter(Lorg/jetbrains/kotlin/ir/declarations/IrDeclaration;)Z @ 18 c2
Event: 56.814 Thread 0x000001c158ae0940 DEOPT PACKING pc=0x000001c168ce8f94 sp=0x00000048145fc900
Event: 56.814 Thread 0x000001c158ae0940 DEOPT UNPACKING pc=0x000001c160335c23 sp=0x00000048145fc868 mode 2
Event: 56.814 Thread 0x000001c158ae0940 Uncommon trap: trap_request=0xffffff66 fr.pc=0x000001c168ce8f94 relative=0x0000000000003bb4
Event: 56.814 Thread 0x000001c158ae0940 Uncommon trap: reason=speculate_class_check action=maybe_recompile pc=0x000001c168ce8f94 method=org.jetbrains.kotlin.ir.util.AdditionalIrUtilsKt.isGetter(Lorg/jetbrains/kotlin/ir/declarations/IrDeclaration;)Z @ 18 c2
Event: 56.814 Thread 0x000001c158ae0940 DEOPT PACKING pc=0x000001c168ce8f94 sp=0x00000048145fce50
Event: 56.814 Thread 0x000001c158ae0940 DEOPT UNPACKING pc=0x000001c160335c23 sp=0x00000048145fcdb8 mode 2

Classes unloaded (0 events):
No events

Classes redefined (0 events):
No events

Internal exceptions (20 events):
Event: 28.597 Thread 0x000001c158ae0940 Implicit null exception at 0x000001c1680b57b4 to 0x000001c1680b5845
Event: 28.625 Thread 0x000001c158ae0940 Implicit null exception at 0x000001c168382cae to 0x000001c1683867ec
Event: 32.016 Thread 0x000001c158ae0940 Implicit null exception at 0x000001c1683bb683 to 0x000001c1683bb834
Event: 32.436 Thread 0x000001c158ae0940 Implicit null exception at 0x000001c168739bfc to 0x000001c16873f33c
Event: 32.437 Thread 0x000001c158ae0940 Implicit null exception at 0x000001c167ecc420 to 0x000001c167ecc59c
Event: 33.345 Thread 0x000001c158ae0940 Implicit null exception at 0x000001c167e536eb to 0x000001c167e538c0
Event: 34.431 Thread 0x000001c158ae0940 Implicit null exception at 0x000001c1687228b3 to 0x000001c168722a24
Event: 34.491 Thread 0x000001c158ae0940 Exception <a 'java/lang/NoSuchMethodError'{0x000000070dda0970}: 'java.lang.Object java.lang.invoke.DirectMethodHandle$Holder.invokeStaticInit(java.lang.Object, java.lang.Object, java.lang.Object, java.lang.Object)'> (0x000000070dda0970) 
thrown [t:\workspace\open\src\hotspot\share\interpreter\linkResolver.cpp, line 766]
Event: 34.752 Thread 0x000001c158ae0940 Exception <a 'java/lang/NoSuchMethodError'{0x00000007132d71f0}: 'int java.lang.invoke.DirectMethodHandle$Holder.invokeStaticInit(java.lang.Object, java.lang.Object, java.lang.Object, java.lang.Object)'> (0x00000007132d71f0) 
thrown [t:\workspace\open\src\hotspot\share\interpreter\linkResolver.cpp, line 766]
Event: 34.808 Thread 0x000001c158ae0940 Exception <a 'java/lang/NoSuchMethodError'{0x000000071095b930}: 'java.lang.Object java.lang.invoke.DirectMethodHandle$Holder.newInvokeSpecial(java.lang.Object, java.lang.Object, java.lang.Object, int, int)'> (0x000000071095b930) 
thrown [t:\workspace\open\src\hotspot\share\interpreter\linkResolver.cpp, line 766]
Event: 34.808 Thread 0x000001c158ae0940 Exception <a 'java/lang/NoSuchMethodError'{0x000000071095f770}: 'java.lang.Object java.lang.invoke.DirectMethodHandle$Holder.invokeSpecial(java.lang.Object, java.lang.Object, java.lang.Object, java.lang.Object, int, int)'> (0x000000071095f770) 
thrown [t:\workspace\open\src\hotspot\share\interpreter\linkResolver.cpp, line 766]
Event: 34.859 Thread 0x000001c158ae0940 Exception <a 'java/lang/NoSuchMethodError'{0x00000007103204f0}: 'java.lang.Object java.lang.invoke.DirectMethodHandle$Holder.invokeSpecial(java.lang.Object, java.lang.Object, int, int, java.lang.Object, java.lang.Object, java.lang.Object, java.lang.Object, java.lang.Object)'> (0x00000007103204f0) 
thrown [t:\workspace\open\src\hotspot\share\interpreter\linkResolver.cpp, line 766]
Event: 35.504 Thread 0x000001c158ae0940 Implicit null exception at 0x000001c167e1be70 to 0x000001c167e1c0a8
Event: 36.382 Thread 0x000001c158ae0940 Exception <a 'java/lang/NoSuchMethodError'{0x000000070e00a8e0}: 'java.lang.Object java.lang.invoke.DirectMethodHandle$Holder.newInvokeSpecial(java.lang.Object, java.lang.Object, int, int, java.lang.Object, java.lang.Object, java.lang.Object)'> (0x000000070e00a8e0) 
thrown [t:\workspace\open\src\hotspot\share\interpreter\linkResolver.cpp, line 766]
Event: 36.476 Thread 0x000001c158ae0940 Exception <a 'java/lang/NoSuchMethodError'{0x000000070e00f6d8}: 'java.lang.Object java.lang.invoke.DirectMethodHandle$Holder.invokeSpecial(java.lang.Object, java.lang.Object, java.lang.Object, int, int, java.lang.Object, java.lang.Object, java.lang.Object)'> (0x000000070e00f6d8) 
thrown [t:\workspace\open\src\hotspot\share\interpreter\linkResolver.cpp, line 766]
Event: 40.868 Thread 0x000001c158ae0940 Implicit null exception at 0x000001c168783137 to 0x000001c16878384c
Event: 47.273 Thread 0x000001c158ae0940 Implicit null exception at 0x000001c168acb182 to 0x000001c168acb540
Event: 47.426 Thread 0x000001c158ae0940 Implicit null exception at 0x000001c168aa62a8 to 0x000001c168aa7d58
Event: 49.647 Thread 0x000001c158ae0940 Implicit null exception at 0x000001c1685c0eb7 to 0x000001c1685c1090
Event: 50.752 Thread 0x000001c158ae0940 Implicit null exception at 0x000001c168875b38 to 0x000001c168879c44

VM Operations (20 events):
Event: 53.865 Executing VM operation: ICBufferFull done
Event: 54.020 Executing VM operation: G1CollectForAllocation
Event: 54.035 Executing VM operation: G1CollectForAllocation done
Event: 54.434 Executing VM operation: ICBufferFull
Event: 54.434 Executing VM operation: ICBufferFull done
Event: 54.572 Executing VM operation: G1CollectForAllocation
Event: 54.589 Executing VM operation: G1CollectForAllocation done
Event: 55.061 Executing VM operation: G1CollectForAllocation
Event: 55.069 Executing VM operation: G1CollectForAllocation done
Event: 55.377 Executing VM operation: G1CollectForAllocation
Event: 55.382 Executing VM operation: G1CollectForAllocation done
Event: 55.555 Executing VM operation: HandshakeAllThreads
Event: 55.555 Executing VM operation: HandshakeAllThreads done
Event: 55.812 Executing VM operation: G1CollectForAllocation
Event: 55.820 Executing VM operation: G1CollectForAllocation done
Event: 56.188 Executing VM operation: G1CollectForAllocation
Event: 56.196 Executing VM operation: G1CollectForAllocation done
Event: 56.456 Executing VM operation: G1CollectForAllocation
Event: 56.471 Executing VM operation: G1CollectForAllocation done
Event: 56.829 Executing VM operation: G1CollectForAllocation

Events (20 events):
Event: 55.593 Thread 0x000001c17b695d00 flushing nmethod 0x000001c163876d90
Event: 55.593 Thread 0x000001c17b695d00 flushing nmethod 0x000001c16387a710
Event: 55.593 Thread 0x000001c17b695d00 flushing nmethod 0x000001c16387c610
Event: 55.596 Thread 0x000001c17b695d00 flushing nmethod 0x000001c163c9de10
Event: 55.600 Thread 0x000001c17b695d00 flushing nmethod 0x000001c1643b2890
Event: 55.600 Thread 0x000001c17b695d00 flushing nmethod 0x000001c1643b3590
Event: 55.600 Thread 0x000001c17b695d00 flushing nmethod 0x000001c1643b5310
Event: 55.600 Thread 0x000001c17b695d00 flushing nmethod 0x000001c1643b6c90
Event: 55.600 Thread 0x000001c17b695d00 flushing nmethod 0x000001c1643b7390
Event: 55.600 Thread 0x000001c17b695d00 flushing nmethod 0x000001c1643b7a10
Event: 55.600 Thread 0x000001c17b695d00 flushing nmethod 0x000001c1643ba010
Event: 55.600 Thread 0x000001c17b695d00 flushing nmethod 0x000001c1643ba390
Event: 55.600 Thread 0x000001c17b695d00 flushing nmethod 0x000001c1643ba990
Event: 55.600 Thread 0x000001c17b695d00 flushing nmethod 0x000001c1643baf90
Event: 55.600 Thread 0x000001c17b695d00 flushing nmethod 0x000001c1643bed10
Event: 55.600 Thread 0x000001c17b695d00 flushing nmethod 0x000001c1643ddb90
Event: 55.600 Thread 0x000001c17b695d00 flushing nmethod 0x000001c164400390
Event: 55.600 Thread 0x000001c17b695d00 flushing nmethod 0x000001c164408210
Event: 55.600 Thread 0x000001c17b695d00 flushing nmethod 0x000001c16441fd90
Event: 55.600 Thread 0x000001c17b695d00 flushing nmethod 0x000001c16447d310


Dynamic libraries:
0x00007ff794c70000 - 0x00007ff794c7e000 	C:\Program Files\Java\jdk-17.0.1\bin\java.exe
0x00007ffe23150000 - 0x00007ffe23348000 	C:\Windows\SYSTEM32\ntdll.dll
0x00007ffe21a30000 - 0x00007ffe21aef000 	C:\Windows\System32\KERNEL32.DLL
0x00007ffe20d80000 - 0x00007ffe21076000 	C:\Windows\System32\KERNELBASE.dll
0x00007ffe20910000 - 0x00007ffe20a10000 	C:\Windows\System32\ucrtbase.dll
0x00007ffdedfc0000 - 0x00007ffdedfda000 	C:\Program Files\Java\jdk-17.0.1\bin\VCRUNTIME140.dll
0x00007ffdee490000 - 0x00007ffdee4a8000 	C:\Program Files\Java\jdk-17.0.1\bin\jli.dll
0x00007ffe211b0000 - 0x00007ffe2134d000 	C:\Windows\System32\USER32.dll
0x00007ffe20d50000 - 0x00007ffe20d72000 	C:\Windows\System32\win32u.dll
0x00007ffe0c7a0000 - 0x00007ffe0ca3a000 	C:\Windows\WinSxS\amd64_microsoft.windows.common-controls_6595b64144ccf1df_6.0.19041.1110_none_60b5254171f9507e\COMCTL32.dll
0x00007ffe21560000 - 0x00007ffe2158c000 	C:\Windows\System32\GDI32.dll
0x00007ffe20be0000 - 0x00007ffe20cf5000 	C:\Windows\System32\gdi32full.dll
0x00007ffe21590000 - 0x00007ffe2162e000 	C:\Windows\System32\msvcrt.dll
0x00007ffe21080000 - 0x00007ffe2111d000 	C:\Windows\System32\msvcp_win.dll
0x00007ffe23050000 - 0x00007ffe23080000 	C:\Windows\System32\IMM32.DLL
0x00007ffe1bab0000 - 0x00007ffe1babc000 	C:\Program Files\Java\jdk-17.0.1\bin\vcruntime140_1.dll
0x00007ffded560000 - 0x00007ffded5ed000 	C:\Program Files\Java\jdk-17.0.1\bin\msvcp140.dll
0x00007ffd53dd0000 - 0x00007ffd5498e000 	C:\Program Files\Java\jdk-17.0.1\bin\server\jvm.dll
0x00007ffe21630000 - 0x00007ffe216df000 	C:\Windows\System32\ADVAPI32.dll
0x00007ffe216e0000 - 0x00007ffe2177c000 	C:\Windows\System32\sechost.dll
0x00007ffe21850000 - 0x00007ffe21976000 	C:\Windows\System32\RPCRT4.dll
0x00007ffe23100000 - 0x00007ffe23108000 	C:\Windows\System32\PSAPI.DLL
0x00007ffdfd280000 - 0x00007ffdfd289000 	C:\Windows\SYSTEM32\WSOCK32.dll
0x00007ffe21ba0000 - 0x00007ffe21c0b000 	C:\Windows\System32\WS2_32.dll
0x00007ffe0b670000 - 0x00007ffe0b697000 	C:\Windows\SYSTEM32\WINMM.dll
0x00007ffe128f0000 - 0x00007ffe128fa000 	C:\Windows\SYSTEM32\VERSION.dll
0x00007ffe1f030000 - 0x00007ffe1f042000 	C:\Windows\SYSTEM32\kernel.appcore.dll
0x00007ffe17d70000 - 0x00007ffe17d7a000 	C:\Program Files\Java\jdk-17.0.1\bin\jimage.dll
0x00007ffe1e510000 - 0x00007ffe1e6f4000 	C:\Windows\SYSTEM32\DBGHELP.DLL
0x00007ffe02c00000 - 0x00007ffe02c34000 	C:\Windows\SYSTEM32\dbgcore.DLL
0x00007ffe21120000 - 0x00007ffe211a2000 	C:\Windows\System32\bcryptPrimitives.dll
0x00007ffded6b0000 - 0x00007ffded6d5000 	C:\Program Files\Java\jdk-17.0.1\bin\java.dll
0x00007ffdd8a70000 - 0x00007ffdd8b46000 	C:\Program Files\Java\jdk-17.0.1\bin\svml.dll
0x00007ffe22700000 - 0x00007ffe22e44000 	C:\Windows\System32\SHELL32.dll
0x00007ffe1e890000 - 0x00007ffe1f023000 	C:\Windows\SYSTEM32\windows.storage.dll
0x00007ffe21c70000 - 0x00007ffe21fc4000 	C:\Windows\System32\combase.dll
0x00007ffe20290000 - 0x00007ffe202be000 	C:\Windows\SYSTEM32\Wldp.dll
0x00007ffe21af0000 - 0x00007ffe21b9d000 	C:\Windows\System32\SHCORE.dll
0x00007ffe21c10000 - 0x00007ffe21c65000 	C:\Windows\System32\shlwapi.dll
0x00007ffe20770000 - 0x00007ffe2078f000 	C:\Windows\SYSTEM32\profapi.dll
0x00007ffded820000 - 0x00007ffded839000 	C:\Program Files\Java\jdk-17.0.1\bin\net.dll
0x00007ffe1a5f0000 - 0x00007ffe1a6fa000 	C:\Windows\SYSTEM32\WINHTTP.dll
0x00007ffe1fff0000 - 0x00007ffe2005a000 	C:\Windows\system32\mswsock.dll
0x00007ffded7b0000 - 0x00007ffded7c5000 	C:\Program Files\Java\jdk-17.0.1\bin\nio.dll
0x00007ffded690000 - 0x00007ffded6a8000 	C:\Program Files\Java\jdk-17.0.1\bin\zip.dll
0x00007ffe175b0000 - 0x00007ffe175c0000 	C:\Program Files\Java\jdk-17.0.1\bin\verify.dll

dbghelp: loaded successfully - version: 4.0.5 - missing functions: none
symbol engine: initialized successfully - sym options: 0x614 - pdb path: .;C:\Program Files\Java\jdk-17.0.1\bin;C:\Windows\SYSTEM32;C:\Windows\WinSxS\amd64_microsoft.windows.common-controls_6595b64144ccf1df_6.0.19041.1110_none_60b5254171f9507e;C:\Program Files\Java\jdk-17.0.1\bin\server

VM Arguments:
java_command: org.jetbrains.kotlin.cli.jvm.K2JVMCompiler @E:\Programming\Kotlin\AndroidStudioProjects\KariraApp\app\build\20230612_16306435678695715952.compiler.options
java_class_path (initial): C:\Users\ekiri\.gradle\caches\modules-2\files-2.1\org.jetbrains.kotlin\kotlin-compiler-embeddable\1.7.20\8db18559a581dd2c36ddfd5046af145650f5b126\kotlin-compiler-embeddable-1.7.20.jar;C:\Users\ekiri\.gradle\caches\modules-2\files-2.1\org.jetbrains.kotlin\kotlin-reflect\1.7.20\12b2501e33bb6373e8e347c86d85481863629381\kotlin-reflect-1.7.20.jar;C:\Users\ekiri\.gradle\caches\modules-2\files-2.1\org.jetbrains.kotlin\kotlin-stdlib\1.7.20\726594ea9ba2beb2ee113647fefa9a10f9fabe52\kotlin-stdlib-1.7.20.jar;C:\Users\ekiri\.gradle\caches\modules-2\files-2.1\org.jetbrains.kotlin\kotlin-script-runtime\1.7.20\bcd1cc6f865e632550357fcc59f5ffd532615a8\kotlin-script-runtime-1.7.20.jar;C:\Users\ekiri\.gradle\caches\modules-2\files-2.1\org.jetbrains.kotlin\kotlin-daemon-embeddable\1.7.20\1e24355adad8d529d75d5b19eab55484057431ba\kotlin-daemon-embeddable-1.7.20.jar;C:\Users\ekiri\.gradle\caches\modules-2\files-2.1\org.jetbrains.intellij.deps\trove4j\1.0.20200330\3afb14d5f9ceb459d724e907a21145e8ff394f02\trove4j-1.0.20200330.jar;C:\Users\ekiri\.gradle\caches\modules-2\files-2.1\net.java.dev.jna\jna\5.6.0\330f2244e9030119ab3030fc3fededc86713d9cc\jna-5.6.0.jar;C:\Users\ekiri\.gradle\caches\modules-2\files-2.1\org.jetbrains.kotlin\kotlin-stdlib-common\1.7.20\e15351bdaf9fa06f009be5da7a202e4184f00ae3\kotlin-stdlib-common-1.7.20.jar;C:\Users\ekiri\.gradle\caches\modules-2\files-2.1\org.jetbrains\annotations\13.0\919f0dfe192fb4e063e7dacadee7f8bb9a2672a9\annotations-13.0.jar
Launcher Type: SUN_STANDARD

[Global flags]
     intx CICompilerCount                          = 4                                         {product} {ergonomic}
     uint ConcGCThreads                            = 2                                         {product} {ergonomic}
     uint G1ConcRefinementThreads                  = 8                                         {product} {ergonomic}
   size_t G1HeapRegionSize                         = 2097152                                   {product} {ergonomic}
    uintx GCDrainStackTargetSize                   = 64                                        {product} {ergonomic}
   size_t InitialHeapSize                          = 266338304                                 {product} {ergonomic}
   size_t MarkStackSize                            = 4194304                                   {product} {ergonomic}
   size_t MaxHeapSize                              = 4238344192                                {product} {ergonomic}
   size_t MaxNewSize                               = 2541748224                                {product} {ergonomic}
   size_t MinHeapDeltaBytes                        = 2097152                                   {product} {ergonomic}
   size_t MinHeapSize                              = 8388608                                   {product} {ergonomic}
    uintx NonNMethodCodeHeapSize                   = 5839372                                {pd product} {ergonomic}
    uintx NonProfiledCodeHeapSize                  = 122909434                              {pd product} {ergonomic}
    uintx ProfiledCodeHeapSize                     = 122909434                              {pd product} {ergonomic}
    uintx ReservedCodeCacheSize                    = 251658240                              {pd product} {ergonomic}
     bool SegmentedCodeCache                       = true                                      {product} {ergonomic}
   size_t SoftMaxHeapSize                          = 4238344192                             {manageable} {ergonomic}
     bool UseCompressedClassPointers               = true                           {product lp64_product} {ergonomic}
     bool UseCompressedOops                        = true                           {product lp64_product} {ergonomic}
     bool UseG1GC                                  = true                                      {product} {ergonomic}
     bool UseLargePagesIndividualAllocation        = false                                  {pd product} {ergonomic}

Logging:
Log output configuration:
 #0: stdout all=warning uptime,level,tags
 #1: stderr all=off uptime,level,tags

Environment Variables:
JAVA_HOME=C:\Program Files\Java\jdk-17.0.1
PATH=C:\ProgramData\scoop\shims;C:\Program Files\Common Files\Oracle\Java\javapath;C:\Python39\Scripts\;C:\Python39\;C:\Windows\system32;C:\Windows;C:\Windows\System32\Wbem;C:\Windows\System32\WindowsPowerShell\v1.0\;C:\Windows\System32\OpenSSH\;C:\Program Files (x86)\NVIDIA Corporation\PhysX\Common;C:\Program Files\NVIDIA Corporation\NVIDIA NvDLISR;C:\ProgramData\chocolatey\bin;C:\Program Files\Git\cmd;C:\Program Files\PuTTY\;C:\ProgramData\ComposerSetup\bin;C:\xampp\php;C:\Program Files\Go\bin;C:\Gradle\gradle-7.4.2\bin;C:\Program Files\dotnet\;C:\Program Files\OpenSSL-Win64\bin;C:\Program Files\Erlang OTP\bin;C:\Program Files (x86)\Elixir\bin;C:\Windows\system32\config\systemprofile\.mix\escripts;E:\sonarqube\sonar-scanner-4.8.0.2856-windows\bin;C:\Users\ekiri\AppData\Roaming\nvm;C:\Program Files\nodejs;C:\Program Files\Docker\Docker\resources\bin;C:\Program Files\Cloudflare\Cloudflare WARP\;C:\Program Files\Java\jdk-17.0.1\bin;C:\Users\ekiri\AppData\Local\Programs\Python\Python310\Scripts\;C:\Users\ekiri\AppData\Local\Programs\Python\Python310\;C:\Users\ekiri\scoop\shims;C:\Users\ekiri\AppData\Local\Microsoft\WindowsApps;C:\Users\ekiri\AppData\Local\Programs\Microsoft VS Code\bin;C:\Users\ekiri\AppData\Local\GitHubDesktop\bin;C:\src\flutter\bin;C:\Program Files\heroku\bin;C:\Program Files\PostgreSQL\14\bin;C:\Users\ekiri\AppData\Roaming\Composer\vendor\bin;C:\Users\ekiri\go\bin;C:\Users\ekiri\AppData\Roaming\npm;C:\Users\ekiri\AppData\Roaming\cabal\bin;C:\tools\ghc-9.4.2\bin;C:\Users\ekiri\AppData\Roaming\local\bin;C:\Program Files\Erlang OTP\bin;C:\tools\dart-sdk\bin;C:\Users\ekiri\AppData\Roaming\Pub\Cache\bin;C:\Users\ekiri\AppData\Local\Google\Cloud SDK\google-cloud-sdk\bin;C:\Users\ekiri\.fly\bin;E:\sonarqube\sonar-scanner-4.8.0.2856-windows\bin;C:\Users\ekiri\AppData\Roaming\nvm;C:\Program Files\nodejs;
USERNAME=ekiri
OS=Windows_NT
PROCESSOR_IDENTIFIER=Intel64 Family 6 Model 140 Stepping 1, GenuineIntel



---------------  S Y S T E M  ---------------

OS:
 Windows 10 , 64 bit Build 19041 (10.0.19041.2913)
OS uptime: 0 days 21:43 hours
Hyper-V role detected

CPU: total 8 (initial active 8) (4 cores per cpu, 2 threads per core) family 6 model 140 stepping 1 microcode 0x8a, cx8, cmov, fxsr, ht, mmx, 3dnowpref, sse, sse2, sse3, ssse3, sse4.1, sse4.2, popcnt, lzcnt, tsc, tscinvbit, avx, avx2, aes, erms, clmul, bmi1, bmi2, adx, avx512f, avx512dq, avx512cd, avx512bw, avx512vl, sha, fma, vzeroupper, avx512_vpopcntdq, avx512_vpclmulqdq, avx512_vaes, avx512_vnni, clflush, clflushopt, clwb, avx512_vbmi2, avx512_vbmi, hv

Memory: 4k page, system-wide physical 16167M (398M free)
TotalPageFile size 35331M (AvailPageFile size 51M)
current process WorkingSet (physical memory assigned to process): 699M, peak: 713M
current process commit charge ("private bytes"): 750M, peak: 832M

vm_info: OpenJDK 64-Bit Server VM (17.0.1+12-39) for windows-amd64 JRE (17.0.1+12-39), built on Sep 27 2021 18:39:29 by "mach5one" with MS VC++ 16.8 (VS2019)

END.
