#
# There is insufficient memory for the Java Runtime Environment to continue.
# Native memory allocation (mmap) failed to map 216006656 bytes for G1 virtual space
# Possible reasons:
#   The system is out of physical RAM or swap space
#   The process is running with CompressedOops enabled, and the Java Heap may be blocking the growth of the native heap
# Possible solutions:
#   Reduce memory load on the system
#   Increase physical memory or swap space
#   Check if swap backing store is full
#   Decrease Java heap size (-Xmx/-Xms)
#   Decrease number of Java threads
#   Decrease Java thread stack sizes (-Xss)
#   Set larger code cache with -XX:ReservedCodeCacheSize=
#   JVM is running with Zero Based Compressed Oops mode in which the Java heap is
#     placed in the first 32GB address space. The Java Heap base address is the
#     maximum limit for the native heap growth. Please use -XX:HeapBaseMinAddress
#     to set the Java Heap base and to place the Java Heap above 32GB virtual address.
# This output file may be truncated or incomplete.
#
#  Out of Memory Error (os_windows.cpp:3469), pid=25720, tid=25004
#
# JRE version: OpenJDK Runtime Environment (17.0.1+12) (build 17.0.1+12-39)
# Java VM: OpenJDK 64-Bit Server VM (17.0.1+12-39, mixed mode, sharing, tiered, compressed oops, compressed class ptrs, g1 gc, windows-amd64)
# No core dump will be written. Minidumps are not enabled by default on client versions of Windows
#

---------------  S U M M A R Y ------------

Command Line: org.jetbrains.kotlin.cli.jvm.K2JVMCompiler @E:\Programming\Kotlin\AndroidStudioProjects\KariraApp\app\build\20230612_1762505398569334446.compiler.options

Host: 11th Gen Intel(R) Core(TM) i7-1165G7 @ 2.80GHz, 8 cores, 15G,  Windows 10 , 64 bit Build 19041 (10.0.19041.2913)
Time: Mon Jun 12 18:23:47 2023 SE Asia Standard Time elapsed time: 41.297459 seconds (0d 0h 0m 41s)

---------------  T H R E A D  ---------------

Current thread (0x000001fafe3e1790):  VMThread "VM Thread" [stack: 0x000000f2c0b00000,0x000000f2c0c00000] [id=25004]

Stack: [0x000000f2c0b00000,0x000000f2c0c00000]
Native frames: (J=compiled Java code, j=interpreted, Vv=VM code, C=native code)
V  [jvm.dll+0x66fa1a]
V  [jvm.dll+0x7ce5a4]
V  [jvm.dll+0x7cfd4e]
V  [jvm.dll+0x7d03b3]
V  [jvm.dll+0x242b05]
V  [jvm.dll+0x66ca39]
V  [jvm.dll+0x661502]
V  [jvm.dll+0x30081b]
V  [jvm.dll+0x307da6]
V  [jvm.dll+0x357a1e]
V  [jvm.dll+0x357c4f]
V  [jvm.dll+0x2d7ad8]
V  [jvm.dll+0x2d5da4]
V  [jvm.dll+0x2d53ac]
V  [jvm.dll+0x318d0b]
V  [jvm.dll+0x7d484b]
V  [jvm.dll+0x7d5584]
V  [jvm.dll+0x7d5a9c]
V  [jvm.dll+0x7d5e74]
V  [jvm.dll+0x7d5f40]
V  [jvm.dll+0x77e91a]
V  [jvm.dll+0x66e845]
C  [ucrtbase.dll+0x21bb2]
C  [KERNEL32.DLL+0x17614]
C  [ntdll.dll+0x526a1]

VM_Operation (0x000000f2c05f8280): G1CollectForAllocation, mode: safepoint, requested by thread 0x000001faea861380


---------------  P R O C E S S  ---------------

Threads class SMR info:
_java_thread_list=0x000001fa901840f0, length=14, elements={
0x000001faea861380, 0x000001fafe3e7a30, 0x000001fafe3e85e0, 0x000001fafe3fd600,
0x000001fafe3fe1b0, 0x000001fafe402c80, 0x000001fafe403630, 0x000001fafe404310,
0x000001fafe404db0, 0x000001fafe405f40, 0x000001faff0f40c0, 0x000001faff0fcc50,
0x000001fa9057f510, 0x000001fa96060ba0
}

Java Threads: ( => current thread )
  0x000001faea861380 JavaThread "main" [_thread_blocked, id=33460, stack(0x000000f2c0500000,0x000000f2c0600000)]
  0x000001fafe3e7a30 JavaThread "Reference Handler" daemon [_thread_blocked, id=38840, stack(0x000000f2c0c00000,0x000000f2c0d00000)]
  0x000001fafe3e85e0 JavaThread "Finalizer" daemon [_thread_blocked, id=35572, stack(0x000000f2c0d00000,0x000000f2c0e00000)]
  0x000001fafe3fd600 JavaThread "Signal Dispatcher" daemon [_thread_blocked, id=26148, stack(0x000000f2c0e00000,0x000000f2c0f00000)]
  0x000001fafe3fe1b0 JavaThread "Attach Listener" daemon [_thread_blocked, id=36548, stack(0x000000f2c0f00000,0x000000f2c1000000)]
  0x000001fafe402c80 JavaThread "Service Thread" daemon [_thread_blocked, id=14208, stack(0x000000f2c1000000,0x000000f2c1100000)]
  0x000001fafe403630 JavaThread "Monitor Deflation Thread" daemon [_thread_blocked, id=30996, stack(0x000000f2c1100000,0x000000f2c1200000)]
  0x000001fafe404310 JavaThread "C2 CompilerThread0" daemon [_thread_blocked, id=29864, stack(0x000000f2c1200000,0x000000f2c1300000)]
  0x000001fafe404db0 JavaThread "C1 CompilerThread0" daemon [_thread_blocked, id=16620, stack(0x000000f2c1300000,0x000000f2c1400000)]
  0x000001fafe405f40 JavaThread "Sweeper thread" daemon [_thread_blocked, id=23416, stack(0x000000f2c1400000,0x000000f2c1500000)]
  0x000001faff0f40c0 JavaThread "Notification Thread" daemon [_thread_blocked, id=21940, stack(0x000000f2c1500000,0x000000f2c1600000)]
  0x000001faff0fcc50 JavaThread "Common-Cleaner" daemon [_thread_blocked, id=15736, stack(0x000000f2c1700000,0x000000f2c1800000)]
  0x000001fa9057f510 JavaThread "C2 CompilerThread1" daemon [_thread_in_native, id=26504, stack(0x000000f2c1800000,0x000000f2c1900000)]
  0x000001fa96060ba0 JavaThread "C2 CompilerThread2" daemon [_thread_blocked, id=38424, stack(0x000000f2c2100000,0x000000f2c2200000)]

Other Threads:
=>0x000001fafe3e1790 VMThread "VM Thread" [stack: 0x000000f2c0b00000,0x000000f2c0c00000] [id=25004]
  0x000001faff0f4590 WatcherThread [stack: 0x000000f2c1600000,0x000000f2c1700000] [id=10692]
  0x000001faea8b0660 GCTaskThread "GC Thread#0" [stack: 0x000000f2c0600000,0x000000f2c0700000] [id=20216]
  0x000001faff6d1360 GCTaskThread "GC Thread#1" [stack: 0x000000f2c1900000,0x000000f2c1a00000] [id=28852]
  0x000001faff6d1610 GCTaskThread "GC Thread#2" [stack: 0x000000f2c1a00000,0x000000f2c1b00000] [id=7588]
  0x000001faff6d18c0 GCTaskThread "GC Thread#3" [stack: 0x000000f2c1b00000,0x000000f2c1c00000] [id=33548]
  0x000001faff6d1b70 GCTaskThread "GC Thread#4" [stack: 0x000000f2c1c00000,0x000000f2c1d00000] [id=37968]
  0x000001faff5703e0 GCTaskThread "GC Thread#5" [stack: 0x000000f2c1d00000,0x000000f2c1e00000] [id=37632]
  0x000001fa8fb68050 GCTaskThread "GC Thread#6" [stack: 0x000000f2c1e00000,0x000000f2c1f00000] [id=36256]
  0x000001fa8f9c01d0 GCTaskThread "GC Thread#7" [stack: 0x000000f2c1f00000,0x000000f2c2000000] [id=28452]
  0x000001faea8c2240 ConcurrentGCThread "G1 Main Marker" [stack: 0x000000f2c0700000,0x000000f2c0800000] [id=25652]
  0x000001faea8c2c50 ConcurrentGCThread "G1 Conc#0" [stack: 0x000000f2c0800000,0x000000f2c0900000] [id=27912]
  0x000001fa8fcdd7d0 ConcurrentGCThread "G1 Conc#1" [stack: 0x000000f2c2000000,0x000000f2c2100000] [id=2380]
  0x000001fafe2a20c0 ConcurrentGCThread "G1 Refine#0" [stack: 0x000000f2c0900000,0x000000f2c0a00000] [id=27920]
  0x000001fa9003fa80 ConcurrentGCThread "G1 Refine#1" [stack: 0x000000f2c2200000,0x000000f2c2300000] [id=29504]
  0x000001fa937b4a60 ConcurrentGCThread "G1 Refine#2" [stack: 0x000000f2c2300000,0x000000f2c2400000] [id=30888]
  0x000001fa967cf770 ConcurrentGCThread "G1 Refine#3" [stack: 0x000000f2c2500000,0x000000f2c2600000] [id=34928]
  0x000001fafe2a2ae0 ConcurrentGCThread "G1 Service" [stack: 0x000000f2c0a00000,0x000000f2c0b00000] [id=31068]

Threads with active compile tasks:
C2 CompilerThread0    41310 27854 %     4       org.jetbrains.org.objectweb.asm.Frame::merge @ 38 (395 bytes)
C1 CompilerThread0    41310 27966       3       org.jetbrains.kotlin.codegen.inline.MethodInliner::markPlacesForInlineAndRemoveInlinable (1337 bytes)
C2 CompilerThread1    41310 27876       4       org.jetbrains.kotlin.backend.jvm.mapping.MethodSignatureMapper::mapSignature (573 bytes)
C2 CompilerThread2    41310 27827   !   4       org.jetbrains.kotlin.codegen.optimization.common.FastMethodAnalyzer::analyze (795 bytes)

VM state: at safepoint (normal execution)

VM Mutex/Monitor currently owned by a thread:  ([mutex/lock_event])
[0x000001faea85a780] Threads_lock - owner thread: 0x000001fafe3e1790
[0x000001faea85a540] Heap_lock - owner thread: 0x000001faea861380

Heap address: 0x0000000703600000, size: 4042 MB, Compressed Oops mode: Zero based, Oop shift amount: 3

CDS archive(s) mapped at: [0x0000000800000000-0x0000000800bc0000-0x0000000800bc0000), size 12320768, SharedBaseAddress: 0x0000000800000000, ArchiveRelocationMode: 0.
Compressed class space mapped at: 0x0000000800c00000-0x0000000840c00000, reserved size: 1073741824
Narrow klass base: 0x0000000800000000, Narrow klass shift: 0, Narrow klass range: 0x100000000

GC Precious Log:
 CPUs: 8 total, 8 available
 Memory: 16167M
 Large Page Support: Disabled
 NUMA Support: Disabled
 Compressed Oops: Enabled (Zero based)
 Heap Region Size: 2M
 Heap Min Capacity: 8M
 Heap Initial Capacity: 254M
 Heap Max Capacity: 4042M
 Pre-touch: Disabled
 Parallel Workers: 8
 Concurrent Workers: 2
 Concurrent Refinement Workers: 8
 Periodic GC: Disabled

Heap:
 garbage-first heap   total 399360K, used 249369K [0x0000000703600000, 0x0000000800000000)
  region size 2048K, 7 young (14336K), 7 survivors (14336K)
 Metaspace       used 91033K, committed 91456K, reserved 1138688K
  class space    used 9334K, committed 9536K, reserved 1048576K

Heap Regions: E=young(eden), S=young(survivor), O=old, HS=humongous(starts), HC=humongous(continues), CS=collection set, F=free, OA=open archive, CA=closed archive, TAMS=top-at-mark-start (previous, next)
|   0|0x0000000703600000, 0x0000000703800000, 0x0000000703800000|100%|HS|  |TAMS 0x0000000703800000, 0x0000000703600000| Complete 
|   1|0x0000000703800000, 0x0000000703a00000, 0x0000000703a00000|100%|HC|  |TAMS 0x0000000703a00000, 0x0000000703800000| Complete 
|   2|0x0000000703a00000, 0x0000000703c00000, 0x0000000703c00000|100%| O|  |TAMS 0x0000000703c00000, 0x0000000703a00000| Untracked 
|   3|0x0000000703c00000, 0x0000000703e00000, 0x0000000703e00000|100%| O|  |TAMS 0x0000000703e00000, 0x0000000703c00000| Untracked 
|   4|0x0000000703e00000, 0x0000000704000000, 0x0000000704000000|100%|HS|  |TAMS 0x0000000704000000, 0x0000000703e00000| Complete 
|   5|0x0000000704000000, 0x0000000704200000, 0x0000000704200000|100%|HC|  |TAMS 0x0000000704200000, 0x0000000704000000| Complete 
|   6|0x0000000704200000, 0x0000000704400000, 0x0000000704400000|100%| O|  |TAMS 0x0000000704400000, 0x0000000704200000| Untracked 
|   7|0x0000000704400000, 0x0000000704600000, 0x0000000704600000|100%| O|  |TAMS 0x0000000704600000, 0x0000000704400000| Untracked 
|   8|0x0000000704600000, 0x0000000704800000, 0x0000000704800000|100%| O|  |TAMS 0x0000000704800000, 0x0000000704600000| Untracked 
|   9|0x0000000704800000, 0x0000000704a00000, 0x0000000704a00000|100%| O|  |TAMS 0x0000000704a00000, 0x0000000704800000| Untracked 
|  10|0x0000000704a00000, 0x0000000704c00000, 0x0000000704c00000|100%| O|  |TAMS 0x0000000704c00000, 0x0000000704a00000| Untracked 
|  11|0x0000000704c00000, 0x0000000704e00000, 0x0000000704e00000|100%| O|  |TAMS 0x0000000704e00000, 0x0000000704c00000| Untracked 
|  12|0x0000000704e00000, 0x0000000705000000, 0x0000000705000000|100%|HS|  |TAMS 0x0000000705000000, 0x0000000704e00000| Complete 
|  13|0x0000000705000000, 0x0000000705200000, 0x0000000705200000|100%| O|  |TAMS 0x0000000705200000, 0x0000000705000000| Untracked 
|  14|0x0000000705200000, 0x0000000705400000, 0x0000000705400000|100%| O|  |TAMS 0x0000000705400000, 0x0000000705200000| Untracked 
|  15|0x0000000705400000, 0x0000000705600000, 0x0000000705600000|100%| O|  |TAMS 0x0000000705600000, 0x0000000705400000| Untracked 
|  16|0x0000000705600000, 0x0000000705800000, 0x0000000705800000|100%| O|  |TAMS 0x0000000705800000, 0x0000000705600000| Untracked 
|  17|0x0000000705800000, 0x0000000705a00000, 0x0000000705a00000|100%| O|  |TAMS 0x0000000705a00000, 0x0000000705800000| Untracked 
|  18|0x0000000705a00000, 0x0000000705c00000, 0x0000000705c00000|100%| O|  |TAMS 0x0000000705c00000, 0x0000000705a00000| Untracked 
|  19|0x0000000705c00000, 0x0000000705e00000, 0x0000000705e00000|100%| O|  |TAMS 0x0000000705e00000, 0x0000000705c00000| Untracked 
|  20|0x0000000705e00000, 0x0000000706000000, 0x0000000706000000|100%| O|  |TAMS 0x0000000706000000, 0x0000000705e00000| Untracked 
|  21|0x0000000706000000, 0x0000000706200000, 0x0000000706200000|100%| O|  |TAMS 0x0000000706000000, 0x0000000706000000| Untracked 
|  22|0x0000000706200000, 0x0000000706400000, 0x0000000706400000|100%| O|  |TAMS 0x0000000706400000, 0x0000000706200000| Untracked 
|  23|0x0000000706400000, 0x0000000706600000, 0x0000000706600000|100%| O|  |TAMS 0x0000000706600000, 0x0000000706400000| Untracked 
|  24|0x0000000706600000, 0x0000000706800000, 0x0000000706800000|100%| O|  |TAMS 0x0000000706800000, 0x0000000706600000| Untracked 
|  25|0x0000000706800000, 0x0000000706a00000, 0x0000000706a00000|100%| O|  |TAMS 0x0000000706a00000, 0x0000000706800000| Untracked 
|  26|0x0000000706a00000, 0x0000000706c00000, 0x0000000706c00000|100%| O|  |TAMS 0x0000000706c00000, 0x0000000706a00000| Untracked 
|  27|0x0000000706c00000, 0x0000000706e00000, 0x0000000706e00000|100%| O|  |TAMS 0x0000000706e00000, 0x0000000706c00000| Untracked 
|  28|0x0000000706e00000, 0x0000000707000000, 0x0000000707000000|100%| O|  |TAMS 0x0000000707000000, 0x0000000706e00000| Untracked 
|  29|0x0000000707000000, 0x0000000707200000, 0x0000000707200000|100%| O|  |TAMS 0x0000000707200000, 0x0000000707000000| Untracked 
|  30|0x0000000707200000, 0x0000000707400000, 0x0000000707400000|100%| O|  |TAMS 0x0000000707400000, 0x0000000707200000| Untracked 
|  31|0x0000000707400000, 0x0000000707600000, 0x0000000707600000|100%| O|  |TAMS 0x0000000707600000, 0x0000000707400000| Untracked 
|  32|0x0000000707600000, 0x0000000707800000, 0x0000000707800000|100%| O|  |TAMS 0x0000000707800000, 0x0000000707600000| Untracked 
|  33|0x0000000707800000, 0x0000000707a00000, 0x0000000707a00000|100%| O|  |TAMS 0x0000000707a00000, 0x0000000707800000| Untracked 
|  34|0x0000000707a00000, 0x0000000707c00000, 0x0000000707c00000|100%| O|  |TAMS 0x0000000707c00000, 0x0000000707a00000| Untracked 
|  35|0x0000000707c00000, 0x0000000707e00000, 0x0000000707e00000|100%| O|  |TAMS 0x0000000707e00000, 0x0000000707c00000| Untracked 
|  36|0x0000000707e00000, 0x0000000708000000, 0x0000000708000000|100%| O|  |TAMS 0x0000000708000000, 0x0000000707e00000| Untracked 
|  37|0x0000000708000000, 0x0000000708200000, 0x0000000708200000|100%| O|  |TAMS 0x0000000708200000, 0x0000000708000000| Untracked 
|  38|0x0000000708200000, 0x0000000708400000, 0x0000000708400000|100%| O|  |TAMS 0x0000000708400000, 0x0000000708200000| Untracked 
|  39|0x0000000708400000, 0x0000000708600000, 0x0000000708600000|100%| O|  |TAMS 0x0000000708600000, 0x0000000708400000| Untracked 
|  40|0x0000000708600000, 0x0000000708800000, 0x0000000708800000|100%| O|  |TAMS 0x0000000708800000, 0x0000000708600000| Untracked 
|  41|0x0000000708800000, 0x0000000708a00000, 0x0000000708a00000|100%| O|  |TAMS 0x0000000708a00000, 0x0000000708800000| Untracked 
|  42|0x0000000708a00000, 0x0000000708c00000, 0x0000000708c00000|100%| O|  |TAMS 0x0000000708c00000, 0x0000000708a00000| Untracked 
|  43|0x0000000708c00000, 0x0000000708e00000, 0x0000000708e00000|100%| O|  |TAMS 0x0000000708e00000, 0x0000000708c00000| Untracked 
|  44|0x0000000708e00000, 0x0000000709000000, 0x0000000709000000|100%| O|  |TAMS 0x0000000709000000, 0x0000000708e00000| Untracked 
|  45|0x0000000709000000, 0x0000000709200000, 0x0000000709200000|100%| O|  |TAMS 0x0000000709200000, 0x0000000709000000| Untracked 
|  46|0x0000000709200000, 0x0000000709400000, 0x0000000709400000|100%| O|  |TAMS 0x0000000709400000, 0x0000000709200000| Untracked 
|  47|0x0000000709400000, 0x0000000709600000, 0x0000000709600000|100%| O|  |TAMS 0x0000000709600000, 0x0000000709400000| Untracked 
|  48|0x0000000709600000, 0x0000000709800000, 0x0000000709800000|100%| O|  |TAMS 0x0000000709800000, 0x0000000709600000| Untracked 
|  49|0x0000000709800000, 0x0000000709a00000, 0x0000000709a00000|100%| O|  |TAMS 0x0000000709a00000, 0x0000000709800000| Untracked 
|  50|0x0000000709a00000, 0x0000000709c00000, 0x0000000709c00000|100%| O|  |TAMS 0x0000000709a00000, 0x0000000709a00000| Untracked 
|  51|0x0000000709c00000, 0x0000000709e00000, 0x0000000709e00000|100%| O|  |TAMS 0x0000000709e00000, 0x0000000709c00000| Untracked 
|  52|0x0000000709e00000, 0x000000070a000000, 0x000000070a000000|100%| O|  |TAMS 0x0000000709e00000, 0x0000000709e00000| Untracked 
|  53|0x000000070a000000, 0x000000070a200000, 0x000000070a200000|100%| O|  |TAMS 0x000000070a000000, 0x000000070a000000| Untracked 
|  54|0x000000070a200000, 0x000000070a400000, 0x000000070a400000|100%| O|  |TAMS 0x000000070a400000, 0x000000070a200000| Untracked 
|  55|0x000000070a400000, 0x000000070a600000, 0x000000070a600000|100%| O|  |TAMS 0x000000070a600000, 0x000000070a400000| Untracked 
|  56|0x000000070a600000, 0x000000070a800000, 0x000000070a800000|100%| O|  |TAMS 0x000000070a600000, 0x000000070a600000| Untracked 
|  57|0x000000070a800000, 0x000000070aa00000, 0x000000070aa00000|100%| O|  |TAMS 0x000000070aa00000, 0x000000070a800000| Untracked 
|  58|0x000000070aa00000, 0x000000070ac00000, 0x000000070ac00000|100%| O|  |TAMS 0x000000070ac00000, 0x000000070aa00000| Untracked 
|  59|0x000000070ac00000, 0x000000070ae00000, 0x000000070ae00000|100%| O|  |TAMS 0x000000070ae00000, 0x000000070ac00000| Untracked 
|  60|0x000000070ae00000, 0x000000070b000000, 0x000000070b000000|100%| O|  |TAMS 0x000000070ae00000, 0x000000070ae00000| Untracked 
|  61|0x000000070b000000, 0x000000070b200000, 0x000000070b200000|100%| O|  |TAMS 0x000000070b200000, 0x000000070b000000| Untracked 
|  62|0x000000070b200000, 0x000000070b400000, 0x000000070b400000|100%| O|  |TAMS 0x000000070b400000, 0x000000070b200000| Untracked 
|  63|0x000000070b400000, 0x000000070b600000, 0x000000070b600000|100%| O|  |TAMS 0x000000070b600000, 0x000000070b400000| Untracked 
|  64|0x000000070b600000, 0x000000070b800000, 0x000000070b800000|100%| O|  |TAMS 0x000000070b800000, 0x000000070b600000| Untracked 
|  65|0x000000070b800000, 0x000000070ba00000, 0x000000070ba00000|100%| O|  |TAMS 0x000000070ba00000, 0x000000070b800000| Untracked 
|  66|0x000000070ba00000, 0x000000070bc00000, 0x000000070bc00000|100%| O|  |TAMS 0x000000070bc00000, 0x000000070ba00000| Untracked 
|  67|0x000000070bc00000, 0x000000070be00000, 0x000000070be00000|100%| O|  |TAMS 0x000000070be00000, 0x000000070bc00000| Untracked 
|  68|0x000000070be00000, 0x000000070c000000, 0x000000070c000000|100%| O|  |TAMS 0x000000070c000000, 0x000000070be00000| Untracked 
|  69|0x000000070c000000, 0x000000070c200000, 0x000000070c200000|100%| O|  |TAMS 0x000000070c200000, 0x000000070c000000| Untracked 
|  70|0x000000070c200000, 0x000000070c400000, 0x000000070c400000|100%| O|  |TAMS 0x000000070c400000, 0x000000070c200000| Untracked 
|  71|0x000000070c400000, 0x000000070c600000, 0x000000070c600000|100%| O|  |TAMS 0x000000070c600000, 0x000000070c400000| Untracked 
|  72|0x000000070c600000, 0x000000070c800000, 0x000000070c800000|100%| O|  |TAMS 0x000000070c800000, 0x000000070c600000| Untracked 
|  73|0x000000070c800000, 0x000000070ca00000, 0x000000070ca00000|100%| O|  |TAMS 0x000000070ca00000, 0x000000070c800000| Untracked 
|  74|0x000000070ca00000, 0x000000070cc00000, 0x000000070cc00000|100%| O|  |TAMS 0x000000070cc00000, 0x000000070ca00000| Untracked 
|  75|0x000000070cc00000, 0x000000070ce00000, 0x000000070ce00000|100%| O|  |TAMS 0x000000070ce00000, 0x000000070cc00000| Untracked 
|  76|0x000000070ce00000, 0x000000070d000000, 0x000000070d000000|100%| O|  |TAMS 0x000000070d000000, 0x000000070ce00000| Untracked 
|  77|0x000000070d000000, 0x000000070d200000, 0x000000070d200000|100%| O|  |TAMS 0x000000070d200000, 0x000000070d000000| Untracked 
|  78|0x000000070d200000, 0x000000070d400000, 0x000000070d400000|100%| O|  |TAMS 0x000000070d400000, 0x000000070d200000| Untracked 
|  79|0x000000070d400000, 0x000000070d600000, 0x000000070d600000|100%| O|  |TAMS 0x000000070d600000, 0x000000070d400000| Untracked 
|  80|0x000000070d600000, 0x000000070d800000, 0x000000070d800000|100%| O|  |TAMS 0x000000070d800000, 0x000000070d600000| Untracked 
|  81|0x000000070d800000, 0x000000070da00000, 0x000000070da00000|100%| O|  |TAMS 0x000000070da00000, 0x000000070d800000| Untracked 
|  82|0x000000070da00000, 0x000000070dc00000, 0x000000070dc00000|100%| O|  |TAMS 0x000000070da00000, 0x000000070da00000| Untracked 
|  83|0x000000070dc00000, 0x000000070de00000, 0x000000070de00000|100%| O|  |TAMS 0x000000070dc00000, 0x000000070dc00000| Untracked 
|  84|0x000000070de00000, 0x000000070e000000, 0x000000070e000000|100%| O|  |TAMS 0x000000070de00000, 0x000000070de00000| Untracked 
|  85|0x000000070e000000, 0x000000070e200000, 0x000000070e200000|100%| O|  |TAMS 0x000000070e000000, 0x000000070e000000| Untracked 
|  86|0x000000070e200000, 0x000000070e400000, 0x000000070e400000|100%| O|  |TAMS 0x000000070e200000, 0x000000070e200000| Untracked 
|  87|0x000000070e400000, 0x000000070e600000, 0x000000070e600000|100%| O|  |TAMS 0x000000070e400000, 0x000000070e400000| Untracked 
|  88|0x000000070e600000, 0x000000070e800000, 0x000000070e800000|100%| O|  |TAMS 0x000000070e600000, 0x000000070e600000| Untracked 
|  89|0x000000070e800000, 0x000000070ea00000, 0x000000070ea00000|100%| O|  |TAMS 0x000000070e800000, 0x000000070e800000| Untracked 
|  90|0x000000070ea00000, 0x000000070ec00000, 0x000000070ec00000|100%| O|  |TAMS 0x000000070ec00000, 0x000000070ea00000| Untracked 
|  91|0x000000070ec00000, 0x000000070ee00000, 0x000000070ee00000|100%| O|  |TAMS 0x000000070ee00000, 0x000000070ec00000| Untracked 
|  92|0x000000070ee00000, 0x000000070f000000, 0x000000070f000000|100%| O|  |TAMS 0x000000070f000000, 0x000000070ee00000| Untracked 
|  93|0x000000070f000000, 0x000000070f200000, 0x000000070f200000|100%| O|  |TAMS 0x000000070f200000, 0x000000070f000000| Untracked 
|  94|0x000000070f200000, 0x000000070f400000, 0x000000070f400000|100%| O|  |TAMS 0x000000070f400000, 0x000000070f200000| Untracked 
|  95|0x000000070f400000, 0x000000070f600000, 0x000000070f600000|100%| O|  |TAMS 0x000000070f600000, 0x000000070f400000| Untracked 
|  96|0x000000070f600000, 0x000000070f800000, 0x000000070f800000|100%| O|  |TAMS 0x000000070f800000, 0x000000070f600000| Untracked 
|  97|0x000000070f800000, 0x000000070fa00000, 0x000000070fa00000|100%| O|  |TAMS 0x000000070fa00000, 0x000000070f800000| Untracked 
|  98|0x000000070fa00000, 0x000000070fc00000, 0x000000070fc00000|100%| O|  |TAMS 0x000000070fc00000, 0x000000070fa00000| Untracked 
|  99|0x000000070fc00000, 0x000000070fe00000, 0x000000070fe00000|100%| O|  |TAMS 0x000000070fc00000, 0x000000070fc00000| Untracked 
| 100|0x000000070fe00000, 0x0000000710000000, 0x0000000710000000|100%| O|  |TAMS 0x000000070fe00000, 0x000000070fe00000| Untracked 
| 101|0x0000000710000000, 0x0000000710200000, 0x0000000710200000|100%| O|  |TAMS 0x0000000710000000, 0x0000000710000000| Untracked 
| 102|0x0000000710200000, 0x0000000710400000, 0x0000000710400000|100%| O|  |TAMS 0x0000000710400000, 0x0000000710200000| Untracked 
| 103|0x0000000710400000, 0x0000000710600000, 0x0000000710600000|100%| O|  |TAMS 0x0000000710600000, 0x0000000710400000| Untracked 
| 104|0x0000000710600000, 0x0000000710800000, 0x0000000710800000|100%| O|  |TAMS 0x0000000710800000, 0x0000000710600000| Untracked 
| 105|0x0000000710800000, 0x0000000710a00000, 0x0000000710a00000|100%| O|  |TAMS 0x0000000710a00000, 0x0000000710800000| Untracked 
| 106|0x0000000710a00000, 0x0000000710c00000, 0x0000000710c00000|100%| O|  |TAMS 0x0000000710b9b400, 0x0000000710a00000| Untracked 
| 107|0x0000000710c00000, 0x0000000710e00000, 0x0000000710e00000|100%| O|  |TAMS 0x0000000710c00000, 0x0000000710c00000| Untracked 
| 108|0x0000000710e00000, 0x0000000711000000, 0x0000000711000000|100%| O|  |TAMS 0x0000000710e00000, 0x0000000710e00000| Untracked 
| 109|0x0000000711000000, 0x0000000711200000, 0x0000000711200000|100%| O|  |TAMS 0x0000000711000000, 0x0000000711000000| Untracked 
| 110|0x0000000711200000, 0x0000000711400000, 0x0000000711400000|100%| O|  |TAMS 0x0000000711200000, 0x0000000711200000| Untracked 
| 111|0x0000000711400000, 0x0000000711600000, 0x0000000711600000|100%| O|  |TAMS 0x0000000711400000, 0x0000000711400000| Untracked 
| 112|0x0000000711600000, 0x0000000711800000, 0x0000000711800000|100%| O|  |TAMS 0x0000000711600000, 0x0000000711600000| Untracked 
| 113|0x0000000711800000, 0x0000000711a00000, 0x0000000711a00000|100%| O|  |TAMS 0x0000000711800000, 0x0000000711800000| Untracked 
| 114|0x0000000711a00000, 0x0000000711b86400, 0x0000000711c00000| 76%| O|  |TAMS 0x0000000711a00000, 0x0000000711a00000| Untracked 
| 115|0x0000000711c00000, 0x0000000711c00000, 0x0000000711e00000|  0%| F|  |TAMS 0x0000000711c00000, 0x0000000711c00000| Untracked 
| 116|0x0000000711e00000, 0x0000000711e00000, 0x0000000712000000|  0%| F|  |TAMS 0x0000000711e00000, 0x0000000711e00000| Untracked 
| 117|0x0000000712000000, 0x0000000712000000, 0x0000000712200000|  0%| F|  |TAMS 0x0000000712000000, 0x0000000712000000| Untracked 
| 118|0x0000000712200000, 0x0000000712200000, 0x0000000712400000|  0%| F|  |TAMS 0x0000000712200000, 0x0000000712200000| Untracked 
| 119|0x0000000712400000, 0x0000000712400000, 0x0000000712600000|  0%| F|  |TAMS 0x0000000712400000, 0x0000000712400000| Untracked 
| 120|0x0000000712600000, 0x0000000712600000, 0x0000000712800000|  0%| F|  |TAMS 0x0000000712600000, 0x0000000712600000| Untracked 
| 121|0x0000000712800000, 0x0000000712800000, 0x0000000712a00000|  0%| F|  |TAMS 0x0000000712800000, 0x0000000712800000| Untracked 
| 122|0x0000000712a00000, 0x0000000712a00000, 0x0000000712c00000|  0%| F|  |TAMS 0x0000000712a00000, 0x0000000712a00000| Untracked 
| 123|0x0000000712c00000, 0x0000000712c00000, 0x0000000712e00000|  0%| F|  |TAMS 0x0000000712c00000, 0x0000000712c00000| Untracked 
| 124|0x0000000712e00000, 0x0000000712e00000, 0x0000000713000000|  0%| F|  |TAMS 0x0000000712e00000, 0x0000000712e00000| Untracked 
| 125|0x0000000713000000, 0x0000000713000000, 0x0000000713200000|  0%| F|  |TAMS 0x0000000713000000, 0x0000000713000000| Untracked 
| 126|0x0000000713200000, 0x0000000713200000, 0x0000000713400000|  0%| F|  |TAMS 0x0000000713200000, 0x0000000713200000| Untracked 
| 127|0x0000000713400000, 0x0000000713400000, 0x0000000713600000|  0%| F|  |TAMS 0x0000000713400000, 0x0000000713400000| Untracked 
| 128|0x0000000713600000, 0x0000000713600000, 0x0000000713800000|  0%| F|  |TAMS 0x0000000713600000, 0x0000000713600000| Untracked 
| 129|0x0000000713800000, 0x0000000713800000, 0x0000000713a00000|  0%| F|  |TAMS 0x0000000713800000, 0x0000000713800000| Untracked 
| 130|0x0000000713a00000, 0x0000000713a00000, 0x0000000713c00000|  0%| F|  |TAMS 0x0000000713a00000, 0x0000000713a00000| Untracked 
| 131|0x0000000713c00000, 0x0000000713c00000, 0x0000000713e00000|  0%| F|  |TAMS 0x0000000713c00000, 0x0000000713c00000| Untracked 
| 132|0x0000000713e00000, 0x0000000713e00000, 0x0000000714000000|  0%| F|  |TAMS 0x0000000713e00000, 0x0000000713e00000| Untracked 
| 133|0x0000000714000000, 0x0000000714000000, 0x0000000714200000|  0%| F|  |TAMS 0x0000000714000000, 0x0000000714000000| Untracked 
| 134|0x0000000714200000, 0x0000000714200000, 0x0000000714400000|  0%| F|  |TAMS 0x0000000714200000, 0x0000000714200000| Untracked 
| 135|0x0000000714400000, 0x0000000714400000, 0x0000000714600000|  0%| F|  |TAMS 0x0000000714400000, 0x0000000714400000| Untracked 
| 136|0x0000000714600000, 0x0000000714600000, 0x0000000714800000|  0%| F|  |TAMS 0x0000000714600000, 0x0000000714600000| Untracked 
| 137|0x0000000714800000, 0x0000000714800000, 0x0000000714a00000|  0%| F|  |TAMS 0x0000000714800000, 0x0000000714800000| Untracked 
| 138|0x0000000714a00000, 0x0000000714a00000, 0x0000000714c00000|  0%| F|  |TAMS 0x0000000714a00000, 0x0000000714a00000| Untracked 
| 139|0x0000000714c00000, 0x0000000714c00000, 0x0000000714e00000|  0%| F|  |TAMS 0x0000000714c00000, 0x0000000714c00000| Untracked 
| 140|0x0000000714e00000, 0x0000000714e00000, 0x0000000715000000|  0%| F|  |TAMS 0x0000000714e00000, 0x0000000714e00000| Untracked 
| 141|0x0000000715000000, 0x0000000715000000, 0x0000000715200000|  0%| F|  |TAMS 0x0000000715000000, 0x0000000715000000| Untracked 
| 142|0x0000000715200000, 0x0000000715400000, 0x0000000715400000|100%| S|CS|TAMS 0x0000000715200000, 0x0000000715200000| Complete 
| 143|0x0000000715400000, 0x0000000715600000, 0x0000000715600000|100%| S|CS|TAMS 0x0000000715400000, 0x0000000715400000| Complete 
| 144|0x0000000715600000, 0x0000000715800000, 0x0000000715800000|100%| S|CS|TAMS 0x0000000715600000, 0x0000000715600000| Complete 
| 145|0x0000000715800000, 0x0000000715a00000, 0x0000000715a00000|100%| S|CS|TAMS 0x0000000715800000, 0x0000000715800000| Complete 
| 146|0x0000000715a00000, 0x0000000715a00000, 0x0000000715c00000|  0%| F|  |TAMS 0x0000000715a00000, 0x0000000715a00000| Untracked 
| 147|0x0000000715c00000, 0x0000000715c00000, 0x0000000715e00000|  0%| F|  |TAMS 0x0000000715c00000, 0x0000000715c00000| Untracked 
| 148|0x0000000715e00000, 0x0000000715e00000, 0x0000000716000000|  0%| F|  |TAMS 0x0000000715e00000, 0x0000000715e00000| Untracked 
| 149|0x0000000716000000, 0x0000000716200000, 0x0000000716200000|100%| S|CS|TAMS 0x0000000716000000, 0x0000000716000000| Complete 
| 150|0x0000000716200000, 0x0000000716400000, 0x0000000716400000|100%| S|CS|TAMS 0x0000000716200000, 0x0000000716200000| Complete 
| 151|0x0000000716400000, 0x0000000716600000, 0x0000000716600000|100%| S|CS|TAMS 0x0000000716400000, 0x0000000716400000| Complete 
| 152|0x0000000716600000, 0x0000000716600000, 0x0000000716800000|  0%| F|  |TAMS 0x0000000716600000, 0x0000000716600000| Untracked 
| 153|0x0000000716800000, 0x0000000716800000, 0x0000000716a00000|  0%| F|  |TAMS 0x0000000716800000, 0x0000000716800000| Untracked 
| 154|0x0000000716a00000, 0x0000000716a00000, 0x0000000716c00000|  0%| F|  |TAMS 0x0000000716a00000, 0x0000000716a00000| Untracked 
| 155|0x0000000716c00000, 0x0000000716c00000, 0x0000000716e00000|  0%| F|  |TAMS 0x0000000716c00000, 0x0000000716c00000| Untracked 
| 156|0x0000000716e00000, 0x0000000716e00000, 0x0000000717000000|  0%| F|  |TAMS 0x0000000716e00000, 0x0000000716e00000| Untracked 
| 157|0x0000000717000000, 0x0000000717000000, 0x0000000717200000|  0%| F|  |TAMS 0x0000000717000000, 0x0000000717000000| Untracked 
| 158|0x0000000717200000, 0x0000000717200000, 0x0000000717400000|  0%| F|  |TAMS 0x0000000717200000, 0x0000000717200000| Untracked 
| 159|0x0000000717400000, 0x0000000717400000, 0x0000000717600000|  0%| F|  |TAMS 0x0000000717400000, 0x0000000717400000| Untracked 
| 160|0x0000000717600000, 0x0000000717600000, 0x0000000717800000|  0%| F|  |TAMS 0x0000000717600000, 0x0000000717600000| Untracked 
| 161|0x0000000717800000, 0x0000000717800000, 0x0000000717a00000|  0%| F|  |TAMS 0x0000000717800000, 0x0000000717800000| Untracked 
| 162|0x0000000717a00000, 0x0000000717a00000, 0x0000000717c00000|  0%| F|  |TAMS 0x0000000717a00000, 0x0000000717a00000| Untracked 
| 163|0x0000000717c00000, 0x0000000717c00000, 0x0000000717e00000|  0%| F|  |TAMS 0x0000000717c00000, 0x0000000717c00000| Untracked 
| 164|0x0000000717e00000, 0x0000000717e00000, 0x0000000718000000|  0%| F|  |TAMS 0x0000000717e00000, 0x0000000717e00000| Untracked 
| 165|0x0000000718000000, 0x0000000718000000, 0x0000000718200000|  0%| F|  |TAMS 0x0000000718000000, 0x0000000718000000| Untracked 
| 166|0x0000000718200000, 0x0000000718200000, 0x0000000718400000|  0%| F|  |TAMS 0x0000000718200000, 0x0000000718200000| Untracked 
| 167|0x0000000718400000, 0x0000000718400000, 0x0000000718600000|  0%| F|  |TAMS 0x0000000718400000, 0x0000000718400000| Untracked 
| 168|0x0000000718600000, 0x0000000718600000, 0x0000000718800000|  0%| F|  |TAMS 0x0000000718600000, 0x0000000718600000| Untracked 
| 169|0x0000000718800000, 0x0000000718800000, 0x0000000718a00000|  0%| F|  |TAMS 0x0000000718800000, 0x0000000718800000| Untracked 
| 170|0x0000000718a00000, 0x0000000718a00000, 0x0000000718c00000|  0%| F|  |TAMS 0x0000000718a00000, 0x0000000718a00000| Untracked 
| 171|0x0000000718c00000, 0x0000000718c00000, 0x0000000718e00000|  0%| F|  |TAMS 0x0000000718c00000, 0x0000000718c00000| Untracked 
| 172|0x0000000718e00000, 0x0000000718e00000, 0x0000000719000000|  0%| F|  |TAMS 0x0000000718e00000, 0x0000000718e00000| Untracked 
| 173|0x0000000719000000, 0x0000000719000000, 0x0000000719200000|  0%| F|  |TAMS 0x0000000719000000, 0x0000000719000000| Untracked 
| 174|0x0000000719200000, 0x0000000719200000, 0x0000000719400000|  0%| F|  |TAMS 0x0000000719200000, 0x0000000719200000| Untracked 
| 175|0x0000000719400000, 0x0000000719400000, 0x0000000719600000|  0%| F|  |TAMS 0x0000000719400000, 0x0000000719400000| Untracked 
| 176|0x0000000719600000, 0x0000000719600000, 0x0000000719800000|  0%| F|  |TAMS 0x0000000719600000, 0x0000000719600000| Untracked 
| 177|0x0000000719800000, 0x0000000719800000, 0x0000000719a00000|  0%| F|  |TAMS 0x0000000719800000, 0x0000000719800000| Untracked 
| 178|0x0000000719a00000, 0x0000000719a00000, 0x0000000719c00000|  0%| F|  |TAMS 0x0000000719a00000, 0x0000000719a00000| Untracked 
| 179|0x0000000719c00000, 0x0000000719c00000, 0x0000000719e00000|  0%| F|  |TAMS 0x0000000719c00000, 0x0000000719c00000| Untracked 
| 180|0x0000000719e00000, 0x0000000719e00000, 0x000000071a000000|  0%| F|  |TAMS 0x0000000719e00000, 0x0000000719e00000| Untracked 
| 181|0x000000071a000000, 0x000000071a000000, 0x000000071a200000|  0%| F|  |TAMS 0x000000071a000000, 0x000000071a000000| Untracked 
| 182|0x000000071a200000, 0x000000071a200000, 0x000000071a400000|  0%| F|  |TAMS 0x000000071a200000, 0x000000071a200000| Untracked 
| 183|0x000000071a400000, 0x000000071a400000, 0x000000071a600000|  0%| F|  |TAMS 0x000000071a400000, 0x000000071a400000| Untracked 
| 184|0x000000071a600000, 0x000000071a600000, 0x000000071a800000|  0%| F|  |TAMS 0x000000071a600000, 0x000000071a600000| Untracked 
| 185|0x000000071a800000, 0x000000071a800000, 0x000000071aa00000|  0%| F|  |TAMS 0x000000071a800000, 0x000000071a800000| Untracked 
| 186|0x000000071aa00000, 0x000000071aa00000, 0x000000071ac00000|  0%| F|  |TAMS 0x000000071aa00000, 0x000000071aa00000| Untracked 
| 187|0x000000071ac00000, 0x000000071ac00000, 0x000000071ae00000|  0%| F|  |TAMS 0x000000071ac00000, 0x000000071ac00000| Untracked 
| 188|0x000000071ae00000, 0x000000071ae00000, 0x000000071b000000|  0%| F|  |TAMS 0x000000071ae00000, 0x000000071ae00000| Untracked 
| 189|0x000000071b000000, 0x000000071b000000, 0x000000071b200000|  0%| F|  |TAMS 0x000000071b000000, 0x000000071b000000| Untracked 
| 190|0x000000071b200000, 0x000000071b200000, 0x000000071b400000|  0%| F|  |TAMS 0x000000071b200000, 0x000000071b200000| Untracked 
| 191|0x000000071b400000, 0x000000071b400000, 0x000000071b600000|  0%| F|  |TAMS 0x000000071b400000, 0x000000071b400000| Untracked 
| 192|0x000000071b600000, 0x000000071b600000, 0x000000071b800000|  0%| F|  |TAMS 0x000000071b600000, 0x000000071b600000| Untracked 
| 193|0x000000071b800000, 0x000000071b800000, 0x000000071ba00000|  0%| F|  |TAMS 0x000000071b800000, 0x000000071b800000| Untracked 
| 194|0x000000071ba00000, 0x000000071ba00000, 0x000000071bc00000|  0%| F|  |TAMS 0x000000071ba00000, 0x000000071ba00000| Untracked 

Card table byte_map: [0x000001faf2b80000,0x000001faf3370000] _byte_map_base: 0x000001faef365000

Marking Bits (Prev, Next): (CMBitMap*) 0x000001faea8b1cc0, (CMBitMap*) 0x000001faea8b1c80
 Prev Bits: [0x000001faf7a90000, 0x000001fafb9b8000)
 Next Bits: [0x000001faf3b60000, 0x000001faf7a88000)

Polling page: 0x000001faea040000

Metaspace:

Usage:
  Non-class:     79.78 MB used.
      Class:      9.12 MB used.
       Both:     88.90 MB used.

Virtual space:
  Non-class space:       88.00 MB reserved,      80.00 MB ( 91%) committed,  11 nodes.
      Class space:        1.00 GB reserved,       9.31 MB ( <1%) committed,  1 nodes.
             Both:        1.09 GB reserved,      89.31 MB (  8%) committed. 

Chunk freelists:
   Non-Class:  3.62 MB
       Class:  2.62 MB
        Both:  6.25 MB

MaxMetaspaceSize: unlimited
CompressedClassSpaceSize: 1.00 GB
Initial GC threshold: 21.00 MB
Current GC threshold: 125.88 MB
CDS: on
MetaspaceReclaimPolicy: balanced
 - commit_granule_bytes: 65536.
 - commit_granule_words: 8192.
 - virtual_space_node_default_size: 1048576.
 - enlarge_chunks_in_place: 1.
 - new_chunks_are_fully_committed: 0.
 - uncommit_free_chunks: 1.
 - use_allocation_guard: 0.
 - handle_deallocations: 1.


Internal statistics:

num_allocs_failed_limit: 6.
num_arena_births: 534.
num_arena_deaths: 0.
num_vsnodes_births: 12.
num_vsnodes_deaths: 0.
num_space_committed: 1427.
num_space_uncommitted: 0.
num_chunks_returned_to_freelist: 6.
num_chunks_taken_from_freelist: 3905.
num_chunk_merges: 6.
num_chunk_splits: 3054.
num_chunks_enlarged: 2607.
num_purges: 0.
num_inconsistent_stats: 0.

CodeHeap 'non-profiled nmethods': size=120000Kb used=16849Kb max_used=16973Kb free=103150Kb
 bounds [0x000001fa87ad0000, 0x000001fa88ba0000, 0x000001fa8f000000]
CodeHeap 'profiled nmethods': size=120000Kb used=64057Kb max_used=64057Kb free=55942Kb
 bounds [0x000001fa805a0000, 0x000001fa84440000, 0x000001fa87ad0000]
CodeHeap 'non-nmethods': size=5760Kb used=1437Kb max_used=1529Kb free=4322Kb
 bounds [0x000001fa80000000, 0x000001fa80270000, 0x000001fa805a0000]
 total_blobs=22196 nmethods=21442 adapters=661
 compilation: enabled
              stopped_count=0, restarted_count=0
 full_count=0

Compilation events (20 events):
Event: 41.225 Thread 0x000001fafe404db0 nmethod 27956 0x000001fa84424a90 code [0x000001fa84424c20, 0x000001fa84424d38]
Event: 41.226 Thread 0x000001fafe404db0 27958       2       org.jetbrains.kotlin.backend.jvm.codegen.ClassCodegen$Companion::hasInvalidName (154 bytes)
Event: 41.226 Thread 0x000001fafe404db0 nmethod 27958 0x000001fa84424e10 code [0x000001fa84425040, 0x000001fa844255b8]
Event: 41.234 Thread 0x000001fafe404db0 27959       2       org.jetbrains.kotlin.codegen.StackValue::requiresInlineClassBoxingOrUnboxing (141 bytes)
Event: 41.235 Thread 0x000001fafe404db0 nmethod 27959 0x000001fa84425910 code [0x000001fa84425c20, 0x000001fa844265d8]
Event: 41.235 Thread 0x000001fafe404db0 27960       2       org.jetbrains.kotlin.codegen.inline.InlineCodegen::putArgumentToLocalVal (246 bytes)
Event: 41.237 Thread 0x000001fafe404db0 nmethod 27960 0x000001fa84426b10 code [0x000001fa84426ee0, 0x000001fa84427df8]
Event: 41.237 Thread 0x000001fafe404db0 27961       2       org.jetbrains.kotlin.codegen.inline.InlineCodegen$Companion::isLocalWithNoBoxing (60 bytes)
Event: 41.238 Thread 0x000001fafe404db0 nmethod 27961 0x000001fa84428790 code [0x000001fa84428940, 0x000001fa84428bf8]
Event: 41.240 Thread 0x000001fafe404db0 27962       2       java.util.HashMap$Values::size (8 bytes)
Event: 41.241 Thread 0x000001fafe404db0 nmethod 27962 0x000001fa84428d90 code [0x000001fa84428f20, 0x000001fa84429038]
Event: 41.242 Thread 0x000001fafe404db0 27963       2       org.jetbrains.kotlin.codegen.DelegatingClassBuilder::visitOuterClass (22 bytes)
Event: 41.243 Thread 0x000001fafe404db0 nmethod 27963 0x000001fa84429110 code [0x000001fa844292c0, 0x000001fa84429468]
Event: 41.254 Thread 0x000001fafe404310 nmethod 27792 0x000001fa88b87490 code [0x000001fa88b87b00, 0x000001fa88b8ed18]
Event: 41.254 Thread 0x000001fafe404310 27854 %     4       org.jetbrains.org.objectweb.asm.Frame::merge @ 38 (395 bytes)
Event: 41.257 Thread 0x000001fafe404db0 27964       2       org.jetbrains.kotlin.codegen.inline.MethodInliner::prepareNode (625 bytes)
Event: 41.260 Thread 0x000001fafe404db0 nmethod 27964 0x000001fa84429590 code [0x000001fa84429a00, 0x000001fa8442b318]
Event: 41.260 Thread 0x000001fafe404db0 27965       2       org.jetbrains.kotlin.codegen.inline.MethodInliner::replaceContinuationAccessesWithFakeContinuationsIfNeeded (831 bytes)
Event: 41.264 Thread 0x000001fafe404db0 nmethod 27965 0x000001fa8442c710 code [0x000001fa8442ce80, 0x000001fa8442f808]
Event: 41.266 Thread 0x000001fafe404db0 27966       3       org.jetbrains.kotlin.codegen.inline.MethodInliner::markPlacesForInlineAndRemoveInlinable (1337 bytes)

GC Heap History (20 events):
Event: 31.062 GC heap after
{Heap after GC invocations=42 (full 0):
 garbage-first heap   total 370688K, used 161820K [0x0000000703600000, 0x0000000800000000)
  region size 2048K, 11 young (22528K), 11 survivors (22528K)
 Metaspace       used 73156K, committed 73536K, reserved 1122304K
  class space    used 7924K, committed 8128K, reserved 1048576K
}
Event: 32.667 GC heap before
{Heap before GC invocations=42 (full 0):
 garbage-first heap   total 370688K, used 288796K [0x0000000703600000, 0x0000000800000000)
  region size 2048K, 73 young (149504K), 11 survivors (22528K)
 Metaspace       used 73705K, committed 74112K, reserved 1122304K
  class space    used 7957K, committed 8128K, reserved 1048576K
}
Event: 32.709 GC heap after
{Heap after GC invocations=43 (full 0):
 garbage-first heap   total 370688K, used 216685K [0x0000000703600000, 0x0000000800000000)
  region size 2048K, 10 young (20480K), 10 survivors (20480K)
 Metaspace       used 73705K, committed 74112K, reserved 1122304K
  class space    used 7957K, committed 8128K, reserved 1048576K
}
Event: 33.618 GC heap before
{Heap before GC invocations=43 (full 0):
 garbage-first heap   total 370688K, used 282221K [0x0000000703600000, 0x0000000800000000)
  region size 2048K, 42 young (86016K), 10 survivors (20480K)
 Metaspace       used 76029K, committed 76480K, reserved 1122304K
  class space    used 8213K, committed 8448K, reserved 1048576K
}
Event: 33.635 GC heap after
{Heap after GC invocations=44 (full 0):
 garbage-first heap   total 370688K, used 224767K [0x0000000703600000, 0x0000000800000000)
  region size 2048K, 3 young (6144K), 3 survivors (6144K)
 Metaspace       used 76029K, committed 76480K, reserved 1122304K
  class space    used 8213K, committed 8448K, reserved 1048576K
}
Event: 34.743 GC heap before
{Heap before GC invocations=45 (full 0):
 garbage-first heap   total 399360K, used 288255K [0x0000000703600000, 0x0000000800000000)
  region size 2048K, 35 young (71680K), 3 survivors (6144K)
 Metaspace       used 81637K, committed 82048K, reserved 1130496K
  class space    used 8770K, committed 8960K, reserved 1048576K
}
Event: 34.752 GC heap after
{Heap after GC invocations=46 (full 0):
 garbage-first heap   total 399360K, used 226876K [0x0000000703600000, 0x0000000800000000)
  region size 2048K, 5 young (10240K), 5 survivors (10240K)
 Metaspace       used 81637K, committed 82048K, reserved 1130496K
  class space    used 8770K, committed 8960K, reserved 1048576K
}
Event: 34.810 GC heap before
{Heap before GC invocations=46 (full 0):
 garbage-first heap   total 399360K, used 235068K [0x0000000703600000, 0x0000000800000000)
  region size 2048K, 9 young (18432K), 5 survivors (10240K)
 Metaspace       used 81672K, committed 82048K, reserved 1130496K
  class space    used 8770K, committed 8960K, reserved 1048576K
}
Event: 34.821 GC heap after
{Heap after GC invocations=47 (full 0):
 garbage-first heap   total 399360K, used 220160K [0x0000000703600000, 0x0000000800000000)
  region size 2048K, 1 young (2048K), 1 survivors (2048K)
 Metaspace       used 81672K, committed 82048K, reserved 1130496K
  class space    used 8770K, committed 8960K, reserved 1048576K
}
Event: 36.374 GC heap before
{Heap before GC invocations=47 (full 0):
 garbage-first heap   total 399360K, used 310272K [0x0000000703600000, 0x0000000800000000)
  region size 2048K, 45 young (92160K), 1 survivors (2048K)
 Metaspace       used 84504K, committed 84992K, reserved 1130496K
  class space    used 8954K, committed 9216K, reserved 1048576K
}
Event: 36.381 GC heap after
{Heap after GC invocations=48 (full 0):
 garbage-first heap   total 399360K, used 222883K [0x0000000703600000, 0x0000000800000000)
  region size 2048K, 2 young (4096K), 2 survivors (4096K)
 Metaspace       used 84504K, committed 84992K, reserved 1130496K
  class space    used 8954K, committed 9216K, reserved 1048576K
}
Event: 37.538 GC heap before
{Heap before GC invocations=48 (full 0):
 garbage-first heap   total 399360K, used 317091K [0x0000000703600000, 0x0000000800000000)
  region size 2048K, 48 young (98304K), 2 survivors (4096K)
 Metaspace       used 85030K, committed 85504K, reserved 1130496K
  class space    used 8959K, committed 9216K, reserved 1048576K
}
Event: 37.549 GC heap after
{Heap after GC invocations=49 (full 0):
 garbage-first heap   total 399360K, used 227064K [0x0000000703600000, 0x0000000800000000)
  region size 2048K, 5 young (10240K), 5 survivors (10240K)
 Metaspace       used 85030K, committed 85504K, reserved 1130496K
  class space    used 8959K, committed 9216K, reserved 1048576K
}
Event: 38.537 GC heap before
{Heap before GC invocations=49 (full 0):
 garbage-first heap   total 399360K, used 323320K [0x0000000703600000, 0x0000000800000000)
  region size 2048K, 52 young (106496K), 5 survivors (10240K)
 Metaspace       used 87120K, committed 87552K, reserved 1130496K
  class space    used 9121K, committed 9344K, reserved 1048576K
}
Event: 38.549 GC heap after
{Heap after GC invocations=50 (full 0):
 garbage-first heap   total 399360K, used 230229K [0x0000000703600000, 0x0000000800000000)
  region size 2048K, 4 young (8192K), 4 survivors (8192K)
 Metaspace       used 87120K, committed 87552K, reserved 1130496K
  class space    used 9121K, committed 9344K, reserved 1048576K
}
Event: 40.119 GC heap before
{Heap before GC invocations=50 (full 0):
 garbage-first heap   total 399360K, used 328533K [0x0000000703600000, 0x0000000800000000)
  region size 2048K, 52 young (106496K), 4 survivors (8192K)
 Metaspace       used 90594K, committed 91072K, reserved 1130496K
  class space    used 9327K, committed 9536K, reserved 1048576K
}
Event: 40.132 GC heap after
{Heap after GC invocations=51 (full 0):
 garbage-first heap   total 399360K, used 236923K [0x0000000703600000, 0x0000000800000000)
  region size 2048K, 7 young (14336K), 7 survivors (14336K)
 Metaspace       used 90594K, committed 91072K, reserved 1130496K
  class space    used 9327K, committed 9536K, reserved 1048576K
}
Event: 40.804 GC heap before
{Heap before GC invocations=51 (full 0):
 garbage-first heap   total 399360K, used 331131K [0x0000000703600000, 0x0000000800000000)
  region size 2048K, 53 young (108544K), 7 survivors (14336K)
 Metaspace       used 90890K, committed 91328K, reserved 1138688K
  class space    used 9334K, committed 9536K, reserved 1048576K
}
Event: 40.823 GC heap after
{Heap after GC invocations=52 (full 0):
 garbage-first heap   total 399360K, used 242897K [0x0000000703600000, 0x0000000800000000)
  region size 2048K, 7 young (14336K), 7 survivors (14336K)
 Metaspace       used 90890K, committed 91328K, reserved 1138688K
  class space    used 9334K, committed 9536K, reserved 1048576K
}
Event: 41.281 GC heap before
{Heap before GC invocations=52 (full 0):
 garbage-first heap   total 399360K, used 330961K [0x0000000703600000, 0x0000000800000000)
  region size 2048K, 50 young (102400K), 7 survivors (14336K)
 Metaspace       used 91033K, committed 91456K, reserved 1138688K
  class space    used 9334K, committed 9536K, reserved 1048576K
}

Deoptimization events (20 events):
Event: 41.094 Thread 0x000001faea861380 DEOPT PACKING pc=0x000001fa83e488cd sp=0x000000f2c05f8410
Event: 41.094 Thread 0x000001faea861380 DEOPT UNPACKING pc=0x000001fa80056763 sp=0x000000f2c05f79c8 mode 0
Event: 41.095 Thread 0x000001faea861380 DEOPT PACKING pc=0x000001fa8420aa29 sp=0x000000f2c05f8800
Event: 41.095 Thread 0x000001faea861380 DEOPT UNPACKING pc=0x000001fa80056763 sp=0x000000f2c05f7d88 mode 0
Event: 41.173 Thread 0x000001faea861380 DEOPT PACKING pc=0x000001fa841bc4e5 sp=0x000000f2c05fd910
Event: 41.173 Thread 0x000001faea861380 DEOPT UNPACKING pc=0x000001fa80056763 sp=0x000000f2c05fce98 mode 0
Event: 41.179 Thread 0x000001faea861380 DEOPT PACKING pc=0x000001fa8420aa29 sp=0x000000f2c05fd4d0
Event: 41.179 Thread 0x000001faea861380 DEOPT UNPACKING pc=0x000001fa80056763 sp=0x000000f2c05fca58 mode 0
Event: 41.197 Thread 0x000001faea861380 DEOPT PACKING pc=0x000001fa841c8c6e sp=0x000000f2c05fd6b0
Event: 41.197 Thread 0x000001faea861380 DEOPT UNPACKING pc=0x000001fa80056763 sp=0x000000f2c05fcc48 mode 0
Event: 41.244 Thread 0x000001faea861380 DEOPT PACKING pc=0x000001fa80dadf73 sp=0x000000f2c05f4d60
Event: 41.244 Thread 0x000001faea861380 DEOPT UNPACKING pc=0x000001fa80056763 sp=0x000000f2c05f4200 mode 0
Event: 41.266 Thread 0x000001faea861380 DEOPT PACKING pc=0x000001fa8358de80 sp=0x000000f2c05f6ce0
Event: 41.266 Thread 0x000001faea861380 DEOPT UNPACKING pc=0x000001fa80056763 sp=0x000000f2c05f63b0 mode 0
Event: 41.270 Thread 0x000001faea861380 DEOPT PACKING pc=0x000001fa80dadf73 sp=0x000000f2c05f7720
Event: 41.270 Thread 0x000001faea861380 DEOPT UNPACKING pc=0x000001fa80056763 sp=0x000000f2c05f6bc0 mode 0
Event: 41.276 Thread 0x000001faea861380 DEOPT PACKING pc=0x000001fa8420aa29 sp=0x000000f2c05f84c0
Event: 41.276 Thread 0x000001faea861380 DEOPT UNPACKING pc=0x000001fa80056763 sp=0x000000f2c05f7a48 mode 0
Event: 41.277 Thread 0x000001faea861380 DEOPT PACKING pc=0x000001fa841c8c6e sp=0x000000f2c05f85f0
Event: 41.277 Thread 0x000001faea861380 DEOPT UNPACKING pc=0x000001fa80056763 sp=0x000000f2c05f7b80 mode 0

Classes unloaded (0 events):
No events

Classes redefined (0 events):
No events

Internal exceptions (20 events):
Event: 24.990 Thread 0x000001faea861380 Implicit null exception at 0x000001fa87be5820 to 0x000001fa87be599c
Event: 26.029 Thread 0x000001faea861380 Implicit null exception at 0x000001fa87b758eb to 0x000001fa87b75ac0
Event: 27.220 Thread 0x000001faea861380 Implicit null exception at 0x000001fa886336d8 to 0x000001fa88633774
Event: 27.371 Thread 0x000001faea861380 Implicit null exception at 0x000001fa87f1e833 to 0x000001fa87f1e9a4
Event: 27.421 Thread 0x000001faea861380 Exception <a 'java/lang/NoSuchMethodError'{0x0000000713c7c438}: 'java.lang.Object java.lang.invoke.DirectMethodHandle$Holder.invokeStaticInit(java.lang.Object, java.lang.Object, java.lang.Object, java.lang.Object)'> (0x0000000713c7c438) 
thrown [t:\workspace\open\src\hotspot\share\interpreter\linkResolver.cpp, line 766]
Event: 27.624 Thread 0x000001faea861380 Exception <a 'java/lang/NoSuchMethodError'{0x00000007133ab568}: 'int java.lang.invoke.DirectMethodHandle$Holder.invokeStaticInit(java.lang.Object, java.lang.Object, java.lang.Object, java.lang.Object)'> (0x00000007133ab568) 
thrown [t:\workspace\open\src\hotspot\share\interpreter\linkResolver.cpp, line 766]
Event: 27.669 Thread 0x000001faea861380 Exception <a 'java/lang/NoSuchMethodError'{0x0000000712e2ff18}: 'java.lang.Object java.lang.invoke.DirectMethodHandle$Holder.newInvokeSpecial(java.lang.Object, java.lang.Object, java.lang.Object, int, int)'> (0x0000000712e2ff18) 
thrown [t:\workspace\open\src\hotspot\share\interpreter\linkResolver.cpp, line 766]
Event: 27.670 Thread 0x000001faea861380 Exception <a 'java/lang/NoSuchMethodError'{0x0000000712e33d58}: 'java.lang.Object java.lang.invoke.DirectMethodHandle$Holder.invokeSpecial(java.lang.Object, java.lang.Object, java.lang.Object, java.lang.Object, int, int)'> (0x0000000712e33d58) 
thrown [t:\workspace\open\src\hotspot\share\interpreter\linkResolver.cpp, line 766]
Event: 27.710 Thread 0x000001faea861380 Exception <a 'java/lang/NoSuchMethodError'{0x0000000712ff4910}: 'java.lang.Object java.lang.invoke.DirectMethodHandle$Holder.invokeSpecial(java.lang.Object, java.lang.Object, int, int, java.lang.Object, java.lang.Object, java.lang.Object, java.lang.Object, java.lang.Object)'> (0x0000000712ff4910) 
thrown [t:\workspace\open\src\hotspot\share\interpreter\linkResolver.cpp, line 766]
Event: 28.133 Thread 0x000001faea861380 Implicit null exception at 0x000001fa87b3b8f0 to 0x000001fa87b3bb28
Event: 28.624 Thread 0x000001faea861380 Exception <a 'java/lang/NoSuchMethodError'{0x0000000710cea848}: 'java.lang.Object java.lang.invoke.DirectMethodHandle$Holder.newInvokeSpecial(java.lang.Object, java.lang.Object, int, int, java.lang.Object, java.lang.Object, java.lang.Object)'> (0x0000000710cea848) 
thrown [t:\workspace\open\src\hotspot\share\interpreter\linkResolver.cpp, line 766]
Event: 28.625 Thread 0x000001faea861380 Exception <a 'java/lang/NoSuchMethodError'{0x0000000710cef640}: 'java.lang.Object java.lang.invoke.DirectMethodHandle$Holder.invokeSpecial(java.lang.Object, java.lang.Object, java.lang.Object, int, int, java.lang.Object, java.lang.Object, java.lang.Object)'> (0x0000000710cef640) 
thrown [t:\workspace\open\src\hotspot\share\interpreter\linkResolver.cpp, line 766]
Event: 29.356 Thread 0x000001faea861380 Implicit null exception at 0x000001fa886d4524 to 0x000001fa886d52e0
Event: 30.660 Thread 0x000001faea861380 Implicit null exception at 0x000001fa88636ac3 to 0x000001fa886371f8
Event: 34.336 Thread 0x000001faea861380 Implicit null exception at 0x000001fa886c8235 to 0x000001fa886c8432
Event: 34.372 Thread 0x000001faea861380 Implicit null exception at 0x000001fa888e0902 to 0x000001fa888e0c64
Event: 34.408 Thread 0x000001faea861380 Implicit null exception at 0x000001fa889487e6 to 0x000001fa88948896
Event: 34.494 Thread 0x000001faea861380 Implicit null exception at 0x000001fa888b9b48 to 0x000001fa888bb890
Event: 36.548 Thread 0x000001faea861380 Implicit null exception at 0x000001fa889e0b37 to 0x000001fa889e0d10
Event: 37.334 Thread 0x000001faea861380 Implicit null exception at 0x000001fa889d5e9c to 0x000001fa889daaf8

VM Operations (20 events):
Event: 39.639 Executing VM operation: ICBufferFull done
Event: 39.956 Executing VM operation: ICBufferFull
Event: 39.956 Executing VM operation: ICBufferFull done
Event: 39.970 Executing VM operation: HandshakeAllThreads
Event: 39.970 Executing VM operation: HandshakeAllThreads done
Event: 40.098 Executing VM operation: ICBufferFull
Event: 40.099 Executing VM operation: ICBufferFull done
Event: 40.119 Executing VM operation: G1CollectForAllocation
Event: 40.132 Executing VM operation: G1CollectForAllocation done
Event: 40.375 Executing VM operation: HandshakeAllThreads
Event: 40.375 Executing VM operation: HandshakeAllThreads done
Event: 40.466 Executing VM operation: ICBufferFull
Event: 40.466 Executing VM operation: ICBufferFull done
Event: 40.734 Executing VM operation: ICBufferFull
Event: 40.734 Executing VM operation: ICBufferFull done
Event: 40.804 Executing VM operation: G1CollectForAllocation
Event: 40.823 Executing VM operation: G1CollectForAllocation done
Event: 41.048 Executing VM operation: ICBufferFull
Event: 41.048 Executing VM operation: ICBufferFull done
Event: 41.281 Executing VM operation: G1CollectForAllocation

Events (20 events):
Event: 40.425 Thread 0x000001fafe405f40 flushing nmethod 0x000001fa83f90c90
Event: 40.425 Thread 0x000001fafe405f40 flushing nmethod 0x000001fa83f91910
Event: 40.425 Thread 0x000001fafe405f40 flushing nmethod 0x000001fa83f94010
Event: 40.425 Thread 0x000001fafe405f40 flushing nmethod 0x000001fa83fac590
Event: 40.425 Thread 0x000001fafe405f40 flushing nmethod 0x000001fa83fb0190
Event: 40.425 Thread 0x000001fafe405f40 flushing nmethod 0x000001fa83fd5390
Event: 40.425 Thread 0x000001fafe405f40 flushing nmethod 0x000001fa83fea610
Event: 40.425 Thread 0x000001fafe405f40 flushing nmethod 0x000001fa83fece90
Event: 40.425 Thread 0x000001fafe405f40 flushing nmethod 0x000001fa83ff2110
Event: 40.425 Thread 0x000001fafe405f40 flushing nmethod 0x000001fa84002510
Event: 40.425 Thread 0x000001fafe405f40 flushing nmethod 0x000001fa84018f10
Event: 40.425 Thread 0x000001fafe405f40 flushing nmethod 0x000001fa8401d690
Event: 40.425 Thread 0x000001fafe405f40 flushing nmethod 0x000001fa84028090
Event: 40.425 Thread 0x000001fafe405f40 flushing nmethod 0x000001fa84048e10
Event: 40.425 Thread 0x000001fafe405f40 flushing nmethod 0x000001fa8404d690
Event: 40.425 Thread 0x000001fafe405f40 flushing nmethod 0x000001fa8404e610
Event: 40.425 Thread 0x000001fafe405f40 flushing nmethod 0x000001fa8405b710
Event: 40.425 Thread 0x000001fafe405f40 flushing nmethod 0x000001fa84060710
Event: 40.425 Thread 0x000001fafe405f40 flushing nmethod 0x000001fa84063490
Event: 40.425 Thread 0x000001fafe405f40 flushing nmethod 0x000001fa8407d190


Dynamic libraries:
0x00007ff794c70000 - 0x00007ff794c7e000 	C:\Program Files\Java\jdk-17.0.1\bin\java.exe
0x00007ffe23150000 - 0x00007ffe23348000 	C:\Windows\SYSTEM32\ntdll.dll
0x00007ffe21a30000 - 0x00007ffe21aef000 	C:\Windows\System32\KERNEL32.DLL
0x00007ffe20d80000 - 0x00007ffe21076000 	C:\Windows\System32\KERNELBASE.dll
0x00007ffe20910000 - 0x00007ffe20a10000 	C:\Windows\System32\ucrtbase.dll
0x00007ffdee490000 - 0x00007ffdee4a8000 	C:\Program Files\Java\jdk-17.0.1\bin\jli.dll
0x00007ffdedfc0000 - 0x00007ffdedfda000 	C:\Program Files\Java\jdk-17.0.1\bin\VCRUNTIME140.dll
0x00007ffe211b0000 - 0x00007ffe2134d000 	C:\Windows\System32\USER32.dll
0x00007ffe0c7a0000 - 0x00007ffe0ca3a000 	C:\Windows\WinSxS\amd64_microsoft.windows.common-controls_6595b64144ccf1df_6.0.19041.1110_none_60b5254171f9507e\COMCTL32.dll
0x00007ffe20d50000 - 0x00007ffe20d72000 	C:\Windows\System32\win32u.dll
0x00007ffe21560000 - 0x00007ffe2158c000 	C:\Windows\System32\GDI32.dll
0x00007ffe21590000 - 0x00007ffe2162e000 	C:\Windows\System32\msvcrt.dll
0x00007ffe20be0000 - 0x00007ffe20cf5000 	C:\Windows\System32\gdi32full.dll
0x00007ffe21080000 - 0x00007ffe2111d000 	C:\Windows\System32\msvcp_win.dll
0x00007ffe23050000 - 0x00007ffe23080000 	C:\Windows\System32\IMM32.DLL
0x00007ffe1bab0000 - 0x00007ffe1babc000 	C:\Program Files\Java\jdk-17.0.1\bin\vcruntime140_1.dll
0x00007ffded560000 - 0x00007ffded5ed000 	C:\Program Files\Java\jdk-17.0.1\bin\msvcp140.dll
0x00007ffd53dd0000 - 0x00007ffd5498e000 	C:\Program Files\Java\jdk-17.0.1\bin\server\jvm.dll
0x00007ffe21630000 - 0x00007ffe216df000 	C:\Windows\System32\ADVAPI32.dll
0x00007ffe216e0000 - 0x00007ffe2177c000 	C:\Windows\System32\sechost.dll
0x00007ffe21850000 - 0x00007ffe21976000 	C:\Windows\System32\RPCRT4.dll
0x00007ffe23100000 - 0x00007ffe23108000 	C:\Windows\System32\PSAPI.DLL
0x00007ffdfd280000 - 0x00007ffdfd289000 	C:\Windows\SYSTEM32\WSOCK32.dll
0x00007ffe21ba0000 - 0x00007ffe21c0b000 	C:\Windows\System32\WS2_32.dll
0x00007ffe0b670000 - 0x00007ffe0b697000 	C:\Windows\SYSTEM32\WINMM.dll
0x00007ffe128f0000 - 0x00007ffe128fa000 	C:\Windows\SYSTEM32\VERSION.dll
0x00007ffe1f030000 - 0x00007ffe1f042000 	C:\Windows\SYSTEM32\kernel.appcore.dll
0x00007ffe17d70000 - 0x00007ffe17d7a000 	C:\Program Files\Java\jdk-17.0.1\bin\jimage.dll
0x00007ffe1e510000 - 0x00007ffe1e6f4000 	C:\Windows\SYSTEM32\DBGHELP.DLL
0x00007ffe02c00000 - 0x00007ffe02c34000 	C:\Windows\SYSTEM32\dbgcore.DLL
0x00007ffe21120000 - 0x00007ffe211a2000 	C:\Windows\System32\bcryptPrimitives.dll
0x00007ffded6b0000 - 0x00007ffded6d5000 	C:\Program Files\Java\jdk-17.0.1\bin\java.dll
0x00007ffdd8a70000 - 0x00007ffdd8b46000 	C:\Program Files\Java\jdk-17.0.1\bin\svml.dll
0x00007ffe22700000 - 0x00007ffe22e44000 	C:\Windows\System32\SHELL32.dll
0x00007ffe1e890000 - 0x00007ffe1f023000 	C:\Windows\SYSTEM32\windows.storage.dll
0x00007ffe21c70000 - 0x00007ffe21fc4000 	C:\Windows\System32\combase.dll
0x00007ffe20290000 - 0x00007ffe202be000 	C:\Windows\SYSTEM32\Wldp.dll
0x00007ffe21af0000 - 0x00007ffe21b9d000 	C:\Windows\System32\SHCORE.dll
0x00007ffe21c10000 - 0x00007ffe21c65000 	C:\Windows\System32\shlwapi.dll
0x00007ffe20770000 - 0x00007ffe2078f000 	C:\Windows\SYSTEM32\profapi.dll
0x00007ffded820000 - 0x00007ffded839000 	C:\Program Files\Java\jdk-17.0.1\bin\net.dll
0x00007ffe1a5f0000 - 0x00007ffe1a6fa000 	C:\Windows\SYSTEM32\WINHTTP.dll
0x00007ffe1fff0000 - 0x00007ffe2005a000 	C:\Windows\system32\mswsock.dll
0x00007ffded7b0000 - 0x00007ffded7c5000 	C:\Program Files\Java\jdk-17.0.1\bin\nio.dll
0x00007ffded690000 - 0x00007ffded6a8000 	C:\Program Files\Java\jdk-17.0.1\bin\zip.dll
0x00007ffe175b0000 - 0x00007ffe175c0000 	C:\Program Files\Java\jdk-17.0.1\bin\verify.dll

dbghelp: loaded successfully - version: 4.0.5 - missing functions: none
symbol engine: initialized successfully - sym options: 0x614 - pdb path: .;C:\Program Files\Java\jdk-17.0.1\bin;C:\Windows\SYSTEM32;C:\Windows\WinSxS\amd64_microsoft.windows.common-controls_6595b64144ccf1df_6.0.19041.1110_none_60b5254171f9507e;C:\Program Files\Java\jdk-17.0.1\bin\server

VM Arguments:
java_command: org.jetbrains.kotlin.cli.jvm.K2JVMCompiler @E:\Programming\Kotlin\AndroidStudioProjects\KariraApp\app\build\20230612_1762505398569334446.compiler.options
java_class_path (initial): C:\Users\ekiri\.gradle\caches\modules-2\files-2.1\org.jetbrains.kotlin\kotlin-compiler-embeddable\1.7.20\8db18559a581dd2c36ddfd5046af145650f5b126\kotlin-compiler-embeddable-1.7.20.jar;C:\Users\ekiri\.gradle\caches\modules-2\files-2.1\org.jetbrains.kotlin\kotlin-reflect\1.7.20\12b2501e33bb6373e8e347c86d85481863629381\kotlin-reflect-1.7.20.jar;C:\Users\ekiri\.gradle\caches\modules-2\files-2.1\org.jetbrains.kotlin\kotlin-stdlib\1.7.20\726594ea9ba2beb2ee113647fefa9a10f9fabe52\kotlin-stdlib-1.7.20.jar;C:\Users\ekiri\.gradle\caches\modules-2\files-2.1\org.jetbrains.kotlin\kotlin-script-runtime\1.7.20\bcd1cc6f865e632550357fcc59f5ffd532615a8\kotlin-script-runtime-1.7.20.jar;C:\Users\ekiri\.gradle\caches\modules-2\files-2.1\org.jetbrains.kotlin\kotlin-daemon-embeddable\1.7.20\1e24355adad8d529d75d5b19eab55484057431ba\kotlin-daemon-embeddable-1.7.20.jar;C:\Users\ekiri\.gradle\caches\modules-2\files-2.1\org.jetbrains.intellij.deps\trove4j\1.0.20200330\3afb14d5f9ceb459d724e907a21145e8ff394f02\trove4j-1.0.20200330.jar;C:\Users\ekiri\.gradle\caches\modules-2\files-2.1\net.java.dev.jna\jna\5.6.0\330f2244e9030119ab3030fc3fededc86713d9cc\jna-5.6.0.jar;C:\Users\ekiri\.gradle\caches\modules-2\files-2.1\org.jetbrains.kotlin\kotlin-stdlib-common\1.7.20\e15351bdaf9fa06f009be5da7a202e4184f00ae3\kotlin-stdlib-common-1.7.20.jar;C:\Users\ekiri\.gradle\caches\modules-2\files-2.1\org.jetbrains\annotations\13.0\919f0dfe192fb4e063e7dacadee7f8bb9a2672a9\annotations-13.0.jar
Launcher Type: SUN_STANDARD

[Global flags]
     intx CICompilerCount                          = 4                                         {product} {ergonomic}
     uint ConcGCThreads                            = 2                                         {product} {ergonomic}
     uint G1ConcRefinementThreads                  = 8                                         {product} {ergonomic}
   size_t G1HeapRegionSize                         = 2097152                                   {product} {ergonomic}
    uintx GCDrainStackTargetSize                   = 64                                        {product} {ergonomic}
   size_t InitialHeapSize                          = 266338304                                 {product} {ergonomic}
   size_t MarkStackSize                            = 4194304                                   {product} {ergonomic}
   size_t MaxHeapSize                              = 4238344192                                {product} {ergonomic}
   size_t MaxNewSize                               = 2541748224                                {product} {ergonomic}
   size_t MinHeapDeltaBytes                        = 2097152                                   {product} {ergonomic}
   size_t MinHeapSize                              = 8388608                                   {product} {ergonomic}
    uintx NonNMethodCodeHeapSize                   = 5839372                                {pd product} {ergonomic}
    uintx NonProfiledCodeHeapSize                  = 122909434                              {pd product} {ergonomic}
    uintx ProfiledCodeHeapSize                     = 122909434                              {pd product} {ergonomic}
    uintx ReservedCodeCacheSize                    = 251658240                              {pd product} {ergonomic}
     bool SegmentedCodeCache                       = true                                      {product} {ergonomic}
   size_t SoftMaxHeapSize                          = 4238344192                             {manageable} {ergonomic}
     bool UseCompressedClassPointers               = true                           {product lp64_product} {ergonomic}
     bool UseCompressedOops                        = true                           {product lp64_product} {ergonomic}
     bool UseG1GC                                  = true                                      {product} {ergonomic}
     bool UseLargePagesIndividualAllocation        = false                                  {pd product} {ergonomic}

Logging:
Log output configuration:
 #0: stdout all=warning uptime,level,tags
 #1: stderr all=off uptime,level,tags

Environment Variables:
JAVA_HOME=C:\Program Files\Java\jdk-17.0.1
PATH=C:\ProgramData\scoop\shims;C:\Program Files\Common Files\Oracle\Java\javapath;C:\Python39\Scripts\;C:\Python39\;C:\Windows\system32;C:\Windows;C:\Windows\System32\Wbem;C:\Windows\System32\WindowsPowerShell\v1.0\;C:\Windows\System32\OpenSSH\;C:\Program Files (x86)\NVIDIA Corporation\PhysX\Common;C:\Program Files\NVIDIA Corporation\NVIDIA NvDLISR;C:\ProgramData\chocolatey\bin;C:\Program Files\Git\cmd;C:\Program Files\PuTTY\;C:\ProgramData\ComposerSetup\bin;C:\xampp\php;C:\Program Files\Go\bin;C:\Gradle\gradle-7.4.2\bin;C:\Program Files\dotnet\;C:\Program Files\OpenSSL-Win64\bin;C:\Program Files\Erlang OTP\bin;C:\Program Files (x86)\Elixir\bin;C:\Windows\system32\config\systemprofile\.mix\escripts;E:\sonarqube\sonar-scanner-4.8.0.2856-windows\bin;C:\Users\ekiri\AppData\Roaming\nvm;C:\Program Files\nodejs;C:\Program Files\Docker\Docker\resources\bin;C:\Program Files\Cloudflare\Cloudflare WARP\;C:\Program Files\Java\jdk-17.0.1\bin;C:\Users\ekiri\AppData\Local\Programs\Python\Python310\Scripts\;C:\Users\ekiri\AppData\Local\Programs\Python\Python310\;C:\Users\ekiri\scoop\shims;C:\Users\ekiri\AppData\Local\Microsoft\WindowsApps;C:\Users\ekiri\AppData\Local\Programs\Microsoft VS Code\bin;C:\Users\ekiri\AppData\Local\GitHubDesktop\bin;C:\src\flutter\bin;C:\Program Files\heroku\bin;C:\Program Files\PostgreSQL\14\bin;C:\Users\ekiri\AppData\Roaming\Composer\vendor\bin;C:\Users\ekiri\go\bin;C:\Users\ekiri\AppData\Roaming\npm;C:\Users\ekiri\AppData\Roaming\cabal\bin;C:\tools\ghc-9.4.2\bin;C:\Users\ekiri\AppData\Roaming\local\bin;C:\Program Files\Erlang OTP\bin;C:\tools\dart-sdk\bin;C:\Users\ekiri\AppData\Roaming\Pub\Cache\bin;C:\Users\ekiri\AppData\Local\Google\Cloud SDK\google-cloud-sdk\bin;C:\Users\ekiri\.fly\bin;E:\sonarqube\sonar-scanner-4.8.0.2856-windows\bin;C:\Users\ekiri\AppData\Roaming\nvm;C:\Program Files\nodejs;
USERNAME=ekiri
OS=Windows_NT
PROCESSOR_IDENTIFIER=Intel64 Family 6 Model 140 Stepping 1, GenuineIntel



---------------  S Y S T E M  ---------------

OS:
 Windows 10 , 64 bit Build 19041 (10.0.19041.2913)
OS uptime: 0 days 20:32 hours
Hyper-V role detected

CPU: total 8 (initial active 8) (4 cores per cpu, 2 threads per core) family 6 model 140 stepping 1 microcode 0x8a, cx8, cmov, fxsr, ht, mmx, 3dnowpref, sse, sse2, sse3, ssse3, sse4.1, sse4.2, popcnt, lzcnt, tsc, tscinvbit, avx, avx2, aes, erms, clmul, bmi1, bmi2, adx, avx512f, avx512dq, avx512cd, avx512bw, avx512vl, sha, fma, vzeroupper, avx512_vpopcntdq, avx512_vpclmulqdq, avx512_vaes, avx512_vnni, clflush, clflushopt, clwb, avx512_vbmi2, avx512_vbmi, hv

Memory: 4k page, system-wide physical 16167M (710M free)
TotalPageFile size 35331M (AvailPageFile size 132M)
current process WorkingSet (physical memory assigned to process): 712M, peak: 717M
current process commit charge ("private bytes"): 755M, peak: 964M

vm_info: OpenJDK 64-Bit Server VM (17.0.1+12-39) for windows-amd64 JRE (17.0.1+12-39), built on Sep 27 2021 18:39:29 by "mach5one" with MS VC++ 16.8 (VS2019)

END.
